[2.506s] Invoking command in '/home/scott/chapter8/chapter8_ws/build/autopatrol_interfaces': CMAKE_PREFIX_PATH=${CMAKE_PREFIX_PATH}:/mnt/e/Dev_ws/install/learning_urdf:/mnt/e/Dev_ws/install/learning_topic:/mnt/e/Dev_ws/install/learning_tf:/mnt/e/Dev_ws/install/learning_service:/mnt/e/Dev_ws/install/learning_qos:/mnt/e/Dev_ws/install/learning_pkg_python:/mnt/e/Dev_ws/install/learning_parameter:/mnt/e/Dev_ws/install/learning_node:/mnt/e/Dev_ws/install/learning_launch:/mnt/e/Dev_ws/install/learning_action:/mnt/e/Dev_ws/install/learning_gazebo_harmonic:/mnt/e/Dev_ws/install/learning_gazebo:/mnt/e/Dev_ws/install/learning_cv:/mnt/e/Dev_ws/install/demo_python_pkg:/opt/ros/humble /usr/bin/cmake --build /home/scott/chapter8/chapter8_ws/build/autopatrol_interfaces -- -j16 -l16
[15.734s] [35m[1mConsolidate compiler generated dependencies of target autopatrol_interfaces__rosidl_generator_c[0m
[15.734s] [  3%] Built target autopatrol_interfaces__cpp
[15.734s] [ 12%] Built target autopatrol_interfaces__rosidl_generator_c
[15.734s] [ 12%] Built target ament_cmake_python_copy_autopatrol_interfaces
[15.734s] [35m[1mConsolidate compiler generated dependencies of target autopatrol_interfaces__rosidl_typesupport_introspection_cpp[0m
[15.734s] [35m[1mConsolidate compiler generated dependencies of target autopatrol_interfaces__rosidl_typesupport_cpp[0m
[15.734s] [35m[1mConsolidate compiler generated dependencies of target autopatrol_interfaces__rosidl_typesupport_fastrtps_cpp[0m
[15.734s] [35m[1mConsolidate compiler generated dependencies of target autopatrol_interfaces__rosidl_typesupport_introspection_c[0m
[15.734s] [35m[1mConsolidate compiler generated dependencies of target autopatrol_interfaces__rosidl_typesupport_c[0m
[15.734s] [35m[1mConsolidate compiler generated dependencies of target autopatrol_interfaces__rosidl_typesupport_fastrtps_c[0m
[15.734s] [ 22%] Built target autopatrol_interfaces__rosidl_typesupport_cpp
[15.735s] [ 32%] Built target autopatrol_interfaces__rosidl_typesupport_introspection_cpp
[15.735s] [ 41%] Built target autopatrol_interfaces__rosidl_typesupport_introspection_c
[15.735s] [ 51%] Built target autopatrol_interfaces__rosidl_typesupport_c
[15.735s] [ 61%] Built target autopatrol_interfaces__rosidl_typesupport_fastrtps_cpp
[15.735s] [ 70%] Built target autopatrol_interfaces__rosidl_typesupport_fastrtps_c
[15.735s] [ 70%] Built target autopatrol_interfaces
[15.735s] [ 74%] Built target autopatrol_interfaces__py
[15.735s] [35m[1mConsolidate compiler generated dependencies of target autopatrol_interfaces__rosidl_generator_py[0m
[15.735s] [ 80%] Built target autopatrol_interfaces__rosidl_generator_py
[15.735s] [35m[1mConsolidate compiler generated dependencies of target autopatrol_interfaces__rosidl_typesupport_fastrtps_c__pyext[0m
[15.735s] [35m[1mConsolidate compiler generated dependencies of target autopatrol_interfaces__rosidl_typesupport_c__pyext[0m
[15.735s] [35m[1mConsolidate compiler generated dependencies of target autopatrol_interfaces__rosidl_typesupport_introspection_c__pyext[0m
[15.735s] [ 87%] Built target autopatrol_interfaces__rosidl_typesupport_fastrtps_c__pyext
[15.736s] [ 93%] Built target autopatrol_interfaces__rosidl_typesupport_c__pyext
[15.736s] [100%] Built target autopatrol_interfaces__rosidl_typesupport_introspection_c__pyext
[15.736s] running egg_info
[15.736s] writing autopatrol_interfaces.egg-info/PKG-INFO
[15.736s] writing dependency_links to autopatrol_interfaces.egg-info/dependency_links.txt
[15.736s] writing top-level names to autopatrol_interfaces.egg-info/top_level.txt
[15.736s] reading manifest file 'autopatrol_interfaces.egg-info/SOURCES.txt'
[15.736s] writing manifest file 'autopatrol_interfaces.egg-info/SOURCES.txt'
[15.736s] [100%] Built target ament_cmake_python_build_autopatrol_interfaces_egg
[15.746s] Invoked command in '/home/scott/chapter8/chapter8_ws/build/autopatrol_interfaces' returned '0': CMAKE_PREFIX_PATH=${CMAKE_PREFIX_PATH}:/mnt/e/Dev_ws/install/learning_urdf:/mnt/e/Dev_ws/install/learning_topic:/mnt/e/Dev_ws/install/learning_tf:/mnt/e/Dev_ws/install/learning_service:/mnt/e/Dev_ws/install/learning_qos:/mnt/e/Dev_ws/install/learning_pkg_python:/mnt/e/Dev_ws/install/learning_parameter:/mnt/e/Dev_ws/install/learning_node:/mnt/e/Dev_ws/install/learning_launch:/mnt/e/Dev_ws/install/learning_action:/mnt/e/Dev_ws/install/learning_gazebo_harmonic:/mnt/e/Dev_ws/install/learning_gazebo:/mnt/e/Dev_ws/install/learning_cv:/mnt/e/Dev_ws/install/demo_python_pkg:/opt/ros/humble /usr/bin/cmake --build /home/scott/chapter8/chapter8_ws/build/autopatrol_interfaces -- -j16 -l16
[15.781s] Invoking command in '/home/scott/chapter8/chapter8_ws/build/autopatrol_interfaces': CMAKE_PREFIX_PATH=${CMAKE_PREFIX_PATH}:/mnt/e/Dev_ws/install/learning_urdf:/mnt/e/Dev_ws/install/learning_topic:/mnt/e/Dev_ws/install/learning_tf:/mnt/e/Dev_ws/install/learning_service:/mnt/e/Dev_ws/install/learning_qos:/mnt/e/Dev_ws/install/learning_pkg_python:/mnt/e/Dev_ws/install/learning_parameter:/mnt/e/Dev_ws/install/learning_node:/mnt/e/Dev_ws/install/learning_launch:/mnt/e/Dev_ws/install/learning_action:/mnt/e/Dev_ws/install/learning_gazebo_harmonic:/mnt/e/Dev_ws/install/learning_gazebo:/mnt/e/Dev_ws/install/learning_cv:/mnt/e/Dev_ws/install/demo_python_pkg:/opt/ros/humble /usr/bin/cmake --install /home/scott/chapter8/chapter8_ws/build/autopatrol_interfaces
[15.817s] -- Install configuration: ""
[15.817s] -- Up-to-date: /home/scott/chapter8/chapter8_ws/install/autopatrol_interfaces/share/ament_index/resource_index/rosidl_interfaces/autopatrol_interfaces
[15.817s] -- Up-to-date: /home/scott/chapter8/chapter8_ws/install/autopatrol_interfaces/include/autopatrol_interfaces/autopatrol_interfaces
[15.817s] -- Up-to-date: /home/scott/chapter8/chapter8_ws/install/autopatrol_interfaces/include/autopatrol_interfaces/autopatrol_interfaces/srv
[15.817s] -- Up-to-date: /home/scott/chapter8/chapter8_ws/install/autopatrol_interfaces/include/autopatrol_interfaces/autopatrol_interfaces/srv/detail
[15.817s] -- Up-to-date: /home/scott/chapter8/chapter8_ws/install/autopatrol_interfaces/include/autopatrol_interfaces/autopatrol_interfaces/srv/detail/speech_text__functions.c
[15.817s] -- Up-to-date: /home/scott/chapter8/chapter8_ws/install/autopatrol_interfaces/include/autopatrol_interfaces/autopatrol_interfaces/srv/detail/speech_text__functions.h
[15.817s] -- Up-to-date: /home/scott/chapter8/chapter8_ws/install/autopatrol_interfaces/include/autopatrol_interfaces/autopatrol_interfaces/srv/detail/speech_text__type_support.h
[15.818s] -- Up-to-date: /home/scott/chapter8/chapter8_ws/install/autopatrol_interfaces/include/autopatrol_interfaces/autopatrol_interfaces/srv/detail/speech_text__struct.h
[15.818s] -- Up-to-date: /home/scott/chapter8/chapter8_ws/install/autopatrol_interfaces/include/autopatrol_interfaces/autopatrol_interfaces/srv/speech_text.h
[15.818s] -- Up-to-date: /home/scott/chapter8/chapter8_ws/install/autopatrol_interfaces/include/autopatrol_interfaces/autopatrol_interfaces/msg
[15.818s] -- Up-to-date: /home/scott/chapter8/chapter8_ws/install/autopatrol_interfaces/include/autopatrol_interfaces/autopatrol_interfaces/msg/rosidl_generator_c__visibility_control.h
[15.818s] -- Up-to-date: /home/scott/chapter8/chapter8_ws/install/autopatrol_interfaces/share/autopatrol_interfaces/environment/library_path.sh
[15.818s] -- Installing: /home/scott/chapter8/chapter8_ws/install/autopatrol_interfaces/share/autopatrol_interfaces/environment/library_path.dsv
[15.818s] -- Up-to-date: /home/scott/chapter8/chapter8_ws/install/autopatrol_interfaces/lib/libautopatrol_interfaces__rosidl_generator_c.so
[15.818s] -- Up-to-date: /home/scott/chapter8/chapter8_ws/install/autopatrol_interfaces/include/autopatrol_interfaces/autopatrol_interfaces
[15.819s] -- Up-to-date: /home/scott/chapter8/chapter8_ws/install/autopatrol_interfaces/include/autopatrol_interfaces/autopatrol_interfaces/srv
[15.819s] -- Up-to-date: /home/scott/chapter8/chapter8_ws/install/autopatrol_interfaces/include/autopatrol_interfaces/autopatrol_interfaces/srv/detail
[15.819s] -- Up-to-date: /home/scott/chapter8/chapter8_ws/install/autopatrol_interfaces/include/autopatrol_interfaces/autopatrol_interfaces/srv/detail/speech_text__rosidl_typesupport_fastrtps_c.h
[15.819s] -- Up-to-date: /home/scott/chapter8/chapter8_ws/install/autopatrol_interfaces/include/autopatrol_interfaces/autopatrol_interfaces/msg
[15.819s] -- Up-to-date: /home/scott/chapter8/chapter8_ws/install/autopatrol_interfaces/include/autopatrol_interfaces/autopatrol_interfaces/msg/rosidl_typesupport_fastrtps_c__visibility_control.h
[15.819s] -- Up-to-date: /home/scott/chapter8/chapter8_ws/install/autopatrol_interfaces/lib/libautopatrol_interfaces__rosidl_typesupport_fastrtps_c.so
[15.819s] -- Up-to-date: /home/scott/chapter8/chapter8_ws/install/autopatrol_interfaces/include/autopatrol_interfaces/autopatrol_interfaces
[15.820s] -- Up-to-date: /home/scott/chapter8/chapter8_ws/install/autopatrol_interfaces/include/autopatrol_interfaces/autopatrol_interfaces/srv
[15.820s] -- Up-to-date: /home/scott/chapter8/chapter8_ws/install/autopatrol_interfaces/include/autopatrol_interfaces/autopatrol_interfaces/srv/detail
[15.820s] -- Up-to-date: /home/scott/chapter8/chapter8_ws/install/autopatrol_interfaces/include/autopatrol_interfaces/autopatrol_interfaces/srv/detail/speech_text__rosidl_typesupport_introspection_c.h
[15.820s] -- Up-to-date: /home/scott/chapter8/chapter8_ws/install/autopatrol_interfaces/include/autopatrol_interfaces/autopatrol_interfaces/srv/detail/speech_text__type_support.c
[15.820s] -- Up-to-date: /home/scott/chapter8/chapter8_ws/install/autopatrol_interfaces/include/autopatrol_interfaces/autopatrol_interfaces/msg
[15.820s] -- Up-to-date: /home/scott/chapter8/chapter8_ws/install/autopatrol_interfaces/include/autopatrol_interfaces/autopatrol_interfaces/msg/rosidl_typesupport_introspection_c__visibility_control.h
[15.821s] -- Up-to-date: /home/scott/chapter8/chapter8_ws/install/autopatrol_interfaces/lib/libautopatrol_interfaces__rosidl_typesupport_introspection_c.so
[15.821s] -- Up-to-date: /home/scott/chapter8/chapter8_ws/install/autopatrol_interfaces/lib/libautopatrol_interfaces__rosidl_typesupport_c.so
[15.821s] -- Up-to-date: /home/scott/chapter8/chapter8_ws/install/autopatrol_interfaces/include/autopatrol_interfaces/autopatrol_interfaces
[15.821s] -- Up-to-date: /home/scott/chapter8/chapter8_ws/install/autopatrol_interfaces/include/autopatrol_interfaces/autopatrol_interfaces/srv
[15.821s] -- Up-to-date: /home/scott/chapter8/chapter8_ws/install/autopatrol_interfaces/include/autopatrol_interfaces/autopatrol_interfaces/srv/speech_text.hpp
[15.821s] -- Up-to-date: /home/scott/chapter8/chapter8_ws/install/autopatrol_interfaces/include/autopatrol_interfaces/autopatrol_interfaces/srv/detail
[15.822s] -- Up-to-date: /home/scott/chapter8/chapter8_ws/install/autopatrol_interfaces/include/autopatrol_interfaces/autopatrol_interfaces/srv/detail/speech_text__traits.hpp
[15.822s] -- Up-to-date: /home/scott/chapter8/chapter8_ws/install/autopatrol_interfaces/include/autopatrol_interfaces/autopatrol_interfaces/srv/detail/speech_text__builder.hpp
[15.822s] -- Up-to-date: /home/scott/chapter8/chapter8_ws/install/autopatrol_interfaces/include/autopatrol_interfaces/autopatrol_interfaces/srv/detail/speech_text__struct.hpp
[15.822s] -- Up-to-date: /home/scott/chapter8/chapter8_ws/install/autopatrol_interfaces/include/autopatrol_interfaces/autopatrol_interfaces/srv/detail/speech_text__type_support.hpp
[15.822s] -- Up-to-date: /home/scott/chapter8/chapter8_ws/install/autopatrol_interfaces/include/autopatrol_interfaces/autopatrol_interfaces/msg
[15.822s] -- Up-to-date: /home/scott/chapter8/chapter8_ws/install/autopatrol_interfaces/include/autopatrol_interfaces/autopatrol_interfaces/msg/rosidl_generator_cpp__visibility_control.hpp
[15.822s] -- Up-to-date: /home/scott/chapter8/chapter8_ws/install/autopatrol_interfaces/include/autopatrol_interfaces/autopatrol_interfaces
[15.822s] -- Up-to-date: /home/scott/chapter8/chapter8_ws/install/autopatrol_interfaces/include/autopatrol_interfaces/autopatrol_interfaces/srv
[15.822s] -- Up-to-date: /home/scott/chapter8/chapter8_ws/install/autopatrol_interfaces/include/autopatrol_interfaces/autopatrol_interfaces/srv/detail
[15.822s] -- Up-to-date: /home/scott/chapter8/chapter8_ws/install/autopatrol_interfaces/include/autopatrol_interfaces/autopatrol_interfaces/srv/detail/dds_fastrtps
[15.822s] -- Up-to-date: /home/scott/chapter8/chapter8_ws/install/autopatrol_interfaces/include/autopatrol_interfaces/autopatrol_interfaces/srv/detail/speech_text__rosidl_typesupport_fastrtps_cpp.hpp
[15.823s] -- Up-to-date: /home/scott/chapter8/chapter8_ws/install/autopatrol_interfaces/include/autopatrol_interfaces/autopatrol_interfaces/msg
[15.823s] -- Up-to-date: /home/scott/chapter8/chapter8_ws/install/autopatrol_interfaces/include/autopatrol_interfaces/autopatrol_interfaces/msg/rosidl_typesupport_fastrtps_cpp__visibility_control.h
[15.823s] -- Up-to-date: /home/scott/chapter8/chapter8_ws/install/autopatrol_interfaces/lib/libautopatrol_interfaces__rosidl_typesupport_fastrtps_cpp.so
[15.823s] -- Up-to-date: /home/scott/chapter8/chapter8_ws/install/autopatrol_interfaces/include/autopatrol_interfaces/autopatrol_interfaces
[15.823s] -- Up-to-date: /home/scott/chapter8/chapter8_ws/install/autopatrol_interfaces/include/autopatrol_interfaces/autopatrol_interfaces/srv
[15.823s] -- Up-to-date: /home/scott/chapter8/chapter8_ws/install/autopatrol_interfaces/include/autopatrol_interfaces/autopatrol_interfaces/srv/detail
[15.823s] -- Up-to-date: /home/scott/chapter8/chapter8_ws/install/autopatrol_interfaces/include/autopatrol_interfaces/autopatrol_interfaces/srv/detail/speech_text__type_support.cpp
[15.823s] -- Up-to-date: /home/scott/chapter8/chapter8_ws/install/autopatrol_interfaces/include/autopatrol_interfaces/autopatrol_interfaces/srv/detail/speech_text__rosidl_typesupport_introspection_cpp.hpp
[15.823s] -- Up-to-date: /home/scott/chapter8/chapter8_ws/install/autopatrol_interfaces/lib/libautopatrol_interfaces__rosidl_typesupport_introspection_cpp.so
[15.823s] -- Up-to-date: /home/scott/chapter8/chapter8_ws/install/autopatrol_interfaces/lib/libautopatrol_interfaces__rosidl_typesupport_cpp.so
[15.824s] -- Up-to-date: /home/scott/chapter8/chapter8_ws/install/autopatrol_interfaces/share/autopatrol_interfaces/environment/pythonpath.sh
[15.824s] -- Installing: /home/scott/chapter8/chapter8_ws/install/autopatrol_interfaces/share/autopatrol_interfaces/environment/pythonpath.dsv
[15.824s] -- Up-to-date: /home/scott/chapter8/chapter8_ws/install/autopatrol_interfaces/local/lib/python3.10/dist-packages/autopatrol_interfaces-0.0.0-py3.10.egg-info
[15.824s] -- Installing: /home/scott/chapter8/chapter8_ws/install/autopatrol_interfaces/local/lib/python3.10/dist-packages/autopatrol_interfaces-0.0.0-py3.10.egg-info/PKG-INFO
[15.824s] -- Installing: /home/scott/chapter8/chapter8_ws/install/autopatrol_interfaces/local/lib/python3.10/dist-packages/autopatrol_interfaces-0.0.0-py3.10.egg-info/top_level.txt
[15.824s] -- Installing: /home/scott/chapter8/chapter8_ws/install/autopatrol_interfaces/local/lib/python3.10/dist-packages/autopatrol_interfaces-0.0.0-py3.10.egg-info/dependency_links.txt
[15.824s] -- Installing: /home/scott/chapter8/chapter8_ws/install/autopatrol_interfaces/local/lib/python3.10/dist-packages/autopatrol_interfaces-0.0.0-py3.10.egg-info/SOURCES.txt
[15.824s] -- Up-to-date: /home/scott/chapter8/chapter8_ws/install/autopatrol_interfaces/local/lib/python3.10/dist-packages/autopatrol_interfaces
[15.825s] -- Up-to-date: /home/scott/chapter8/chapter8_ws/install/autopatrol_interfaces/local/lib/python3.10/dist-packages/autopatrol_interfaces/_autopatrol_interfaces_s.ep.rosidl_typesupport_c.c
[15.825s] -- Up-to-date: /home/scott/chapter8/chapter8_ws/install/autopatrol_interfaces/local/lib/python3.10/dist-packages/autopatrol_interfaces/autopatrol_interfaces_s__rosidl_typesupport_c.cpython-310-x86_64-linux-gnu.so
[15.825s] -- Up-to-date: /home/scott/chapter8/chapter8_ws/install/autopatrol_interfaces/local/lib/python3.10/dist-packages/autopatrol_interfaces/autopatrol_interfaces_s__rosidl_typesupport_introspection_c.cpython-310-x86_64-linux-gnu.so
[15.825s] -- Up-to-date: /home/scott/chapter8/chapter8_ws/install/autopatrol_interfaces/local/lib/python3.10/dist-packages/autopatrol_interfaces/_autopatrol_interfaces_s.ep.rosidl_typesupport_fastrtps_c.c
[15.825s] -- Up-to-date: /home/scott/chapter8/chapter8_ws/install/autopatrol_interfaces/local/lib/python3.10/dist-packages/autopatrol_interfaces/srv
[15.825s] -- Up-to-date: /home/scott/chapter8/chapter8_ws/install/autopatrol_interfaces/local/lib/python3.10/dist-packages/autopatrol_interfaces/srv/_speech_text_s.c
[15.825s] -- Up-to-date: /home/scott/chapter8/chapter8_ws/install/autopatrol_interfaces/local/lib/python3.10/dist-packages/autopatrol_interfaces/srv/__init__.py
[15.825s] -- Up-to-date: /home/scott/chapter8/chapter8_ws/install/autopatrol_interfaces/local/lib/python3.10/dist-packages/autopatrol_interfaces/srv/_speech_text.py
[15.825s] -- Up-to-date: /home/scott/chapter8/chapter8_ws/install/autopatrol_interfaces/local/lib/python3.10/dist-packages/autopatrol_interfaces/autopatrol_interfaces_s__rosidl_typesupport_fastrtps_c.cpython-310-x86_64-linux-gnu.so
[15.825s] -- Installing: /home/scott/chapter8/chapter8_ws/install/autopatrol_interfaces/local/lib/python3.10/dist-packages/autopatrol_interfaces/__init__.py
[15.826s] -- Up-to-date: /home/scott/chapter8/chapter8_ws/install/autopatrol_interfaces/local/lib/python3.10/dist-packages/autopatrol_interfaces/_autopatrol_interfaces_s.ep.rosidl_typesupport_introspection_c.c
[15.826s] -- Up-to-date: /home/scott/chapter8/chapter8_ws/install/autopatrol_interfaces/local/lib/python3.10/dist-packages/autopatrol_interfaces/libautopatrol_interfaces__rosidl_generator_py.so
[17.937s] Listing '/home/scott/chapter8/chapter8_ws/install/autopatrol_interfaces/local/lib/python3.10/dist-packages/autopatrol_interfaces'...
[17.937s] Compiling '/home/scott/chapter8/chapter8_ws/install/autopatrol_interfaces/local/lib/python3.10/dist-packages/autopatrol_interfaces/__init__.py'...
[17.937s] Listing '/home/scott/chapter8/chapter8_ws/install/autopatrol_interfaces/local/lib/python3.10/dist-packages/autopatrol_interfaces/srv'...
[17.942s] -- Up-to-date: /home/scott/chapter8/chapter8_ws/install/autopatrol_interfaces/local/lib/python3.10/dist-packages/autopatrol_interfaces/autopatrol_interfaces_s__rosidl_typesupport_fastrtps_c.cpython-310-x86_64-linux-gnu.so
[17.942s] -- Up-to-date: /home/scott/chapter8/chapter8_ws/install/autopatrol_interfaces/local/lib/python3.10/dist-packages/autopatrol_interfaces/autopatrol_interfaces_s__rosidl_typesupport_introspection_c.cpython-310-x86_64-linux-gnu.so
[17.942s] -- Up-to-date: /home/scott/chapter8/chapter8_ws/install/autopatrol_interfaces/local/lib/python3.10/dist-packages/autopatrol_interfaces/autopatrol_interfaces_s__rosidl_typesupport_c.cpython-310-x86_64-linux-gnu.so
[17.943s] -- Up-to-date: /home/scott/chapter8/chapter8_ws/install/autopatrol_interfaces/lib/libautopatrol_interfaces__rosidl_generator_py.so
[17.943s] -- Up-to-date: /home/scott/chapter8/chapter8_ws/install/autopatrol_interfaces/share/autopatrol_interfaces/srv/SpeechText.idl
[17.943s] -- Up-to-date: /home/scott/chapter8/chapter8_ws/install/autopatrol_interfaces/share/autopatrol_interfaces/srv/SpeechText.srv
[17.943s] -- Up-to-date: /home/scott/chapter8/chapter8_ws/install/autopatrol_interfaces/share/autopatrol_interfaces/srv/SpeechText_Request.msg
[17.943s] -- Up-to-date: /home/scott/chapter8/chapter8_ws/install/autopatrol_interfaces/share/autopatrol_interfaces/srv/SpeechText_Response.msg
[17.943s] -- Up-to-date: /home/scott/chapter8/chapter8_ws/install/autopatrol_interfaces/share/ament_index/resource_index/package_run_dependencies/autopatrol_interfaces
[17.944s] -- Up-to-date: /home/scott/chapter8/chapter8_ws/install/autopatrol_interfaces/share/ament_index/resource_index/parent_prefix_path/autopatrol_interfaces
[17.944s] -- Up-to-date: /home/scott/chapter8/chapter8_ws/install/autopatrol_interfaces/share/autopatrol_interfaces/environment/ament_prefix_path.sh
[17.944s] -- Installing: /home/scott/chapter8/chapter8_ws/install/autopatrol_interfaces/share/autopatrol_interfaces/environment/ament_prefix_path.dsv
[17.944s] -- Up-to-date: /home/scott/chapter8/chapter8_ws/install/autopatrol_interfaces/share/autopatrol_interfaces/environment/path.sh
[17.944s] -- Installing: /home/scott/chapter8/chapter8_ws/install/autopatrol_interfaces/share/autopatrol_interfaces/environment/path.dsv
[17.944s] -- Up-to-date: /home/scott/chapter8/chapter8_ws/install/autopatrol_interfaces/share/autopatrol_interfaces/local_setup.bash
[17.944s] -- Up-to-date: /home/scott/chapter8/chapter8_ws/install/autopatrol_interfaces/share/autopatrol_interfaces/local_setup.sh
[17.945s] -- Up-to-date: /home/scott/chapter8/chapter8_ws/install/autopatrol_interfaces/share/autopatrol_interfaces/local_setup.zsh
[17.945s] -- Installing: /home/scott/chapter8/chapter8_ws/install/autopatrol_interfaces/share/autopatrol_interfaces/local_setup.dsv
[17.945s] -- Installing: /home/scott/chapter8/chapter8_ws/install/autopatrol_interfaces/share/autopatrol_interfaces/package.dsv
[17.945s] -- Up-to-date: /home/scott/chapter8/chapter8_ws/install/autopatrol_interfaces/share/ament_index/resource_index/packages/autopatrol_interfaces
[17.945s] -- Up-to-date: /home/scott/chapter8/chapter8_ws/install/autopatrol_interfaces/share/autopatrol_interfaces/cmake/export_autopatrol_interfaces__rosidl_generator_cExport.cmake
[17.945s] -- Up-to-date: /home/scott/chapter8/chapter8_ws/install/autopatrol_interfaces/share/autopatrol_interfaces/cmake/export_autopatrol_interfaces__rosidl_generator_cExport-noconfig.cmake
[17.945s] -- Up-to-date: /home/scott/chapter8/chapter8_ws/install/autopatrol_interfaces/share/autopatrol_interfaces/cmake/export_autopatrol_interfaces__rosidl_typesupport_fastrtps_cExport.cmake
[17.945s] -- Up-to-date: /home/scott/chapter8/chapter8_ws/install/autopatrol_interfaces/share/autopatrol_interfaces/cmake/export_autopatrol_interfaces__rosidl_typesupport_fastrtps_cExport-noconfig.cmake
[17.945s] -- Up-to-date: /home/scott/chapter8/chapter8_ws/install/autopatrol_interfaces/share/autopatrol_interfaces/cmake/autopatrol_interfaces__rosidl_typesupport_introspection_cExport.cmake
[17.946s] -- Up-to-date: /home/scott/chapter8/chapter8_ws/install/autopatrol_interfaces/share/autopatrol_interfaces/cmake/autopatrol_interfaces__rosidl_typesupport_introspection_cExport-noconfig.cmake
[17.946s] -- Up-to-date: /home/scott/chapter8/chapter8_ws/install/autopatrol_interfaces/share/autopatrol_interfaces/cmake/autopatrol_interfaces__rosidl_typesupport_cExport.cmake
[17.946s] -- Up-to-date: /home/scott/chapter8/chapter8_ws/install/autopatrol_interfaces/share/autopatrol_interfaces/cmake/autopatrol_interfaces__rosidl_typesupport_cExport-noconfig.cmake
[17.946s] -- Up-to-date: /home/scott/chapter8/chapter8_ws/install/autopatrol_interfaces/share/autopatrol_interfaces/cmake/export_autopatrol_interfaces__rosidl_generator_cppExport.cmake
[17.946s] -- Up-to-date: /home/scott/chapter8/chapter8_ws/install/autopatrol_interfaces/share/autopatrol_interfaces/cmake/export_autopatrol_interfaces__rosidl_typesupport_fastrtps_cppExport.cmake
[17.946s] -- Up-to-date: /home/scott/chapter8/chapter8_ws/install/autopatrol_interfaces/share/autopatrol_interfaces/cmake/export_autopatrol_interfaces__rosidl_typesupport_fastrtps_cppExport-noconfig.cmake
[17.946s] -- Up-to-date: /home/scott/chapter8/chapter8_ws/install/autopatrol_interfaces/share/autopatrol_interfaces/cmake/autopatrol_interfaces__rosidl_typesupport_introspection_cppExport.cmake
[17.946s] -- Up-to-date: /home/scott/chapter8/chapter8_ws/install/autopatrol_interfaces/share/autopatrol_interfaces/cmake/autopatrol_interfaces__rosidl_typesupport_introspection_cppExport-noconfig.cmake
[17.946s] -- Up-to-date: /home/scott/chapter8/chapter8_ws/install/autopatrol_interfaces/share/autopatrol_interfaces/cmake/autopatrol_interfaces__rosidl_typesupport_cppExport.cmake
[17.947s] -- Up-to-date: /home/scott/chapter8/chapter8_ws/install/autopatrol_interfaces/share/autopatrol_interfaces/cmake/autopatrol_interfaces__rosidl_typesupport_cppExport-noconfig.cmake
[17.947s] -- Up-to-date: /home/scott/chapter8/chapter8_ws/install/autopatrol_interfaces/share/autopatrol_interfaces/cmake/export_autopatrol_interfaces__rosidl_generator_pyExport.cmake
[17.947s] -- Up-to-date: /home/scott/chapter8/chapter8_ws/install/autopatrol_interfaces/share/autopatrol_interfaces/cmake/export_autopatrol_interfaces__rosidl_generator_pyExport-noconfig.cmake
[17.947s] -- Up-to-date: /home/scott/chapter8/chapter8_ws/install/autopatrol_interfaces/share/autopatrol_interfaces/cmake/rosidl_cmake-extras.cmake
[17.947s] -- Up-to-date: /home/scott/chapter8/chapter8_ws/install/autopatrol_interfaces/share/autopatrol_interfaces/cmake/ament_cmake_export_dependencies-extras.cmake
[17.947s] -- Up-to-date: /home/scott/chapter8/chapter8_ws/install/autopatrol_interfaces/share/autopatrol_interfaces/cmake/ament_cmake_export_include_directories-extras.cmake
[17.947s] -- Up-to-date: /home/scott/chapter8/chapter8_ws/install/autopatrol_interfaces/share/autopatrol_interfaces/cmake/ament_cmake_export_libraries-extras.cmake
[17.948s] -- Up-to-date: /home/scott/chapter8/chapter8_ws/install/autopatrol_interfaces/share/autopatrol_interfaces/cmake/ament_cmake_export_targets-extras.cmake
[17.948s] -- Up-to-date: /home/scott/chapter8/chapter8_ws/install/autopatrol_interfaces/share/autopatrol_interfaces/cmake/rosidl_cmake_export_typesupport_targets-extras.cmake
[17.948s] -- Up-to-date: /home/scott/chapter8/chapter8_ws/install/autopatrol_interfaces/share/autopatrol_interfaces/cmake/rosidl_cmake_export_typesupport_libraries-extras.cmake
[17.948s] -- Up-to-date: /home/scott/chapter8/chapter8_ws/install/autopatrol_interfaces/share/autopatrol_interfaces/cmake/autopatrol_interfacesConfig.cmake
[17.948s] -- Up-to-date: /home/scott/chapter8/chapter8_ws/install/autopatrol_interfaces/share/autopatrol_interfaces/cmake/autopatrol_interfacesConfig-version.cmake
[17.948s] -- Up-to-date: /home/scott/chapter8/chapter8_ws/install/autopatrol_interfaces/share/autopatrol_interfaces/package.xml
[17.951s] Invoked command in '/home/scott/chapter8/chapter8_ws/build/autopatrol_interfaces' returned '0': CMAKE_PREFIX_PATH=${CMAKE_PREFIX_PATH}:/mnt/e/Dev_ws/install/learning_urdf:/mnt/e/Dev_ws/install/learning_topic:/mnt/e/Dev_ws/install/learning_tf:/mnt/e/Dev_ws/install/learning_service:/mnt/e/Dev_ws/install/learning_qos:/mnt/e/Dev_ws/install/learning_pkg_python:/mnt/e/Dev_ws/install/learning_parameter:/mnt/e/Dev_ws/install/learning_node:/mnt/e/Dev_ws/install/learning_launch:/mnt/e/Dev_ws/install/learning_action:/mnt/e/Dev_ws/install/learning_gazebo_harmonic:/mnt/e/Dev_ws/install/learning_gazebo:/mnt/e/Dev_ws/install/learning_cv:/mnt/e/Dev_ws/install/demo_python_pkg:/opt/ros/humble /usr/bin/cmake --install /home/scott/chapter8/chapter8_ws/build/autopatrol_interfaces
