[13.604s] Invoking command in '/home/scott/chapter8/chapter8_ws/build/nav2_custom_planner': CMAKE_PREFIX_PATH=${CMAKE_PREFIX_PATH}:/mnt/e/Dev_ws/install/learning_urdf:/mnt/e/Dev_ws/install/learning_topic:/mnt/e/Dev_ws/install/learning_tf:/mnt/e/Dev_ws/install/learning_service:/mnt/e/Dev_ws/install/learning_qos:/mnt/e/Dev_ws/install/learning_pkg_python:/mnt/e/Dev_ws/install/learning_parameter:/mnt/e/Dev_ws/install/learning_node:/mnt/e/Dev_ws/install/learning_launch:/mnt/e/Dev_ws/install/learning_action:/mnt/e/Dev_ws/install/learning_gazebo_harmonic:/mnt/e/Dev_ws/install/learning_gazebo:/mnt/e/Dev_ws/install/learning_cv:/mnt/e/Dev_ws/install/demo_python_pkg:/opt/ros/humble /usr/bin/cmake /home/scott/chapter8/chapter8_ws/src/nav2_custom_planner -DCMAKE_INSTALL_PREFIX=/home/scott/chapter8/chapter8_ws/install/nav2_custom_planner
[13.637s] -- Found ament_cmake: 1.3.13 (/opt/ros/humble/share/ament_cmake/cmake)
[18.675s] -- Found pluginlib: 5.1.3 (/opt/ros/humble/share/pluginlib/cmake)
[21.814s] -- Found nav2_core: 1.1.20 (/opt/ros/humble/share/nav2_core/cmake)
[21.830s] -- Found rosidl_generator_c: 3.1.8 (/opt/ros/humble/share/rosidl_generator_c/cmake)
[21.832s] -- Found rosidl_adapter: 3.1.8 (/opt/ros/humble/share/rosidl_adapter/cmake)
[21.837s] -- Found rosidl_generator_cpp: 3.1.8 (/opt/ros/humble/share/rosidl_generator_cpp/cmake)
[21.902s] -- Using all available rosidl_typesupport_c: rosidl_typesupport_fastrtps_c;rosidl_typesupport_introspection_c
[21.967s] -- Using all available rosidl_typesupport_cpp: rosidl_typesupport_fastrtps_cpp;rosidl_typesupport_introspection_cpp
[22.128s] -- Found rmw_implementation_cmake: 6.1.2 (/opt/ros/humble/share/rmw_implementation_cmake/cmake)
[22.185s] -- Found rmw_fastrtps_cpp: 6.2.10 (/opt/ros/humble/share/rmw_fastrtps_cpp/cmake)
[22.201s] -- Found TinyXML2 via Config file: TinyXML2_DIR-NOTFOUND
[22.240s] -- Found TinyXML2 via Config file: TinyXML2_DIR-NOTFOUND
[22.573s] -- Found TinyXML2 via Config file: TinyXML2_DIR-NOTFOUND
[22.614s] -- Found TinyXML2 via Config file: TinyXML2_DIR-NOTFOUND
[23.036s] -- Using RMW implementation 'rmw_fastrtps_cpp' as default
[23.258s] -- Ensuring Eigen3 include directory is part of orocos-kdl CMake target
[23.329s] -- Found ament_lint_auto: 0.12.15 (/opt/ros/humble/share/ament_lint_auto/cmake)
[26.550s] -- Added test 'cppcheck' to perform static code analysis on C / C++ code
[26.550s] -- Configured cppcheck include dirs: /home/scott/chapter8/chapter8_ws/src/nav2_custom_planner/include
[26.550s] -- Configured cppcheck exclude dirs and/or files: 
[26.551s] -- Added test 'lint_cmake' to check CMake code style
[26.552s] -- Added test 'uncrustify' to check C / C++ code style
[26.552s] -- Configured uncrustify additional arguments: 
[26.552s] -- Added test 'xmllint' to check XML markup files
[26.553s] -- Configuring done
[26.559s] [31mCMake Error at CMakeLists.txt:31 (add_library):
[26.559s]   Cannot find source file:
[26.559s] 
[26.559s]     src/custom_planner.cpp
[26.559s] 
[26.559s]   Tried extensions .c .C .c++ .cc .cpp .cxx .cu .mpp .m .M .mm .ixx .cppm .h
[26.559s]   .hh .h++ .hm .hpp .hxx .in .txx .f .F .for .f77 .f90 .f95 .f03 .hip .ispc
[26.559s] 
[26.559s] [0m
[26.562s] [31mCMake Error at CMakeLists.txt:31 (add_library):
[26.562s]   No SOURCES given to target: nav2_custom_planner_plugin
[26.562s] 
[26.563s] [0m
[26.563s] [0mCMake Generate step failed.  Build files cannot be regenerated correctly.[0m
[26.575s] Invoked command in '/home/scott/chapter8/chapter8_ws/build/nav2_custom_planner' returned '1': CMAKE_PREFIX_PATH=${CMAKE_PREFIX_PATH}:/mnt/e/Dev_ws/install/learning_urdf:/mnt/e/Dev_ws/install/learning_topic:/mnt/e/Dev_ws/install/learning_tf:/mnt/e/Dev_ws/install/learning_service:/mnt/e/Dev_ws/install/learning_qos:/mnt/e/Dev_ws/install/learning_pkg_python:/mnt/e/Dev_ws/install/learning_parameter:/mnt/e/Dev_ws/install/learning_node:/mnt/e/Dev_ws/install/learning_launch:/mnt/e/Dev_ws/install/learning_action:/mnt/e/Dev_ws/install/learning_gazebo_harmonic:/mnt/e/Dev_ws/install/learning_gazebo:/mnt/e/Dev_ws/install/learning_cv:/mnt/e/Dev_ws/install/demo_python_pkg:/opt/ros/humble /usr/bin/cmake /home/scott/chapter8/chapter8_ws/src/nav2_custom_planner -DCMAKE_INSTALL_PREFIX=/home/scott/chapter8/chapter8_ws/install/nav2_custom_planner
