[6.038s] DEBUG:colcon:Command line arguments: ['/usr/bin/colcon', 'build', '--packages-select', 'nav2_custom_planner']
[6.038s] DEBUG:colcon:Parsed command line arguments: Namespace(log_base=None, log_level=None, verb_name='build', build_base='build', install_base='install', merge_install=False, symlink_install=False, test_result_base=None, continue_on_error=False, executor='parallel', parallel_workers=16, event_handlers=None, ignore_user_meta=False, metas=['./colcon.meta'], base_paths=['.'], packages_ignore=None, packages_ignore_regex=None, paths=None, packages_up_to=None, packages_up_to_regex=None, packages_above=None, packages_above_and_dependencies=None, packages_above_depth=None, packages_select_by_dep=None, packages_skip_by_dep=None, packages_skip_up_to=None, packages_select_build_failed=False, packages_skip_build_finished=False, packages_select_test_failures=False, packages_skip_test_passed=False, packages_select=['nav2_custom_planner'], packages_skip=None, packages_select_regex=None, packages_skip_regex=None, packages_start=None, packages_end=None, allow_overriding=[], cmake_args=None, cmake_target=None, cmake_target_skip_unavailable=False, cmake_clean_cache=False, cmake_clean_first=False, cmake_force_configure=False, ament_cmake_args=None, catkin_cmake_args=None, catkin_skip_building_tests=False, verb_parser=<colcon_defaults.argument_parser.defaults.DefaultArgumentsDecorator object at 0x73ef99c57580>, verb_extension=<colcon_core.verb.build.BuildVerb object at 0x73ef99c56560>, main=<bound method BuildVerb.main of <colcon_core.verb.build.BuildVerb object at 0x73ef99c56560>>)
[8.134s] Level 1:colcon.colcon_core.package_discovery:discover_packages(colcon_meta) check parameters
[8.134s] Level 1:colcon.colcon_core.package_discovery:discover_packages(recursive) check parameters
[8.134s] Level 1:colcon.colcon_core.package_discovery:discover_packages(ignore) check parameters
[8.134s] Level 1:colcon.colcon_core.package_discovery:discover_packages(path) check parameters
[8.134s] Level 1:colcon.colcon_core.package_discovery:discover_packages(colcon_meta) discover
[8.134s] Level 1:colcon.colcon_core.package_discovery:discover_packages(recursive) discover
[8.134s] INFO:colcon.colcon_core.package_discovery:Crawling recursively for packages in '/home/scott/chapter8/chapter8_ws'
[8.134s] Level 1:colcon.colcon_core.package_identification:_identify(.) by extensions ['ignore', 'ignore_ament_install']
[8.134s] Level 1:colcon.colcon_core.package_identification:_identify(.) by extension 'ignore'
[8.134s] Level 1:colcon.colcon_core.package_identification:_identify(.) by extension 'ignore_ament_install'
[8.134s] Level 1:colcon.colcon_core.package_identification:_identify(.) by extensions ['colcon_pkg']
[8.134s] Level 1:colcon.colcon_core.package_identification:_identify(.) by extension 'colcon_pkg'
[8.134s] Level 1:colcon.colcon_core.package_identification:_identify(.) by extensions ['colcon_meta']
[8.134s] Level 1:colcon.colcon_core.package_identification:_identify(.) by extension 'colcon_meta'
[8.134s] Level 1:colcon.colcon_core.package_identification:_identify(.) by extensions ['ros']
[8.134s] Level 1:colcon.colcon_core.package_identification:_identify(.) by extension 'ros'
[8.192s] Level 1:colcon.colcon_core.package_identification:_identify(.) by extensions ['cmake', 'python']
[8.192s] Level 1:colcon.colcon_core.package_identification:_identify(.) by extension 'cmake'
[8.192s] Level 1:colcon.colcon_core.package_identification:_identify(.) by extension 'python'
[8.192s] Level 1:colcon.colcon_core.package_identification:_identify(.) by extensions ['python_setup_py']
[8.192s] Level 1:colcon.colcon_core.package_identification:_identify(.) by extension 'python_setup_py'
[8.192s] Level 1:colcon.colcon_core.package_identification:_identify(build) by extensions ['ignore', 'ignore_ament_install']
[8.192s] Level 1:colcon.colcon_core.package_identification:_identify(build) by extension 'ignore'
[8.192s] Level 1:colcon.colcon_core.package_identification:_identify(build) ignored
[8.192s] Level 1:colcon.colcon_core.package_identification:_identify(install) by extensions ['ignore', 'ignore_ament_install']
[8.192s] Level 1:colcon.colcon_core.package_identification:_identify(install) by extension 'ignore'
[8.192s] Level 1:colcon.colcon_core.package_identification:_identify(install) ignored
[8.193s] Level 1:colcon.colcon_core.package_identification:_identify(log) by extensions ['ignore', 'ignore_ament_install']
[8.193s] Level 1:colcon.colcon_core.package_identification:_identify(log) by extension 'ignore'
[8.193s] Level 1:colcon.colcon_core.package_identification:_identify(log) ignored
[8.193s] Level 1:colcon.colcon_core.package_identification:_identify(src) by extensions ['ignore', 'ignore_ament_install']
[8.193s] Level 1:colcon.colcon_core.package_identification:_identify(src) by extension 'ignore'
[8.193s] Level 1:colcon.colcon_core.package_identification:_identify(src) by extension 'ignore_ament_install'
[8.193s] Level 1:colcon.colcon_core.package_identification:_identify(src) by extensions ['colcon_pkg']
[8.193s] Level 1:colcon.colcon_core.package_identification:_identify(src) by extension 'colcon_pkg'
[8.193s] Level 1:colcon.colcon_core.package_identification:_identify(src) by extensions ['colcon_meta']
[8.193s] Level 1:colcon.colcon_core.package_identification:_identify(src) by extension 'colcon_meta'
[8.193s] Level 1:colcon.colcon_core.package_identification:_identify(src) by extensions ['ros']
[8.193s] Level 1:colcon.colcon_core.package_identification:_identify(src) by extension 'ros'
[8.193s] Level 1:colcon.colcon_core.package_identification:_identify(src) by extensions ['cmake', 'python']
[8.193s] Level 1:colcon.colcon_core.package_identification:_identify(src) by extension 'cmake'
[8.193s] Level 1:colcon.colcon_core.package_identification:_identify(src) by extension 'python'
[8.193s] Level 1:colcon.colcon_core.package_identification:_identify(src) by extensions ['python_setup_py']
[8.193s] Level 1:colcon.colcon_core.package_identification:_identify(src) by extension 'python_setup_py'
[8.193s] Level 1:colcon.colcon_core.package_identification:_identify(src/autopatrol_interfaces) by extensions ['ignore', 'ignore_ament_install']
[8.193s] Level 1:colcon.colcon_core.package_identification:_identify(src/autopatrol_interfaces) by extension 'ignore'
[8.194s] Level 1:colcon.colcon_core.package_identification:_identify(src/autopatrol_interfaces) by extension 'ignore_ament_install'
[8.194s] Level 1:colcon.colcon_core.package_identification:_identify(src/autopatrol_interfaces) by extensions ['colcon_pkg']
[8.194s] Level 1:colcon.colcon_core.package_identification:_identify(src/autopatrol_interfaces) by extension 'colcon_pkg'
[8.194s] Level 1:colcon.colcon_core.package_identification:_identify(src/autopatrol_interfaces) by extensions ['colcon_meta']
[8.194s] Level 1:colcon.colcon_core.package_identification:_identify(src/autopatrol_interfaces) by extension 'colcon_meta'
[8.194s] Level 1:colcon.colcon_core.package_identification:_identify(src/autopatrol_interfaces) by extensions ['ros']
[8.194s] Level 1:colcon.colcon_core.package_identification:_identify(src/autopatrol_interfaces) by extension 'ros'
[8.196s] DEBUG:colcon.colcon_core.package_identification:Package 'src/autopatrol_interfaces' with type 'ros.ament_cmake' and name 'autopatrol_interfaces'
[8.196s] Level 1:colcon.colcon_core.package_identification:_identify(src/autopatrol_robot) by extensions ['ignore', 'ignore_ament_install']
[8.196s] Level 1:colcon.colcon_core.package_identification:_identify(src/autopatrol_robot) by extension 'ignore'
[8.196s] Level 1:colcon.colcon_core.package_identification:_identify(src/autopatrol_robot) by extension 'ignore_ament_install'
[8.196s] Level 1:colcon.colcon_core.package_identification:_identify(src/autopatrol_robot) by extensions ['colcon_pkg']
[8.196s] Level 1:colcon.colcon_core.package_identification:_identify(src/autopatrol_robot) by extension 'colcon_pkg'
[8.196s] Level 1:colcon.colcon_core.package_identification:_identify(src/autopatrol_robot) by extensions ['colcon_meta']
[8.196s] Level 1:colcon.colcon_core.package_identification:_identify(src/autopatrol_robot) by extension 'colcon_meta'
[8.196s] Level 1:colcon.colcon_core.package_identification:_identify(src/autopatrol_robot) by extensions ['ros']
[8.196s] Level 1:colcon.colcon_core.package_identification:_identify(src/autopatrol_robot) by extension 'ros'
[8.197s] DEBUG:colcon.colcon_core.package_identification:Package 'src/autopatrol_robot' with type 'ros.ament_python' and name 'autopatrol_robot'
[8.197s] Level 1:colcon.colcon_core.package_identification:_identify(src/fishbot_application) by extensions ['ignore', 'ignore_ament_install']
[8.197s] Level 1:colcon.colcon_core.package_identification:_identify(src/fishbot_application) by extension 'ignore'
[8.197s] Level 1:colcon.colcon_core.package_identification:_identify(src/fishbot_application) by extension 'ignore_ament_install'
[8.197s] Level 1:colcon.colcon_core.package_identification:_identify(src/fishbot_application) by extensions ['colcon_pkg']
[8.197s] Level 1:colcon.colcon_core.package_identification:_identify(src/fishbot_application) by extension 'colcon_pkg'
[8.197s] Level 1:colcon.colcon_core.package_identification:_identify(src/fishbot_application) by extensions ['colcon_meta']
[8.197s] Level 1:colcon.colcon_core.package_identification:_identify(src/fishbot_application) by extension 'colcon_meta'
[8.197s] Level 1:colcon.colcon_core.package_identification:_identify(src/fishbot_application) by extensions ['ros']
[8.197s] Level 1:colcon.colcon_core.package_identification:_identify(src/fishbot_application) by extension 'ros'
[8.198s] DEBUG:colcon.colcon_core.package_identification:Package 'src/fishbot_application' with type 'ros.ament_python' and name 'fishbot_application'
[8.198s] Level 1:colcon.colcon_core.package_identification:_identify(src/fishbot_description) by extensions ['ignore', 'ignore_ament_install']
[8.198s] Level 1:colcon.colcon_core.package_identification:_identify(src/fishbot_description) by extension 'ignore'
[8.198s] Level 1:colcon.colcon_core.package_identification:_identify(src/fishbot_description) by extension 'ignore_ament_install'
[8.198s] Level 1:colcon.colcon_core.package_identification:_identify(src/fishbot_description) by extensions ['colcon_pkg']
[8.198s] Level 1:colcon.colcon_core.package_identification:_identify(src/fishbot_description) by extension 'colcon_pkg'
[8.198s] Level 1:colcon.colcon_core.package_identification:_identify(src/fishbot_description) by extensions ['colcon_meta']
[8.198s] Level 1:colcon.colcon_core.package_identification:_identify(src/fishbot_description) by extension 'colcon_meta'
[8.198s] Level 1:colcon.colcon_core.package_identification:_identify(src/fishbot_description) by extensions ['ros']
[8.198s] Level 1:colcon.colcon_core.package_identification:_identify(src/fishbot_description) by extension 'ros'
[8.199s] DEBUG:colcon.colcon_core.package_identification:Package 'src/fishbot_description' with type 'ros.ament_cmake' and name 'fishbot_description'
[8.199s] Level 1:colcon.colcon_core.package_identification:_identify(src/fishbot_navigation2) by extensions ['ignore', 'ignore_ament_install']
[8.199s] Level 1:colcon.colcon_core.package_identification:_identify(src/fishbot_navigation2) by extension 'ignore'
[8.199s] Level 1:colcon.colcon_core.package_identification:_identify(src/fishbot_navigation2) by extension 'ignore_ament_install'
[8.199s] Level 1:colcon.colcon_core.package_identification:_identify(src/fishbot_navigation2) by extensions ['colcon_pkg']
[8.199s] Level 1:colcon.colcon_core.package_identification:_identify(src/fishbot_navigation2) by extension 'colcon_pkg'
[8.199s] Level 1:colcon.colcon_core.package_identification:_identify(src/fishbot_navigation2) by extensions ['colcon_meta']
[8.199s] Level 1:colcon.colcon_core.package_identification:_identify(src/fishbot_navigation2) by extension 'colcon_meta'
[8.199s] Level 1:colcon.colcon_core.package_identification:_identify(src/fishbot_navigation2) by extensions ['ros']
[8.199s] Level 1:colcon.colcon_core.package_identification:_identify(src/fishbot_navigation2) by extension 'ros'
[8.199s] DEBUG:colcon.colcon_core.package_identification:Package 'src/fishbot_navigation2' with type 'ros.ament_cmake' and name 'fishbot_navigation2'
[8.200s] Level 1:colcon.colcon_core.package_identification:_identify(src/nav2_custom_planner) by extensions ['ignore', 'ignore_ament_install']
[8.200s] Level 1:colcon.colcon_core.package_identification:_identify(src/nav2_custom_planner) by extension 'ignore'
[8.200s] Level 1:colcon.colcon_core.package_identification:_identify(src/nav2_custom_planner) by extension 'ignore_ament_install'
[8.200s] Level 1:colcon.colcon_core.package_identification:_identify(src/nav2_custom_planner) by extensions ['colcon_pkg']
[8.200s] Level 1:colcon.colcon_core.package_identification:_identify(src/nav2_custom_planner) by extension 'colcon_pkg'
[8.200s] Level 1:colcon.colcon_core.package_identification:_identify(src/nav2_custom_planner) by extensions ['colcon_meta']
[8.200s] Level 1:colcon.colcon_core.package_identification:_identify(src/nav2_custom_planner) by extension 'colcon_meta'
[8.200s] Level 1:colcon.colcon_core.package_identification:_identify(src/nav2_custom_planner) by extensions ['ros']
[8.200s] Level 1:colcon.colcon_core.package_identification:_identify(src/nav2_custom_planner) by extension 'ros'
[8.200s] DEBUG:colcon.colcon_core.package_identification:Package 'src/nav2_custom_planner' with type 'ros.ament_cmake' and name 'nav2_custom_planner'
[8.200s] Level 1:colcon.colcon_core.package_discovery:discover_packages(recursive) using defaults
[8.200s] Level 1:colcon.colcon_core.package_discovery:discover_packages(ignore) discover
[8.200s] Level 1:colcon.colcon_core.package_discovery:discover_packages(ignore) using defaults
[8.200s] Level 1:colcon.colcon_core.package_discovery:discover_packages(path) discover
[8.201s] Level 1:colcon.colcon_core.package_discovery:discover_packages(path) using defaults
[8.857s] INFO:colcon.colcon_core.package_selection:Skipping not selected package 'autopatrol_interfaces' in 'src/autopatrol_interfaces'
[8.857s] INFO:colcon.colcon_core.package_selection:Skipping not selected package 'autopatrol_robot' in 'src/autopatrol_robot'
[8.857s] INFO:colcon.colcon_core.package_selection:Skipping not selected package 'fishbot_application' in 'src/fishbot_application'
[8.857s] INFO:colcon.colcon_core.package_selection:Skipping not selected package 'fishbot_description' in 'src/fishbot_description'
[8.857s] INFO:colcon.colcon_core.package_selection:Skipping not selected package 'fishbot_navigation2' in 'src/fishbot_navigation2'
[8.858s] Level 1:colcon.colcon_core.package_discovery:discover_packages(prefix_path) check parameters
[8.858s] Level 1:colcon.colcon_core.package_discovery:discover_packages(prefix_path) discover
[9.260s] DEBUG:colcon.colcon_installed_package_information.package_discovery:Found 22 installed packages in /mnt/e/Dev_ws/install
[9.261s] DEBUG:colcon.colcon_installed_package_information.package_discovery:Found 374 installed packages in /opt/ros/humble
[9.263s] Level 1:colcon.colcon_core.package_discovery:discover_packages(prefix_path) using defaults
[9.608s] Level 5:colcon.colcon_core.verb:set package 'nav2_custom_planner' build argument 'cmake_args' from command line to 'None'
[9.608s] Level 5:colcon.colcon_core.verb:set package 'nav2_custom_planner' build argument 'cmake_target' from command line to 'None'
[9.608s] Level 5:colcon.colcon_core.verb:set package 'nav2_custom_planner' build argument 'cmake_target_skip_unavailable' from command line to 'False'
[9.608s] Level 5:colcon.colcon_core.verb:set package 'nav2_custom_planner' build argument 'cmake_clean_cache' from command line to 'False'
[9.608s] Level 5:colcon.colcon_core.verb:set package 'nav2_custom_planner' build argument 'cmake_clean_first' from command line to 'False'
[9.608s] Level 5:colcon.colcon_core.verb:set package 'nav2_custom_planner' build argument 'cmake_force_configure' from command line to 'False'
[9.608s] Level 5:colcon.colcon_core.verb:set package 'nav2_custom_planner' build argument 'ament_cmake_args' from command line to 'None'
[9.608s] Level 5:colcon.colcon_core.verb:set package 'nav2_custom_planner' build argument 'catkin_cmake_args' from command line to 'None'
[9.608s] Level 5:colcon.colcon_core.verb:set package 'nav2_custom_planner' build argument 'catkin_skip_building_tests' from command line to 'False'
[9.608s] DEBUG:colcon.colcon_core.verb:Building package 'nav2_custom_planner' with the following arguments: {'ament_cmake_args': None, 'build_base': '/home/scott/chapter8/chapter8_ws/build/nav2_custom_planner', 'catkin_cmake_args': None, 'catkin_skip_building_tests': False, 'cmake_args': None, 'cmake_clean_cache': False, 'cmake_clean_first': False, 'cmake_force_configure': False, 'cmake_target': None, 'cmake_target_skip_unavailable': False, 'install_base': '/home/scott/chapter8/chapter8_ws/install/nav2_custom_planner', 'merge_install': False, 'path': '/home/scott/chapter8/chapter8_ws/src/nav2_custom_planner', 'symlink_install': False, 'test_result_base': None}
[9.608s] INFO:colcon.colcon_core.executor:Executing jobs using 'parallel' executor
[9.609s] DEBUG:colcon.colcon_parallel_executor.executor.parallel:run_until_complete
[9.610s] INFO:colcon.colcon_ros.task.ament_cmake.build:Building ROS package in '/home/scott/chapter8/chapter8_ws/src/nav2_custom_planner' with build type 'ament_cmake'
[9.610s] INFO:colcon.colcon_cmake.task.cmake.build:Building CMake package in '/home/scott/chapter8/chapter8_ws/src/nav2_custom_planner'
[9.723s] INFO:colcon.colcon_core.plugin_system:Skipping extension 'colcon_core.shell.bat': Not used on non-Windows systems
[9.723s] INFO:colcon.colcon_core.shell:Skip shell extension 'powershell' for command environment: Not usable outside of PowerShell
[9.723s] DEBUG:colcon.colcon_core.shell:Skip shell extension 'dsv' for command environment
[10.283s] DEBUG:colcon.colcon_core.event_handler.log_command:Invoking command in '/home/scott/chapter8/chapter8_ws/build/nav2_custom_planner': CMAKE_PREFIX_PATH=${CMAKE_PREFIX_PATH}:/mnt/e/Dev_ws/install/learning_urdf:/mnt/e/Dev_ws/install/learning_topic:/mnt/e/Dev_ws/install/learning_tf:/mnt/e/Dev_ws/install/learning_service:/mnt/e/Dev_ws/install/learning_qos:/mnt/e/Dev_ws/install/learning_pkg_python:/mnt/e/Dev_ws/install/learning_parameter:/mnt/e/Dev_ws/install/learning_node:/mnt/e/Dev_ws/install/learning_launch:/mnt/e/Dev_ws/install/learning_action:/mnt/e/Dev_ws/install/learning_gazebo_harmonic:/mnt/e/Dev_ws/install/learning_gazebo:/mnt/e/Dev_ws/install/learning_cv:/mnt/e/Dev_ws/install/demo_python_pkg:/opt/ros/humble /usr/bin/cmake /home/scott/chapter8/chapter8_ws/src/nav2_custom_planner -DCMAKE_INSTALL_PREFIX=/home/scott/chapter8/chapter8_ws/install/nav2_custom_planner
[26.824s] DEBUG:colcon.colcon_core.event_handler.log_command:Invoked command in '/home/scott/chapter8/chapter8_ws/build/nav2_custom_planner' returned '0': CMAKE_PREFIX_PATH=${CMAKE_PREFIX_PATH}:/mnt/e/Dev_ws/install/learning_urdf:/mnt/e/Dev_ws/install/learning_topic:/mnt/e/Dev_ws/install/learning_tf:/mnt/e/Dev_ws/install/learning_service:/mnt/e/Dev_ws/install/learning_qos:/mnt/e/Dev_ws/install/learning_pkg_python:/mnt/e/Dev_ws/install/learning_parameter:/mnt/e/Dev_ws/install/learning_node:/mnt/e/Dev_ws/install/learning_launch:/mnt/e/Dev_ws/install/learning_action:/mnt/e/Dev_ws/install/learning_gazebo_harmonic:/mnt/e/Dev_ws/install/learning_gazebo:/mnt/e/Dev_ws/install/learning_cv:/mnt/e/Dev_ws/install/demo_python_pkg:/opt/ros/humble /usr/bin/cmake /home/scott/chapter8/chapter8_ws/src/nav2_custom_planner -DCMAKE_INSTALL_PREFIX=/home/scott/chapter8/chapter8_ws/install/nav2_custom_planner
[26.827s] DEBUG:colcon.colcon_core.event_handler.log_command:Invoking command in '/home/scott/chapter8/chapter8_ws/build/nav2_custom_planner': CMAKE_PREFIX_PATH=${CMAKE_PREFIX_PATH}:/mnt/e/Dev_ws/install/learning_urdf:/mnt/e/Dev_ws/install/learning_topic:/mnt/e/Dev_ws/install/learning_tf:/mnt/e/Dev_ws/install/learning_service:/mnt/e/Dev_ws/install/learning_qos:/mnt/e/Dev_ws/install/learning_pkg_python:/mnt/e/Dev_ws/install/learning_parameter:/mnt/e/Dev_ws/install/learning_node:/mnt/e/Dev_ws/install/learning_launch:/mnt/e/Dev_ws/install/learning_action:/mnt/e/Dev_ws/install/learning_gazebo_harmonic:/mnt/e/Dev_ws/install/learning_gazebo:/mnt/e/Dev_ws/install/learning_cv:/mnt/e/Dev_ws/install/demo_python_pkg:/opt/ros/humble /usr/bin/cmake --build /home/scott/chapter8/chapter8_ws/build/nav2_custom_planner -- -j16 -l16
[32.450s] DEBUG:colcon.colcon_core.event_handler.log_command:Invoked command in '/home/scott/chapter8/chapter8_ws/build/nav2_custom_planner' returned '2': CMAKE_PREFIX_PATH=${CMAKE_PREFIX_PATH}:/mnt/e/Dev_ws/install/learning_urdf:/mnt/e/Dev_ws/install/learning_topic:/mnt/e/Dev_ws/install/learning_tf:/mnt/e/Dev_ws/install/learning_service:/mnt/e/Dev_ws/install/learning_qos:/mnt/e/Dev_ws/install/learning_pkg_python:/mnt/e/Dev_ws/install/learning_parameter:/mnt/e/Dev_ws/install/learning_node:/mnt/e/Dev_ws/install/learning_launch:/mnt/e/Dev_ws/install/learning_action:/mnt/e/Dev_ws/install/learning_gazebo_harmonic:/mnt/e/Dev_ws/install/learning_gazebo:/mnt/e/Dev_ws/install/learning_cv:/mnt/e/Dev_ws/install/demo_python_pkg:/opt/ros/humble /usr/bin/cmake --build /home/scott/chapter8/chapter8_ws/build/nav2_custom_planner -- -j16 -l16
[32.450s] Level 1:colcon.colcon_core.environment:create_environment_scripts_only(nav2_custom_planner)
[32.546s] Level 1:colcon.colcon_core.environment:checking '/home/scott/chapter8/chapter8_ws/install/nav2_custom_planner' for CMake module files
[32.547s] Level 1:colcon.colcon_core.environment:checking '/home/scott/chapter8/chapter8_ws/install/nav2_custom_planner' for CMake config files
[32.547s] Level 1:colcon.colcon_core.shell:create_environment_hook('nav2_custom_planner', 'cmake_prefix_path')
[32.547s] INFO:colcon.colcon_core.shell:Creating environment hook '/home/scott/chapter8/chapter8_ws/install/nav2_custom_planner/share/nav2_custom_planner/hook/cmake_prefix_path.ps1'
[32.548s] INFO:colcon.colcon_core.shell:Creating environment descriptor '/home/scott/chapter8/chapter8_ws/install/nav2_custom_planner/share/nav2_custom_planner/hook/cmake_prefix_path.dsv'
[32.548s] INFO:colcon.colcon_core.shell:Creating environment hook '/home/scott/chapter8/chapter8_ws/install/nav2_custom_planner/share/nav2_custom_planner/hook/cmake_prefix_path.sh'
[32.549s] Level 1:colcon.colcon_core.environment:checking '/home/scott/chapter8/chapter8_ws/install/nav2_custom_planner/bin'
[32.549s] Level 1:colcon.colcon_core.environment:checking '/home/scott/chapter8/chapter8_ws/install/nav2_custom_planner/lib/pkgconfig/nav2_custom_planner.pc'
[32.549s] Level 1:colcon.colcon_core.environment:checking '/home/scott/chapter8/chapter8_ws/install/nav2_custom_planner/lib/python3.10/site-packages'
[32.549s] Level 1:colcon.colcon_core.environment:checking '/home/scott/chapter8/chapter8_ws/install/nav2_custom_planner/bin'
[32.550s] INFO:colcon.colcon_core.shell:Creating package script '/home/scott/chapter8/chapter8_ws/install/nav2_custom_planner/share/nav2_custom_planner/package.ps1'
[32.550s] INFO:colcon.colcon_core.shell:Creating package descriptor '/home/scott/chapter8/chapter8_ws/install/nav2_custom_planner/share/nav2_custom_planner/package.dsv'
[32.551s] INFO:colcon.colcon_core.shell:Creating package script '/home/scott/chapter8/chapter8_ws/install/nav2_custom_planner/share/nav2_custom_planner/package.sh'
[32.551s] INFO:colcon.colcon_core.shell:Creating package script '/home/scott/chapter8/chapter8_ws/install/nav2_custom_planner/share/nav2_custom_planner/package.bash'
[32.552s] INFO:colcon.colcon_core.shell:Creating package script '/home/scott/chapter8/chapter8_ws/install/nav2_custom_planner/share/nav2_custom_planner/package.zsh'
[32.552s] Level 1:colcon.colcon_core.environment:create_file_with_runtime_dependencies(/home/scott/chapter8/chapter8_ws/install/nav2_custom_planner/share/colcon-core/packages/nav2_custom_planner)
[32.553s] DEBUG:colcon.colcon_parallel_executor.executor.parallel:closing loop
[32.553s] DEBUG:colcon.colcon_parallel_executor.executor.parallel:loop closed
[32.553s] DEBUG:colcon.colcon_parallel_executor.executor.parallel:run_until_complete finished with '2'
[32.554s] DEBUG:colcon.colcon_core.event_reactor:joining thread
[32.763s] INFO:colcon.colcon_core.plugin_system:Skipping extension 'colcon_notification.desktop_notification.notify_send': Could not find 'notify-send'
[32.763s] INFO:colcon.colcon_core.plugin_system:Skipping extension 'colcon_notification.desktop_notification.terminal_notifier': Not used on non-Darwin systems
[32.763s] INFO:colcon.colcon_core.plugin_system:Skipping extension 'colcon_notification.desktop_notification.win32': Not used on non-Windows systems
[32.763s] INFO:colcon.colcon_notification.desktop_notification:Sending desktop notification using 'notify2'
[32.764s] DEBUG:colcon.colcon_notification.desktop_notification.notify2:Failed to initialize notify2: org.freedesktop.DBus.Error.ServiceUnknown: The name org.freedesktop.Notifications was not provided by any .service files
[32.765s] DEBUG:colcon.colcon_core.event_reactor:joined thread
[32.765s] INFO:colcon.colcon_core.shell:Creating prefix script '/home/scott/chapter8/chapter8_ws/install/local_setup.ps1'
[32.766s] INFO:colcon.colcon_core.shell:Creating prefix util module '/home/scott/chapter8/chapter8_ws/install/_local_setup_util_ps1.py'
[32.767s] INFO:colcon.colcon_core.shell:Creating prefix chain script '/home/scott/chapter8/chapter8_ws/install/setup.ps1'
[32.983s] INFO:colcon.colcon_core.shell:Creating prefix script '/home/scott/chapter8/chapter8_ws/install/local_setup.sh'
[32.984s] INFO:colcon.colcon_core.shell:Creating prefix util module '/home/scott/chapter8/chapter8_ws/install/_local_setup_util_sh.py'
[32.984s] INFO:colcon.colcon_core.shell:Creating prefix chain script '/home/scott/chapter8/chapter8_ws/install/setup.sh'
[33.208s] INFO:colcon.colcon_core.shell:Creating prefix script '/home/scott/chapter8/chapter8_ws/install/local_setup.bash'
[33.209s] INFO:colcon.colcon_core.shell:Creating prefix chain script '/home/scott/chapter8/chapter8_ws/install/setup.bash'
[33.429s] INFO:colcon.colcon_core.shell:Creating prefix script '/home/scott/chapter8/chapter8_ws/install/local_setup.zsh'
[33.429s] INFO:colcon.colcon_core.shell:Creating prefix chain script '/home/scott/chapter8/chapter8_ws/install/setup.zsh'
