[13.104s] Invoking command in '/home/scott/chapter8/chapter8_ws/build/fishbot_navigation2': CMAKE_PREFIX_PATH=${CMAKE_PREFIX_PATH}:/mnt/e/Dev_ws/install/learning_urdf:/mnt/e/Dev_ws/install/learning_topic:/mnt/e/Dev_ws/install/learning_tf:/mnt/e/Dev_ws/install/learning_service:/mnt/e/Dev_ws/install/learning_qos:/mnt/e/Dev_ws/install/learning_pkg_python:/mnt/e/Dev_ws/install/learning_parameter:/mnt/e/Dev_ws/install/learning_node:/mnt/e/Dev_ws/install/learning_launch:/mnt/e/Dev_ws/install/learning_action:/mnt/e/Dev_ws/install/learning_gazebo_harmonic:/mnt/e/Dev_ws/install/learning_gazebo:/mnt/e/Dev_ws/install/learning_cv:/mnt/e/Dev_ws/install/demo_python_pkg:/opt/ros/humble /usr/bin/cmake /home/scott/chapter8/chapter8_ws/src/fishbot_navigation2 -DCMAKE_EXPORT_COMPILE_COMMANDS=ON -DCMAKE_INSTALL_PREFIX=/home/scott/chapter8/chapter8_ws/install/fishbot_navigation2
[13.707s] -- The C compiler identification is GNU 11.4.0
[14.424s] -- The CXX compiler identification is GNU 11.4.0
[14.839s] -- Detecting C compiler ABI info
[15.285s] -- Detecting C compiler ABI info - done
[15.291s] -- Check for working C compiler: /usr/bin/cc - skipped
[15.292s] -- Detecting C compile features
[15.292s] -- Detecting C compile features - done
[15.295s] -- Detecting CXX compiler ABI info
[15.756s] -- Detecting CXX compiler ABI info - done
[15.762s] -- Check for working CXX compiler: /usr/bin/c++ - skipped
[15.762s] -- Detecting CXX compile features
[15.763s] -- Detecting CXX compile features - done
[16.495s] -- Found ament_cmake: 1.3.13 (/opt/ros/humble/share/ament_cmake/cmake)
[25.551s] -- Found Python3: /usr/bin/python3 (found version "3.10.12") found components: Interpreter 
[39.232s] -- Found ament_lint_auto: 0.12.15 (/opt/ros/humble/share/ament_lint_auto/cmake)
[46.257s] -- Added test 'flake8' to check Python code syntax and style conventions
[46.364s] -- Added test 'lint_cmake' to check CMake code style
[46.466s] -- Added test 'pep257' to check Python code against some of the docstring style conventions in PEP 257
[46.571s] -- Added test 'xmllint' to check XML markup files
[46.794s] -- Configuring done
[46.801s] -- Generating done
[46.802s] [33mCMake Warning:
[46.802s]   Manually-specified variables were not used by the project:
[46.802s] 
[46.802s]     CMAKE_EXPORT_COMPILE_COMMANDS
[46.802s] 
[46.802s] [0m
[46.804s] -- Build files have been written to: /home/scott/chapter8/chapter8_ws/build/fishbot_navigation2
[46.811s] Invoked command in '/home/scott/chapter8/chapter8_ws/build/fishbot_navigation2' returned '0': CMAKE_PREFIX_PATH=${CMAKE_PREFIX_PATH}:/mnt/e/Dev_ws/install/learning_urdf:/mnt/e/Dev_ws/install/learning_topic:/mnt/e/Dev_ws/install/learning_tf:/mnt/e/Dev_ws/install/learning_service:/mnt/e/Dev_ws/install/learning_qos:/mnt/e/Dev_ws/install/learning_pkg_python:/mnt/e/Dev_ws/install/learning_parameter:/mnt/e/Dev_ws/install/learning_node:/mnt/e/Dev_ws/install/learning_launch:/mnt/e/Dev_ws/install/learning_action:/mnt/e/Dev_ws/install/learning_gazebo_harmonic:/mnt/e/Dev_ws/install/learning_gazebo:/mnt/e/Dev_ws/install/learning_cv:/mnt/e/Dev_ws/install/demo_python_pkg:/opt/ros/humble /usr/bin/cmake /home/scott/chapter8/chapter8_ws/src/fishbot_navigation2 -DCMAKE_EXPORT_COMPILE_COMMANDS=ON -DCMAKE_INSTALL_PREFIX=/home/scott/chapter8/chapter8_ws/install/fishbot_navigation2
[46.813s] Invoking command in '/home/scott/chapter8/chapter8_ws/build/fishbot_navigation2': CMAKE_PREFIX_PATH=${CMAKE_PREFIX_PATH}:/mnt/e/Dev_ws/install/learning_urdf:/mnt/e/Dev_ws/install/learning_topic:/mnt/e/Dev_ws/install/learning_tf:/mnt/e/Dev_ws/install/learning_service:/mnt/e/Dev_ws/install/learning_qos:/mnt/e/Dev_ws/install/learning_pkg_python:/mnt/e/Dev_ws/install/learning_parameter:/mnt/e/Dev_ws/install/learning_node:/mnt/e/Dev_ws/install/learning_launch:/mnt/e/Dev_ws/install/learning_action:/mnt/e/Dev_ws/install/learning_gazebo_harmonic:/mnt/e/Dev_ws/install/learning_gazebo:/mnt/e/Dev_ws/install/learning_cv:/mnt/e/Dev_ws/install/demo_python_pkg:/opt/ros/humble /usr/bin/cmake --build /home/scott/chapter8/chapter8_ws/build/fishbot_navigation2 -- -j16 -l16
[47.068s] Invoked command in '/home/scott/chapter8/chapter8_ws/build/fishbot_navigation2' returned '0': CMAKE_PREFIX_PATH=${CMAKE_PREFIX_PATH}:/mnt/e/Dev_ws/install/learning_urdf:/mnt/e/Dev_ws/install/learning_topic:/mnt/e/Dev_ws/install/learning_tf:/mnt/e/Dev_ws/install/learning_service:/mnt/e/Dev_ws/install/learning_qos:/mnt/e/Dev_ws/install/learning_pkg_python:/mnt/e/Dev_ws/install/learning_parameter:/mnt/e/Dev_ws/install/learning_node:/mnt/e/Dev_ws/install/learning_launch:/mnt/e/Dev_ws/install/learning_action:/mnt/e/Dev_ws/install/learning_gazebo_harmonic:/mnt/e/Dev_ws/install/learning_gazebo:/mnt/e/Dev_ws/install/learning_cv:/mnt/e/Dev_ws/install/demo_python_pkg:/opt/ros/humble /usr/bin/cmake --build /home/scott/chapter8/chapter8_ws/build/fishbot_navigation2 -- -j16 -l16
[47.175s] Invoking command in '/home/scott/chapter8/chapter8_ws/build/fishbot_navigation2': CMAKE_PREFIX_PATH=${CMAKE_PREFIX_PATH}:/mnt/e/Dev_ws/install/learning_urdf:/mnt/e/Dev_ws/install/learning_topic:/mnt/e/Dev_ws/install/learning_tf:/mnt/e/Dev_ws/install/learning_service:/mnt/e/Dev_ws/install/learning_qos:/mnt/e/Dev_ws/install/learning_pkg_python:/mnt/e/Dev_ws/install/learning_parameter:/mnt/e/Dev_ws/install/learning_node:/mnt/e/Dev_ws/install/learning_launch:/mnt/e/Dev_ws/install/learning_action:/mnt/e/Dev_ws/install/learning_gazebo_harmonic:/mnt/e/Dev_ws/install/learning_gazebo:/mnt/e/Dev_ws/install/learning_cv:/mnt/e/Dev_ws/install/demo_python_pkg:/opt/ros/humble /usr/bin/cmake --install /home/scott/chapter8/chapter8_ws/build/fishbot_navigation2
[47.229s] -- Install configuration: ""
[47.229s] -- Installing: /home/scott/chapter8/chapter8_ws/install/fishbot_navigation2/share/fishbot_navigation2/launch
[47.231s] -- Installing: /home/scott/chapter8/chapter8_ws/install/fishbot_navigation2/share/fishbot_navigation2/launch/myonline_async_launch.py:Zone.Identifier
[47.231s] -- Installing: /home/scott/chapter8/chapter8_ws/install/fishbot_navigation2/share/fishbot_navigation2/launch/myonline_sync_launch.py:Zone.Identifier
[47.231s] -- Installing: /home/scott/chapter8/chapter8_ws/install/fishbot_navigation2/share/fishbot_navigation2/launch/navigation2.launch.py
[47.231s] -- Installing: /home/scott/chapter8/chapter8_ws/install/fishbot_navigation2/share/fishbot_navigation2/launch/myonline_sync_launch.py
[47.231s] -- Installing: /home/scott/chapter8/chapter8_ws/install/fishbot_navigation2/share/fishbot_navigation2/launch/navigation2.launch.py:Zone.Identifier
[47.232s] -- Installing: /home/scott/chapter8/chapter8_ws/install/fishbot_navigation2/share/fishbot_navigation2/launch/myonline_async_launch.py
[47.232s] -- Installing: /home/scott/chapter8/chapter8_ws/install/fishbot_navigation2/share/fishbot_navigation2/config
[47.232s] -- Installing: /home/scott/chapter8/chapter8_ws/install/fishbot_navigation2/share/fishbot_navigation2/config/nav2_params.yaml:Zone.Identifier
[47.233s] -- Installing: /home/scott/chapter8/chapter8_ws/install/fishbot_navigation2/share/fishbot_navigation2/config/mapper_params_online_async.yaml:Zone.Identifier
[47.233s] -- Installing: /home/scott/chapter8/chapter8_ws/install/fishbot_navigation2/share/fishbot_navigation2/config/nav2_params.yaml
[47.234s] -- Installing: /home/scott/chapter8/chapter8_ws/install/fishbot_navigation2/share/fishbot_navigation2/config/mapper_params_online_async.yaml
[47.234s] -- Installing: /home/scott/chapter8/chapter8_ws/install/fishbot_navigation2/share/fishbot_navigation2/config/mapper_params_online_async.yaml:Zone.Identifier:Zone.Identifier
[47.234s] -- Installing: /home/scott/chapter8/chapter8_ws/install/fishbot_navigation2/share/fishbot_navigation2/maps
[47.235s] -- Installing: /home/scott/chapter8/chapter8_ws/install/fishbot_navigation2/share/fishbot_navigation2/maps/room.pgm:Zone.Identifier
[47.235s] -- Installing: /home/scott/chapter8/chapter8_ws/install/fishbot_navigation2/share/fishbot_navigation2/maps/logs
[47.236s] -- Installing: /home/scott/chapter8/chapter8_ws/install/fishbot_navigation2/share/fishbot_navigation2/maps/room.pgm
[47.237s] -- Installing: /home/scott/chapter8/chapter8_ws/install/fishbot_navigation2/share/fishbot_navigation2/maps/room.yaml:Zone.Identifier
[47.237s] -- Installing: /home/scott/chapter8/chapter8_ws/install/fishbot_navigation2/share/fishbot_navigation2/maps/room.yaml
[47.239s] -- Installing: /home/scott/chapter8/chapter8_ws/install/fishbot_navigation2/share/ament_index/resource_index/package_run_dependencies/fishbot_navigation2
[47.240s] -- Installing: /home/scott/chapter8/chapter8_ws/install/fishbot_navigation2/share/ament_index/resource_index/parent_prefix_path/fishbot_navigation2
[47.241s] -- Installing: /home/scott/chapter8/chapter8_ws/install/fishbot_navigation2/share/fishbot_navigation2/environment/ament_prefix_path.sh
[47.241s] -- Installing: /home/scott/chapter8/chapter8_ws/install/fishbot_navigation2/share/fishbot_navigation2/environment/ament_prefix_path.dsv
[47.242s] -- Installing: /home/scott/chapter8/chapter8_ws/install/fishbot_navigation2/share/fishbot_navigation2/environment/path.sh
[47.242s] -- Installing: /home/scott/chapter8/chapter8_ws/install/fishbot_navigation2/share/fishbot_navigation2/environment/path.dsv
[47.242s] -- Installing: /home/scott/chapter8/chapter8_ws/install/fishbot_navigation2/share/fishbot_navigation2/local_setup.bash
[47.243s] -- Installing: /home/scott/chapter8/chapter8_ws/install/fishbot_navigation2/share/fishbot_navigation2/local_setup.sh
[47.243s] -- Installing: /home/scott/chapter8/chapter8_ws/install/fishbot_navigation2/share/fishbot_navigation2/local_setup.zsh
[47.243s] -- Installing: /home/scott/chapter8/chapter8_ws/install/fishbot_navigation2/share/fishbot_navigation2/local_setup.dsv
[47.243s] -- Installing: /home/scott/chapter8/chapter8_ws/install/fishbot_navigation2/share/fishbot_navigation2/package.dsv
[47.244s] -- Installing: /home/scott/chapter8/chapter8_ws/install/fishbot_navigation2/share/ament_index/resource_index/packages/fishbot_navigation2
[47.245s] -- Installing: /home/scott/chapter8/chapter8_ws/install/fishbot_navigation2/share/fishbot_navigation2/cmake/fishbot_navigation2Config.cmake
[47.245s] -- Installing: /home/scott/chapter8/chapter8_ws/install/fishbot_navigation2/share/fishbot_navigation2/cmake/fishbot_navigation2Config-version.cmake
[47.245s] -- Installing: /home/scott/chapter8/chapter8_ws/install/fishbot_navigation2/share/fishbot_navigation2/package.xml
[47.249s] Invoked command in '/home/scott/chapter8/chapter8_ws/build/fishbot_navigation2' returned '0': CMAKE_PREFIX_PATH=${CMAKE_PREFIX_PATH}:/mnt/e/Dev_ws/install/learning_urdf:/mnt/e/Dev_ws/install/learning_topic:/mnt/e/Dev_ws/install/learning_tf:/mnt/e/Dev_ws/install/learning_service:/mnt/e/Dev_ws/install/learning_qos:/mnt/e/Dev_ws/install/learning_pkg_python:/mnt/e/Dev_ws/install/learning_parameter:/mnt/e/Dev_ws/install/learning_node:/mnt/e/Dev_ws/install/learning_launch:/mnt/e/Dev_ws/install/learning_action:/mnt/e/Dev_ws/install/learning_gazebo_harmonic:/mnt/e/Dev_ws/install/learning_gazebo:/mnt/e/Dev_ws/install/learning_cv:/mnt/e/Dev_ws/install/demo_python_pkg:/opt/ros/humble /usr/bin/cmake --install /home/scott/chapter8/chapter8_ws/build/fishbot_navigation2
