[0.609s] Invoking command in '/home/scott/chapter8/chapter8_ws/build/nav2_custom_planner': CMAKE_PREFIX_PATH=${CMAKE_PREFIX_PATH}:/mnt/e/Dev_ws/install/learning_urdf:/mnt/e/Dev_ws/install/learning_topic:/mnt/e/Dev_ws/install/learning_tf:/mnt/e/Dev_ws/install/learning_service:/mnt/e/Dev_ws/install/learning_qos:/mnt/e/Dev_ws/install/learning_pkg_python:/mnt/e/Dev_ws/install/learning_parameter:/mnt/e/Dev_ws/install/learning_node:/mnt/e/Dev_ws/install/learning_launch:/mnt/e/Dev_ws/install/learning_action:/mnt/e/Dev_ws/install/learning_gazebo_harmonic:/mnt/e/Dev_ws/install/learning_gazebo:/mnt/e/Dev_ws/install/learning_cv:/mnt/e/Dev_ws/install/demo_python_pkg:/opt/ros/humble /usr/bin/cmake --build /home/scott/chapter8/chapter8_ws/build/nav2_custom_planner -- -j16 -l16
[1.609s] [35m[1mConsolidate compiler generated dependencies of target nav2_custom_planner_plugin[0m
[1.865s] [ 50%] [32mBuilding CXX object CMakeFiles/nav2_custom_planner_plugin.dir/src/nav2_custom_planner.cpp.o[0m
[7.192s] [100%] [32m[1mLinking CXX shared library libnav2_custom_planner_plugin.so[0m
[8.189s] [100%] Built target nav2_custom_planner_plugin
[8.353s] Invoked command in '/home/scott/chapter8/chapter8_ws/build/nav2_custom_planner' returned '0': CMAKE_PREFIX_PATH=${CMAKE_PREFIX_PATH}:/mnt/e/Dev_ws/install/learning_urdf:/mnt/e/Dev_ws/install/learning_topic:/mnt/e/Dev_ws/install/learning_tf:/mnt/e/Dev_ws/install/learning_service:/mnt/e/Dev_ws/install/learning_qos:/mnt/e/Dev_ws/install/learning_pkg_python:/mnt/e/Dev_ws/install/learning_parameter:/mnt/e/Dev_ws/install/learning_node:/mnt/e/Dev_ws/install/learning_launch:/mnt/e/Dev_ws/install/learning_action:/mnt/e/Dev_ws/install/learning_gazebo_harmonic:/mnt/e/Dev_ws/install/learning_gazebo:/mnt/e/Dev_ws/install/learning_cv:/mnt/e/Dev_ws/install/demo_python_pkg:/opt/ros/humble /usr/bin/cmake --build /home/scott/chapter8/chapter8_ws/build/nav2_custom_planner -- -j16 -l16
[8.457s] Invoking command in '/home/scott/chapter8/chapter8_ws/build/nav2_custom_planner': CMAKE_PREFIX_PATH=${CMAKE_PREFIX_PATH}:/mnt/e/Dev_ws/install/learning_urdf:/mnt/e/Dev_ws/install/learning_topic:/mnt/e/Dev_ws/install/learning_tf:/mnt/e/Dev_ws/install/learning_service:/mnt/e/Dev_ws/install/learning_qos:/mnt/e/Dev_ws/install/learning_pkg_python:/mnt/e/Dev_ws/install/learning_parameter:/mnt/e/Dev_ws/install/learning_node:/mnt/e/Dev_ws/install/learning_launch:/mnt/e/Dev_ws/install/learning_action:/mnt/e/Dev_ws/install/learning_gazebo_harmonic:/mnt/e/Dev_ws/install/learning_gazebo:/mnt/e/Dev_ws/install/learning_cv:/mnt/e/Dev_ws/install/demo_python_pkg:/opt/ros/humble /usr/bin/cmake --install /home/scott/chapter8/chapter8_ws/build/nav2_custom_planner
[8.555s] -- Install configuration: ""
[8.556s] -- Installing: /home/scott/chapter8/chapter8_ws/install/nav2_custom_planner/lib/libnav2_custom_planner_plugin.so
[8.557s] -- Set runtime path of "/home/scott/chapter8/chapter8_ws/install/nav2_custom_planner/lib/libnav2_custom_planner_plugin.so" to ""
[8.557s] -- Up-to-date: /home/scott/chapter8/chapter8_ws/install/nav2_custom_planner/include
[8.557s] -- Up-to-date: /home/scott/chapter8/chapter8_ws/install/nav2_custom_planner/include/nav2_custom_planner
[8.558s] -- Installing: /home/scott/chapter8/chapter8_ws/install/nav2_custom_planner/include/nav2_custom_planner/nav2_custom_planner.hpp
[8.558s] -- Up-to-date: /home/scott/chapter8/chapter8_ws/install/nav2_custom_planner/share/nav2_custom_planner/custom_planner_plugin.xml
[8.558s] -- Up-to-date: /home/scott/chapter8/chapter8_ws/install/nav2_custom_planner/share/ament_index/resource_index/package_run_dependencies/nav2_custom_planner
[8.558s] -- Up-to-date: /home/scott/chapter8/chapter8_ws/install/nav2_custom_planner/share/ament_index/resource_index/parent_prefix_path/nav2_custom_planner
[8.558s] -- Up-to-date: /home/scott/chapter8/chapter8_ws/install/nav2_custom_planner/share/nav2_custom_planner/environment/ament_prefix_path.sh
[8.558s] -- Up-to-date: /home/scott/chapter8/chapter8_ws/install/nav2_custom_planner/share/nav2_custom_planner/environment/ament_prefix_path.dsv
[8.558s] -- Up-to-date: /home/scott/chapter8/chapter8_ws/install/nav2_custom_planner/share/nav2_custom_planner/environment/path.sh
[8.558s] -- Up-to-date: /home/scott/chapter8/chapter8_ws/install/nav2_custom_planner/share/nav2_custom_planner/environment/path.dsv
[8.558s] -- Up-to-date: /home/scott/chapter8/chapter8_ws/install/nav2_custom_planner/share/nav2_custom_planner/local_setup.bash
[8.558s] -- Up-to-date: /home/scott/chapter8/chapter8_ws/install/nav2_custom_planner/share/nav2_custom_planner/local_setup.sh
[8.558s] -- Up-to-date: /home/scott/chapter8/chapter8_ws/install/nav2_custom_planner/share/nav2_custom_planner/local_setup.zsh
[8.558s] -- Up-to-date: /home/scott/chapter8/chapter8_ws/install/nav2_custom_planner/share/nav2_custom_planner/local_setup.dsv
[8.558s] -- Installing: /home/scott/chapter8/chapter8_ws/install/nav2_custom_planner/share/nav2_custom_planner/package.dsv
[8.559s] -- Up-to-date: /home/scott/chapter8/chapter8_ws/install/nav2_custom_planner/share/ament_index/resource_index/packages/nav2_custom_planner
[8.559s] -- Up-to-date: /home/scott/chapter8/chapter8_ws/install/nav2_custom_planner/share/ament_index/resource_index/nav2_core__pluginlib__plugin/nav2_custom_planner
[8.559s] -- Up-to-date: /home/scott/chapter8/chapter8_ws/install/nav2_custom_planner/share/nav2_custom_planner/cmake/nav2_custom_plannerConfig.cmake
[8.559s] -- Up-to-date: /home/scott/chapter8/chapter8_ws/install/nav2_custom_planner/share/nav2_custom_planner/cmake/nav2_custom_plannerConfig-version.cmake
[8.559s] -- Up-to-date: /home/scott/chapter8/chapter8_ws/install/nav2_custom_planner/share/nav2_custom_planner/package.xml
[8.562s] Invoked command in '/home/scott/chapter8/chapter8_ws/build/nav2_custom_planner' returned '0': CMAKE_PREFIX_PATH=${CMAKE_PREFIX_PATH}:/mnt/e/Dev_ws/install/learning_urdf:/mnt/e/Dev_ws/install/learning_topic:/mnt/e/Dev_ws/install/learning_tf:/mnt/e/Dev_ws/install/learning_service:/mnt/e/Dev_ws/install/learning_qos:/mnt/e/Dev_ws/install/learning_pkg_python:/mnt/e/Dev_ws/install/learning_parameter:/mnt/e/Dev_ws/install/learning_node:/mnt/e/Dev_ws/install/learning_launch:/mnt/e/Dev_ws/install/learning_action:/mnt/e/Dev_ws/install/learning_gazebo_harmonic:/mnt/e/Dev_ws/install/learning_gazebo:/mnt/e/Dev_ws/install/learning_cv:/mnt/e/Dev_ws/install/demo_python_pkg:/opt/ros/humble /usr/bin/cmake --install /home/scott/chapter8/chapter8_ws/build/nav2_custom_planner
