[12.701s] Invoking command in '/home/scott/chapter8/chapter8_ws/build/nav2_custom_planner': CMAKE_PREFIX_PATH=${CMAKE_PREFIX_PATH}:/mnt/e/Dev_ws/install/learning_urdf:/mnt/e/Dev_ws/install/learning_topic:/mnt/e/Dev_ws/install/learning_tf:/mnt/e/Dev_ws/install/learning_service:/mnt/e/Dev_ws/install/learning_qos:/mnt/e/Dev_ws/install/learning_pkg_python:/mnt/e/Dev_ws/install/learning_parameter:/mnt/e/Dev_ws/install/learning_node:/mnt/e/Dev_ws/install/learning_launch:/mnt/e/Dev_ws/install/learning_action:/mnt/e/Dev_ws/install/learning_gazebo_harmonic:/mnt/e/Dev_ws/install/learning_gazebo:/mnt/e/Dev_ws/install/learning_cv:/mnt/e/Dev_ws/install/demo_python_pkg:/opt/ros/humble /usr/bin/cmake /home/scott/chapter8/chapter8_ws/src/nav2_custom_planner -DCMAKE_EXPORT_COMPILE_COMMANDS=ON -DCMAKE_INSTALL_PREFIX=/home/scott/chapter8/chapter8_ws/install/nav2_custom_planner
[13.514s] -- The C compiler identification is GNU 11.4.0
[14.228s] -- The CXX compiler identification is GNU 11.4.0
[14.612s] -- Detecting C compiler ABI info
[15.093s] -- Detecting C compiler ABI info - done
[15.099s] -- Check for working C compiler: /usr/bin/cc - skipped
[15.099s] -- Detecting C compile features
[15.099s] -- Detecting C compile features - done
[15.102s] -- Detecting CXX compiler ABI info
[15.829s] -- Detecting CXX compiler ABI info - done
[15.836s] -- Check for working CXX compiler: /usr/bin/c++ - skipped
[15.836s] -- Detecting CXX compile features
[15.837s] -- Detecting CXX compile features - done
[16.663s] -- Found ament_cmake: 1.3.13 (/opt/ros/humble/share/ament_cmake/cmake)
[26.015s] -- Found Python3: /usr/bin/python3 (found version "3.10.12") found components: Interpreter 
[39.381s] -- Found pluginlib: 5.1.3 (/opt/ros/humble/share/pluginlib/cmake)
[49.041s] -- Found nav2_core: 1.1.20 (/opt/ros/humble/share/nav2_core/cmake)
[60.125s] -- Found rosidl_generator_c: 3.1.8 (/opt/ros/humble/share/rosidl_generator_c/cmake)
[62.207s] -- Found rosidl_adapter: 3.1.8 (/opt/ros/humble/share/rosidl_adapter/cmake)
[64.484s] -- Found rosidl_generator_cpp: 3.1.8 (/opt/ros/humble/share/rosidl_generator_cpp/cmake)
[66.867s] -- Using all available rosidl_typesupport_c: rosidl_typesupport_fastrtps_c;rosidl_typesupport_introspection_c
[68.239s] -- Using all available rosidl_typesupport_cpp: rosidl_typesupport_fastrtps_cpp;rosidl_typesupport_introspection_cpp
[79.590s] -- Found rmw_implementation_cmake: 6.1.2 (/opt/ros/humble/share/rmw_implementation_cmake/cmake)
[80.760s] -- Found rmw_fastrtps_cpp: 6.2.10 (/opt/ros/humble/share/rmw_fastrtps_cpp/cmake)
[86.083s] -- Found TinyXML2 via Config file: TinyXML2_DIR-NOTFOUND
[88.295s] -- Found OpenSSL: /usr/lib/x86_64-linux-gnu/libcrypto.so (found version "3.0.2")  
[88.300s] -- Found TinyXML2 via Config file: TinyXML2_DIR-NOTFOUND
[89.191s] -- Found FastRTPS: /opt/ros/humble/include  
[89.196s] -- Found TinyXML2 via Config file: TinyXML2_DIR-NOTFOUND
[89.245s] -- Found TinyXML2 via Config file: TinyXML2_DIR-NOTFOUND
[89.652s] -- Using RMW implementation 'rmw_fastrtps_cpp' as default
[92.651s] -- Looking for pthread.h
[93.538s] -- Looking for pthread.h - found
[93.538s] -- Performing Test CMAKE_HAVE_LIBC_PTHREAD
[94.397s] -- Performing Test CMAKE_HAVE_LIBC_PTHREAD - Success
[94.398s] -- Found Threads: TRUE  
[126.709s] -- Found Eigen3: TRUE (found version "3.4.0") 
[126.709s] -- Ensuring Eigen3 include directory is part of orocos-kdl CMake target
[141.087s] -- Found ament_lint_auto: 0.12.15 (/opt/ros/humble/share/ament_lint_auto/cmake)
[155.504s] -- Added test 'cppcheck' to perform static code analysis on C / C++ code
[155.504s] -- Configured cppcheck include dirs: 
[155.504s] -- Configured cppcheck exclude dirs and/or files: 
[155.847s] -- Added test 'lint_cmake' to check CMake code style
[156.194s] -- Added test 'uncrustify' to check C / C++ code style
[156.194s] -- Configured uncrustify additional arguments: 
[156.541s] -- Added test 'xmllint' to check XML markup files
[157.262s] -- Configuring done
[157.274s] -- Generating done
[157.276s] [33mCMake Warning:
[157.276s]   Manually-specified variables were not used by the project:
[157.276s] 
[157.276s]     CMAKE_EXPORT_COMPILE_COMMANDS
[157.276s] 
[157.276s] [0m
[157.278s] -- Build files have been written to: /home/scott/chapter8/chapter8_ws/build/nav2_custom_planner
[157.296s] Invoked command in '/home/scott/chapter8/chapter8_ws/build/nav2_custom_planner' returned '0': CMAKE_PREFIX_PATH=${CMAKE_PREFIX_PATH}:/mnt/e/Dev_ws/install/learning_urdf:/mnt/e/Dev_ws/install/learning_topic:/mnt/e/Dev_ws/install/learning_tf:/mnt/e/Dev_ws/install/learning_service:/mnt/e/Dev_ws/install/learning_qos:/mnt/e/Dev_ws/install/learning_pkg_python:/mnt/e/Dev_ws/install/learning_parameter:/mnt/e/Dev_ws/install/learning_node:/mnt/e/Dev_ws/install/learning_launch:/mnt/e/Dev_ws/install/learning_action:/mnt/e/Dev_ws/install/learning_gazebo_harmonic:/mnt/e/Dev_ws/install/learning_gazebo:/mnt/e/Dev_ws/install/learning_cv:/mnt/e/Dev_ws/install/demo_python_pkg:/opt/ros/humble /usr/bin/cmake /home/scott/chapter8/chapter8_ws/src/nav2_custom_planner -DCMAKE_EXPORT_COMPILE_COMMANDS=ON -DCMAKE_INSTALL_PREFIX=/home/scott/chapter8/chapter8_ws/install/nav2_custom_planner
[157.298s] Invoking command in '/home/scott/chapter8/chapter8_ws/build/nav2_custom_planner': CMAKE_PREFIX_PATH=${CMAKE_PREFIX_PATH}:/mnt/e/Dev_ws/install/learning_urdf:/mnt/e/Dev_ws/install/learning_topic:/mnt/e/Dev_ws/install/learning_tf:/mnt/e/Dev_ws/install/learning_service:/mnt/e/Dev_ws/install/learning_qos:/mnt/e/Dev_ws/install/learning_pkg_python:/mnt/e/Dev_ws/install/learning_parameter:/mnt/e/Dev_ws/install/learning_node:/mnt/e/Dev_ws/install/learning_launch:/mnt/e/Dev_ws/install/learning_action:/mnt/e/Dev_ws/install/learning_gazebo_harmonic:/mnt/e/Dev_ws/install/learning_gazebo:/mnt/e/Dev_ws/install/learning_cv:/mnt/e/Dev_ws/install/demo_python_pkg:/opt/ros/humble /usr/bin/cmake --build /home/scott/chapter8/chapter8_ws/build/nav2_custom_planner -- -j16 -l16
[158.047s] Invoked command in '/home/scott/chapter8/chapter8_ws/build/nav2_custom_planner' returned '0': CMAKE_PREFIX_PATH=${CMAKE_PREFIX_PATH}:/mnt/e/Dev_ws/install/learning_urdf:/mnt/e/Dev_ws/install/learning_topic:/mnt/e/Dev_ws/install/learning_tf:/mnt/e/Dev_ws/install/learning_service:/mnt/e/Dev_ws/install/learning_qos:/mnt/e/Dev_ws/install/learning_pkg_python:/mnt/e/Dev_ws/install/learning_parameter:/mnt/e/Dev_ws/install/learning_node:/mnt/e/Dev_ws/install/learning_launch:/mnt/e/Dev_ws/install/learning_action:/mnt/e/Dev_ws/install/learning_gazebo_harmonic:/mnt/e/Dev_ws/install/learning_gazebo:/mnt/e/Dev_ws/install/learning_cv:/mnt/e/Dev_ws/install/demo_python_pkg:/opt/ros/humble /usr/bin/cmake --build /home/scott/chapter8/chapter8_ws/build/nav2_custom_planner -- -j16 -l16
[158.049s] Invoking command in '/home/scott/chapter8/chapter8_ws/build/nav2_custom_planner': CMAKE_PREFIX_PATH=${CMAKE_PREFIX_PATH}:/mnt/e/Dev_ws/install/learning_urdf:/mnt/e/Dev_ws/install/learning_topic:/mnt/e/Dev_ws/install/learning_tf:/mnt/e/Dev_ws/install/learning_service:/mnt/e/Dev_ws/install/learning_qos:/mnt/e/Dev_ws/install/learning_pkg_python:/mnt/e/Dev_ws/install/learning_parameter:/mnt/e/Dev_ws/install/learning_node:/mnt/e/Dev_ws/install/learning_launch:/mnt/e/Dev_ws/install/learning_action:/mnt/e/Dev_ws/install/learning_gazebo_harmonic:/mnt/e/Dev_ws/install/learning_gazebo:/mnt/e/Dev_ws/install/learning_cv:/mnt/e/Dev_ws/install/demo_python_pkg:/opt/ros/humble /usr/bin/cmake --install /home/scott/chapter8/chapter8_ws/build/nav2_custom_planner
[158.130s] -- Install configuration: ""
[158.132s] -- Installing: /home/scott/chapter8/chapter8_ws/install/nav2_custom_planner/share/ament_index/resource_index/package_run_dependencies/nav2_custom_planner
[158.133s] -- Installing: /home/scott/chapter8/chapter8_ws/install/nav2_custom_planner/share/ament_index/resource_index/parent_prefix_path/nav2_custom_planner
[158.134s] -- Installing: /home/scott/chapter8/chapter8_ws/install/nav2_custom_planner/share/nav2_custom_planner/environment/ament_prefix_path.sh
[158.134s] -- Installing: /home/scott/chapter8/chapter8_ws/install/nav2_custom_planner/share/nav2_custom_planner/environment/ament_prefix_path.dsv
[158.135s] -- Installing: /home/scott/chapter8/chapter8_ws/install/nav2_custom_planner/share/nav2_custom_planner/environment/path.sh
[158.135s] -- Installing: /home/scott/chapter8/chapter8_ws/install/nav2_custom_planner/share/nav2_custom_planner/environment/path.dsv
[158.135s] -- Installing: /home/scott/chapter8/chapter8_ws/install/nav2_custom_planner/share/nav2_custom_planner/local_setup.bash
[158.135s] -- Installing: /home/scott/chapter8/chapter8_ws/install/nav2_custom_planner/share/nav2_custom_planner/local_setup.sh
[158.136s] -- Installing: /home/scott/chapter8/chapter8_ws/install/nav2_custom_planner/share/nav2_custom_planner/local_setup.zsh
[158.136s] -- Installing: /home/scott/chapter8/chapter8_ws/install/nav2_custom_planner/share/nav2_custom_planner/local_setup.dsv
[158.136s] -- Installing: /home/scott/chapter8/chapter8_ws/install/nav2_custom_planner/share/nav2_custom_planner/package.dsv
[158.137s] -- Installing: /home/scott/chapter8/chapter8_ws/install/nav2_custom_planner/share/ament_index/resource_index/packages/nav2_custom_planner
[158.137s] -- Installing: /home/scott/chapter8/chapter8_ws/install/nav2_custom_planner/share/nav2_custom_planner/cmake/nav2_custom_plannerConfig.cmake
[158.137s] -- Installing: /home/scott/chapter8/chapter8_ws/install/nav2_custom_planner/share/nav2_custom_planner/cmake/nav2_custom_plannerConfig-version.cmake
[158.138s] -- Installing: /home/scott/chapter8/chapter8_ws/install/nav2_custom_planner/share/nav2_custom_planner/package.xml
[158.142s] Invoked command in '/home/scott/chapter8/chapter8_ws/build/nav2_custom_planner' returned '0': CMAKE_PREFIX_PATH=${CMAKE_PREFIX_PATH}:/mnt/e/Dev_ws/install/learning_urdf:/mnt/e/Dev_ws/install/learning_topic:/mnt/e/Dev_ws/install/learning_tf:/mnt/e/Dev_ws/install/learning_service:/mnt/e/Dev_ws/install/learning_qos:/mnt/e/Dev_ws/install/learning_pkg_python:/mnt/e/Dev_ws/install/learning_parameter:/mnt/e/Dev_ws/install/learning_node:/mnt/e/Dev_ws/install/learning_launch:/mnt/e/Dev_ws/install/learning_action:/mnt/e/Dev_ws/install/learning_gazebo_harmonic:/mnt/e/Dev_ws/install/learning_gazebo:/mnt/e/Dev_ws/install/learning_cv:/mnt/e/Dev_ws/install/demo_python_pkg:/opt/ros/humble /usr/bin/cmake --install /home/scott/chapter8/chapter8_ws/build/nav2_custom_planner
