[20.882s] Invoking command in '/home/scott/chapter8/chapter8_ws/src/autopatrol_robot': PYTHONPATH=/home/scott/chapter8/chapter8_ws/build/autopatrol_robot/prefix_override:/usr/lib/python3/dist-packages/colcon_core/task/python/colcon_distutils_commands:/home/scott/chapter8/chapter8_ws/install/autopatrol_robot/lib/python3.10/site-packages:${PYTHONPATH} /usr/bin/python3 -W ignore:setup.py install is deprecated -W ignore:easy_install command is deprecated setup.py egg_info --egg-base ../../build/autopatrol_robot build --build-base /home/scott/chapter8/chapter8_ws/build/autopatrol_robot/build install --record /home/scott/chapter8/chapter8_ws/build/autopatrol_robot/install.log --single-version-externally-managed install_data
[25.261s] running egg_info
[25.261s] writing ../../build/autopatrol_robot/autopatrol_robot.egg-info/PKG-INFO
[25.262s] writing dependency_links to ../../build/autopatrol_robot/autopatrol_robot.egg-info/dependency_links.txt
[25.262s] writing entry points to ../../build/autopatrol_robot/autopatrol_robot.egg-info/entry_points.txt
[25.263s] writing requirements to ../../build/autopatrol_robot/autopatrol_robot.egg-info/requires.txt
[25.263s] writing top-level names to ../../build/autopatrol_robot/autopatrol_robot.egg-info/top_level.txt
[25.265s] reading manifest file '../../build/autopatrol_robot/autopatrol_robot.egg-info/SOURCES.txt'
[25.265s] writing manifest file '../../build/autopatrol_robot/autopatrol_robot.egg-info/SOURCES.txt'
[25.266s] running build
[25.266s] running build_py
[25.266s] running install
[25.266s] running install_lib
[25.301s] running install_data
[25.302s] running install_egg_info
[25.338s] removing '/home/scott/chapter8/chapter8_ws/install/autopatrol_robot/lib/python3.10/site-packages/autopatrol_robot-0.0.0-py3.10.egg-info' (and everything under it)
[25.338s] Copying ../../build/autopatrol_robot/autopatrol_robot.egg-info to /home/scott/chapter8/chapter8_ws/install/autopatrol_robot/lib/python3.10/site-packages/autopatrol_robot-0.0.0-py3.10.egg-info
[25.340s] running install_scripts
[25.815s] Installing patrol_node script to /home/scott/chapter8/chapter8_ws/install/autopatrol_robot/lib/autopatrol_robot
[25.815s] Installing speaker script to /home/scott/chapter8/chapter8_ws/install/autopatrol_robot/lib/autopatrol_robot
[25.816s] writing list of installed files to '/home/scott/chapter8/chapter8_ws/build/autopatrol_robot/install.log'
[25.865s] Invoked command in '/home/scott/chapter8/chapter8_ws/src/autopatrol_robot' returned '0': PYTHONPATH=/home/scott/chapter8/chapter8_ws/build/autopatrol_robot/prefix_override:/usr/lib/python3/dist-packages/colcon_core/task/python/colcon_distutils_commands:/home/scott/chapter8/chapter8_ws/install/autopatrol_robot/lib/python3.10/site-packages:${PYTHONPATH} /usr/bin/python3 -W ignore:setup.py install is deprecated -W ignore:easy_install command is deprecated setup.py egg_info --egg-base ../../build/autopatrol_robot build --build-base /home/scott/chapter8/chapter8_ws/build/autopatrol_robot/build install --record /home/scott/chapter8/chapter8_ws/build/autopatrol_robot/install.log --single-version-externally-managed install_data
