[0.615s] Invoking command in '/home/scott/chapter8/chapter8_ws/build/nav2_custom_planner': CMAKE_PREFIX_PATH=${CMAKE_PREFIX_PATH}:/mnt/e/Dev_ws/install/learning_urdf:/mnt/e/Dev_ws/install/learning_topic:/mnt/e/Dev_ws/install/learning_tf:/mnt/e/Dev_ws/install/learning_service:/mnt/e/Dev_ws/install/learning_qos:/mnt/e/Dev_ws/install/learning_pkg_python:/mnt/e/Dev_ws/install/learning_parameter:/mnt/e/Dev_ws/install/learning_node:/mnt/e/Dev_ws/install/learning_launch:/mnt/e/Dev_ws/install/learning_action:/mnt/e/Dev_ws/install/learning_gazebo_harmonic:/mnt/e/Dev_ws/install/learning_gazebo:/mnt/e/Dev_ws/install/learning_cv:/mnt/e/Dev_ws/install/demo_python_pkg:/opt/ros/humble /usr/bin/cmake /home/scott/chapter8/chapter8_ws/src/nav2_custom_planner -DCMAKE_INSTALL_PREFIX=/home/scott/chapter8/chapter8_ws/install/nav2_custom_planner
[0.907s] -- Found ament_cmake: 1.3.13 (/opt/ros/humble/share/ament_cmake/cmake)
[7.764s] -- Found pluginlib: 5.1.3 (/opt/ros/humble/share/pluginlib/cmake)
[11.372s] -- Found nav2_core: 1.1.20 (/opt/ros/humble/share/nav2_core/cmake)
[11.387s] -- Found rosidl_generator_c: 3.1.8 (/opt/ros/humble/share/rosidl_generator_c/cmake)
[11.388s] -- Found rosidl_adapter: 3.1.8 (/opt/ros/humble/share/rosidl_adapter/cmake)
[11.393s] -- Found rosidl_generator_cpp: 3.1.8 (/opt/ros/humble/share/rosidl_generator_cpp/cmake)
[11.470s] -- Using all available rosidl_typesupport_c: rosidl_typesupport_fastrtps_c;rosidl_typesupport_introspection_c
[11.545s] -- Using all available rosidl_typesupport_cpp: rosidl_typesupport_fastrtps_cpp;rosidl_typesupport_introspection_cpp
[11.784s] -- Found rmw_implementation_cmake: 6.1.2 (/opt/ros/humble/share/rmw_implementation_cmake/cmake)
[11.858s] -- Found rmw_fastrtps_cpp: 6.2.10 (/opt/ros/humble/share/rmw_fastrtps_cpp/cmake)
[11.873s] -- Found TinyXML2 via Config file: TinyXML2_DIR-NOTFOUND
[11.937s] -- Found TinyXML2 via Config file: TinyXML2_DIR-NOTFOUND
[12.369s] -- Found TinyXML2 via Config file: TinyXML2_DIR-NOTFOUND
[12.428s] -- Found TinyXML2 via Config file: TinyXML2_DIR-NOTFOUND
[12.899s] -- Using RMW implementation 'rmw_fastrtps_cpp' as default
[13.100s] -- Ensuring Eigen3 include directory is part of orocos-kdl CMake target
[13.165s] -- Found ament_lint_auto: 0.12.15 (/opt/ros/humble/share/ament_lint_auto/cmake)
[16.413s] -- Added test 'cppcheck' to perform static code analysis on C / C++ code
[16.413s] -- Configured cppcheck include dirs: /home/scott/chapter8/chapter8_ws/src/nav2_custom_planner/include
[16.414s] -- Configured cppcheck exclude dirs and/or files: 
[16.414s] -- Added test 'lint_cmake' to check CMake code style
[16.415s] -- Added test 'uncrustify' to check C / C++ code style
[16.415s] -- Configured uncrustify additional arguments: 
[16.415s] -- Added test 'xmllint' to check XML markup files
[16.416s] -- Configuring done
[16.421s] [31mCMake Error at CMakeLists.txt:31 (add_library):
[16.422s]   Cannot find source file:
[16.422s] 
[16.422s]     src/nav2-custom_planner.cpp
[16.422s] 
[16.422s]   Tried extensions .c .C .c++ .cc .cpp .cxx .cu .mpp .m .M .mm .ixx .cppm .h
[16.422s]   .hh .h++ .hm .hpp .hxx .in .txx .f .F .for .f77 .f90 .f95 .f03 .hip .ispc
[16.422s] 
[16.422s] [0m
[16.425s] [31mCMake Error at CMakeLists.txt:31 (add_library):
[16.425s]   No SOURCES given to target: nav2_custom_planner_plugin
[16.425s] 
[16.425s] [0m
[16.425s] [0mCMake Generate step failed.  Build files cannot be regenerated correctly.[0m
[16.437s] Invoked command in '/home/scott/chapter8/chapter8_ws/build/nav2_custom_planner' returned '1': CMAKE_PREFIX_PATH=${CMAKE_PREFIX_PATH}:/mnt/e/Dev_ws/install/learning_urdf:/mnt/e/Dev_ws/install/learning_topic:/mnt/e/Dev_ws/install/learning_tf:/mnt/e/Dev_ws/install/learning_service:/mnt/e/Dev_ws/install/learning_qos:/mnt/e/Dev_ws/install/learning_pkg_python:/mnt/e/Dev_ws/install/learning_parameter:/mnt/e/Dev_ws/install/learning_node:/mnt/e/Dev_ws/install/learning_launch:/mnt/e/Dev_ws/install/learning_action:/mnt/e/Dev_ws/install/learning_gazebo_harmonic:/mnt/e/Dev_ws/install/learning_gazebo:/mnt/e/Dev_ws/install/learning_cv:/mnt/e/Dev_ws/install/demo_python_pkg:/opt/ros/humble /usr/bin/cmake /home/scott/chapter8/chapter8_ws/src/nav2_custom_planner -DCMAKE_INSTALL_PREFIX=/home/scott/chapter8/chapter8_ws/install/nav2_custom_planner
