[0.646s] Invoking command in '/home/scott/chapter8/chapter8_ws/build/nav2_custom_planner': CMAKE_PREFIX_PATH=${CMAKE_PREFIX_PATH}:/mnt/e/Dev_ws/install/learning_urdf:/mnt/e/Dev_ws/install/learning_topic:/mnt/e/Dev_ws/install/learning_tf:/mnt/e/Dev_ws/install/learning_service:/mnt/e/Dev_ws/install/learning_qos:/mnt/e/Dev_ws/install/learning_pkg_python:/mnt/e/Dev_ws/install/learning_parameter:/mnt/e/Dev_ws/install/learning_node:/mnt/e/Dev_ws/install/learning_launch:/mnt/e/Dev_ws/install/learning_action:/mnt/e/Dev_ws/install/learning_gazebo_harmonic:/mnt/e/Dev_ws/install/learning_gazebo:/mnt/e/Dev_ws/install/learning_cv:/mnt/e/Dev_ws/install/demo_python_pkg:/opt/ros/humble /usr/bin/cmake --build /home/scott/chapter8/chapter8_ws/build/nav2_custom_planner -- -j16 -l16
[1.681s] [35m[1mConsolidate compiler generated dependencies of target nav2_custom_planner_plugin[0m
[1.942s] [ 50%] [32mBuilding CXX object CMakeFiles/nav2_custom_planner_plugin.dir/src/nav2_custom_planner.cpp.o[0m
[8.068s] [100%] [32m[1mLinking CXX shared library libnav2_custom_planner_plugin.so[0m
[9.056s] [100%] Built target nav2_custom_planner_plugin
[9.237s] Invoked command in '/home/scott/chapter8/chapter8_ws/build/nav2_custom_planner' returned '0': CMAKE_PREFIX_PATH=${CMAKE_PREFIX_PATH}:/mnt/e/Dev_ws/install/learning_urdf:/mnt/e/Dev_ws/install/learning_topic:/mnt/e/Dev_ws/install/learning_tf:/mnt/e/Dev_ws/install/learning_service:/mnt/e/Dev_ws/install/learning_qos:/mnt/e/Dev_ws/install/learning_pkg_python:/mnt/e/Dev_ws/install/learning_parameter:/mnt/e/Dev_ws/install/learning_node:/mnt/e/Dev_ws/install/learning_launch:/mnt/e/Dev_ws/install/learning_action:/mnt/e/Dev_ws/install/learning_gazebo_harmonic:/mnt/e/Dev_ws/install/learning_gazebo:/mnt/e/Dev_ws/install/learning_cv:/mnt/e/Dev_ws/install/demo_python_pkg:/opt/ros/humble /usr/bin/cmake --build /home/scott/chapter8/chapter8_ws/build/nav2_custom_planner -- -j16 -l16
[9.421s] Invoking command in '/home/scott/chapter8/chapter8_ws/build/nav2_custom_planner': CMAKE_PREFIX_PATH=${CMAKE_PREFIX_PATH}:/mnt/e/Dev_ws/install/learning_urdf:/mnt/e/Dev_ws/install/learning_topic:/mnt/e/Dev_ws/install/learning_tf:/mnt/e/Dev_ws/install/learning_service:/mnt/e/Dev_ws/install/learning_qos:/mnt/e/Dev_ws/install/learning_pkg_python:/mnt/e/Dev_ws/install/learning_parameter:/mnt/e/Dev_ws/install/learning_node:/mnt/e/Dev_ws/install/learning_launch:/mnt/e/Dev_ws/install/learning_action:/mnt/e/Dev_ws/install/learning_gazebo_harmonic:/mnt/e/Dev_ws/install/learning_gazebo:/mnt/e/Dev_ws/install/learning_cv:/mnt/e/Dev_ws/install/demo_python_pkg:/opt/ros/humble /usr/bin/cmake --install /home/scott/chapter8/chapter8_ws/build/nav2_custom_planner
[9.600s] -- Install configuration: ""
[9.602s] -- Installing: /home/scott/chapter8/chapter8_ws/install/nav2_custom_planner/lib/libnav2_custom_planner_plugin.so
[9.603s] -- Set runtime path of "/home/scott/chapter8/chapter8_ws/install/nav2_custom_planner/lib/libnav2_custom_planner_plugin.so" to ""
[9.603s] -- Up-to-date: /home/scott/chapter8/chapter8_ws/install/nav2_custom_planner/include
[9.603s] -- Up-to-date: /home/scott/chapter8/chapter8_ws/install/nav2_custom_planner/include/nav2_custom_planner
[9.603s] -- Installing: /home/scott/chapter8/chapter8_ws/install/nav2_custom_planner/include/nav2_custom_planner/nav2_custom_planner.hpp
[9.604s] -- Up-to-date: /home/scott/chapter8/chapter8_ws/install/nav2_custom_planner/share/nav2_custom_planner/custom_planner_plugin.xml
[9.604s] -- Up-to-date: /home/scott/chapter8/chapter8_ws/install/nav2_custom_planner/share/ament_index/resource_index/package_run_dependencies/nav2_custom_planner
[9.604s] -- Up-to-date: /home/scott/chapter8/chapter8_ws/install/nav2_custom_planner/share/ament_index/resource_index/parent_prefix_path/nav2_custom_planner
[9.604s] -- Up-to-date: /home/scott/chapter8/chapter8_ws/install/nav2_custom_planner/share/nav2_custom_planner/environment/ament_prefix_path.sh
[9.604s] -- Up-to-date: /home/scott/chapter8/chapter8_ws/install/nav2_custom_planner/share/nav2_custom_planner/environment/ament_prefix_path.dsv
[9.604s] -- Up-to-date: /home/scott/chapter8/chapter8_ws/install/nav2_custom_planner/share/nav2_custom_planner/environment/path.sh
[9.604s] -- Up-to-date: /home/scott/chapter8/chapter8_ws/install/nav2_custom_planner/share/nav2_custom_planner/environment/path.dsv
[9.605s] -- Up-to-date: /home/scott/chapter8/chapter8_ws/install/nav2_custom_planner/share/nav2_custom_planner/local_setup.bash
[9.605s] -- Up-to-date: /home/scott/chapter8/chapter8_ws/install/nav2_custom_planner/share/nav2_custom_planner/local_setup.sh
[9.605s] -- Up-to-date: /home/scott/chapter8/chapter8_ws/install/nav2_custom_planner/share/nav2_custom_planner/local_setup.zsh
[9.605s] -- Up-to-date: /home/scott/chapter8/chapter8_ws/install/nav2_custom_planner/share/nav2_custom_planner/local_setup.dsv
[9.605s] -- Installing: /home/scott/chapter8/chapter8_ws/install/nav2_custom_planner/share/nav2_custom_planner/package.dsv
[9.605s] -- Up-to-date: /home/scott/chapter8/chapter8_ws/install/nav2_custom_planner/share/ament_index/resource_index/packages/nav2_custom_planner
[9.605s] -- Up-to-date: /home/scott/chapter8/chapter8_ws/install/nav2_custom_planner/share/ament_index/resource_index/nav2_core__pluginlib__plugin/nav2_custom_planner
[9.606s] -- Up-to-date: /home/scott/chapter8/chapter8_ws/install/nav2_custom_planner/share/nav2_custom_planner/cmake/nav2_custom_plannerConfig.cmake
[9.606s] -- Up-to-date: /home/scott/chapter8/chapter8_ws/install/nav2_custom_planner/share/nav2_custom_planner/cmake/nav2_custom_plannerConfig-version.cmake
[9.606s] -- Up-to-date: /home/scott/chapter8/chapter8_ws/install/nav2_custom_planner/share/nav2_custom_planner/package.xml
[9.610s] Invoked command in '/home/scott/chapter8/chapter8_ws/build/nav2_custom_planner' returned '0': CMAKE_PREFIX_PATH=${CMAKE_PREFIX_PATH}:/mnt/e/Dev_ws/install/learning_urdf:/mnt/e/Dev_ws/install/learning_topic:/mnt/e/Dev_ws/install/learning_tf:/mnt/e/Dev_ws/install/learning_service:/mnt/e/Dev_ws/install/learning_qos:/mnt/e/Dev_ws/install/learning_pkg_python:/mnt/e/Dev_ws/install/learning_parameter:/mnt/e/Dev_ws/install/learning_node:/mnt/e/Dev_ws/install/learning_launch:/mnt/e/Dev_ws/install/learning_action:/mnt/e/Dev_ws/install/learning_gazebo_harmonic:/mnt/e/Dev_ws/install/learning_gazebo:/mnt/e/Dev_ws/install/learning_cv:/mnt/e/Dev_ws/install/demo_python_pkg:/opt/ros/humble /usr/bin/cmake --install /home/scott/chapter8/chapter8_ws/build/nav2_custom_planner
