[3.256s] DEBUG:colcon:Command line arguments: ['/usr/bin/colcon', 'build', '--cmake-args', '-DCMAKE_EXPORT_COMPILE_COMMANDS=ON']
[3.256s] DEBUG:colcon:Parsed command line arguments: Namespace(log_base=None, log_level=None, verb_name='build', build_base='build', install_base='install', merge_install=False, symlink_install=False, test_result_base=None, continue_on_error=False, executor='parallel', parallel_workers=16, event_handlers=None, ignore_user_meta=False, metas=['./colcon.meta'], base_paths=['.'], packages_ignore=None, packages_ignore_regex=None, paths=None, packages_up_to=None, packages_up_to_regex=None, packages_above=None, packages_above_and_dependencies=None, packages_above_depth=None, packages_select_by_dep=None, packages_skip_by_dep=None, packages_skip_up_to=None, packages_select_build_failed=False, packages_skip_build_finished=False, packages_select_test_failures=False, packages_skip_test_passed=False, packages_select=None, packages_skip=None, packages_select_regex=None, packages_skip_regex=None, packages_start=None, packages_end=None, allow_overriding=[], cmake_args=['-DCMAKE_EXPORT_COMPILE_COMMANDS=ON'], cmake_target=None, cmake_target_skip_unavailable=False, cmake_clean_cache=False, cmake_clean_first=False, cmake_force_configure=False, ament_cmake_args=None, catkin_cmake_args=None, catkin_skip_building_tests=False, verb_parser=<colcon_defaults.argument_parser.defaults.DefaultArgumentsDecorator object at 0x75eac8403550>, verb_extension=<colcon_core.verb.build.BuildVerb object at 0x75eac8402530>, main=<bound method BuildVerb.main of <colcon_core.verb.build.BuildVerb object at 0x75eac8402530>>)
[5.430s] Level 1:colcon.colcon_core.package_discovery:discover_packages(colcon_meta) check parameters
[5.431s] Level 1:colcon.colcon_core.package_discovery:discover_packages(recursive) check parameters
[5.431s] Level 1:colcon.colcon_core.package_discovery:discover_packages(ignore) check parameters
[5.431s] Level 1:colcon.colcon_core.package_discovery:discover_packages(path) check parameters
[5.431s] Level 1:colcon.colcon_core.package_discovery:discover_packages(colcon_meta) discover
[5.431s] Level 1:colcon.colcon_core.package_discovery:discover_packages(recursive) discover
[5.431s] INFO:colcon.colcon_core.package_discovery:Crawling recursively for packages in '/home/scott/chapter8/chapter8_ws'
[5.431s] Level 1:colcon.colcon_core.package_identification:_identify(.) by extensions ['ignore', 'ignore_ament_install']
[5.431s] Level 1:colcon.colcon_core.package_identification:_identify(.) by extension 'ignore'
[5.431s] Level 1:colcon.colcon_core.package_identification:_identify(.) by extension 'ignore_ament_install'
[5.431s] Level 1:colcon.colcon_core.package_identification:_identify(.) by extensions ['colcon_pkg']
[5.431s] Level 1:colcon.colcon_core.package_identification:_identify(.) by extension 'colcon_pkg'
[5.431s] Level 1:colcon.colcon_core.package_identification:_identify(.) by extensions ['colcon_meta']
[5.431s] Level 1:colcon.colcon_core.package_identification:_identify(.) by extension 'colcon_meta'
[5.431s] Level 1:colcon.colcon_core.package_identification:_identify(.) by extensions ['ros']
[5.431s] Level 1:colcon.colcon_core.package_identification:_identify(.) by extension 'ros'
[5.490s] Level 1:colcon.colcon_core.package_identification:_identify(.) by extensions ['cmake', 'python']
[5.490s] Level 1:colcon.colcon_core.package_identification:_identify(.) by extension 'cmake'
[5.490s] Level 1:colcon.colcon_core.package_identification:_identify(.) by extension 'python'
[5.491s] Level 1:colcon.colcon_core.package_identification:_identify(.) by extensions ['python_setup_py']
[5.491s] Level 1:colcon.colcon_core.package_identification:_identify(.) by extension 'python_setup_py'
[5.491s] Level 1:colcon.colcon_core.package_identification:_identify(build) by extensions ['ignore', 'ignore_ament_install']
[5.491s] Level 1:colcon.colcon_core.package_identification:_identify(build) by extension 'ignore'
[5.491s] Level 1:colcon.colcon_core.package_identification:_identify(build) ignored
[5.491s] Level 1:colcon.colcon_core.package_identification:_identify(install) by extensions ['ignore', 'ignore_ament_install']
[5.491s] Level 1:colcon.colcon_core.package_identification:_identify(install) by extension 'ignore'
[5.491s] Level 1:colcon.colcon_core.package_identification:_identify(install) ignored
[5.491s] Level 1:colcon.colcon_core.package_identification:_identify(log) by extensions ['ignore', 'ignore_ament_install']
[5.491s] Level 1:colcon.colcon_core.package_identification:_identify(log) by extension 'ignore'
[5.491s] Level 1:colcon.colcon_core.package_identification:_identify(log) ignored
[5.492s] Level 1:colcon.colcon_core.package_identification:_identify(src) by extensions ['ignore', 'ignore_ament_install']
[5.492s] Level 1:colcon.colcon_core.package_identification:_identify(src) by extension 'ignore'
[5.492s] Level 1:colcon.colcon_core.package_identification:_identify(src) by extension 'ignore_ament_install'
[5.492s] Level 1:colcon.colcon_core.package_identification:_identify(src) by extensions ['colcon_pkg']
[5.492s] Level 1:colcon.colcon_core.package_identification:_identify(src) by extension 'colcon_pkg'
[5.492s] Level 1:colcon.colcon_core.package_identification:_identify(src) by extensions ['colcon_meta']
[5.492s] Level 1:colcon.colcon_core.package_identification:_identify(src) by extension 'colcon_meta'
[5.492s] Level 1:colcon.colcon_core.package_identification:_identify(src) by extensions ['ros']
[5.492s] Level 1:colcon.colcon_core.package_identification:_identify(src) by extension 'ros'
[5.492s] Level 1:colcon.colcon_core.package_identification:_identify(src) by extensions ['cmake', 'python']
[5.492s] Level 1:colcon.colcon_core.package_identification:_identify(src) by extension 'cmake'
[5.492s] Level 1:colcon.colcon_core.package_identification:_identify(src) by extension 'python'
[5.492s] Level 1:colcon.colcon_core.package_identification:_identify(src) by extensions ['python_setup_py']
[5.492s] Level 1:colcon.colcon_core.package_identification:_identify(src) by extension 'python_setup_py'
[5.492s] Level 1:colcon.colcon_core.package_identification:_identify(src/autopatrol_interfaces) by extensions ['ignore', 'ignore_ament_install']
[5.492s] Level 1:colcon.colcon_core.package_identification:_identify(src/autopatrol_interfaces) by extension 'ignore'
[5.492s] Level 1:colcon.colcon_core.package_identification:_identify(src/autopatrol_interfaces) by extension 'ignore_ament_install'
[5.493s] Level 1:colcon.colcon_core.package_identification:_identify(src/autopatrol_interfaces) by extensions ['colcon_pkg']
[5.493s] Level 1:colcon.colcon_core.package_identification:_identify(src/autopatrol_interfaces) by extension 'colcon_pkg'
[5.493s] Level 1:colcon.colcon_core.package_identification:_identify(src/autopatrol_interfaces) by extensions ['colcon_meta']
[5.493s] Level 1:colcon.colcon_core.package_identification:_identify(src/autopatrol_interfaces) by extension 'colcon_meta'
[5.493s] Level 1:colcon.colcon_core.package_identification:_identify(src/autopatrol_interfaces) by extensions ['ros']
[5.493s] Level 1:colcon.colcon_core.package_identification:_identify(src/autopatrol_interfaces) by extension 'ros'
[5.496s] DEBUG:colcon.colcon_core.package_identification:Package 'src/autopatrol_interfaces' with type 'ros.ament_cmake' and name 'autopatrol_interfaces'
[5.496s] Level 1:colcon.colcon_core.package_identification:_identify(src/autopatrol_robot) by extensions ['ignore', 'ignore_ament_install']
[5.496s] Level 1:colcon.colcon_core.package_identification:_identify(src/autopatrol_robot) by extension 'ignore'
[5.496s] Level 1:colcon.colcon_core.package_identification:_identify(src/autopatrol_robot) by extension 'ignore_ament_install'
[5.496s] Level 1:colcon.colcon_core.package_identification:_identify(src/autopatrol_robot) by extensions ['colcon_pkg']
[5.496s] Level 1:colcon.colcon_core.package_identification:_identify(src/autopatrol_robot) by extension 'colcon_pkg'
[5.496s] Level 1:colcon.colcon_core.package_identification:_identify(src/autopatrol_robot) by extensions ['colcon_meta']
[5.496s] Level 1:colcon.colcon_core.package_identification:_identify(src/autopatrol_robot) by extension 'colcon_meta'
[5.496s] Level 1:colcon.colcon_core.package_identification:_identify(src/autopatrol_robot) by extensions ['ros']
[5.496s] Level 1:colcon.colcon_core.package_identification:_identify(src/autopatrol_robot) by extension 'ros'
[5.497s] DEBUG:colcon.colcon_core.package_identification:Package 'src/autopatrol_robot' with type 'ros.ament_python' and name 'autopatrol_robot'
[5.497s] Level 1:colcon.colcon_core.package_identification:_identify(src/fishbot_application) by extensions ['ignore', 'ignore_ament_install']
[5.497s] Level 1:colcon.colcon_core.package_identification:_identify(src/fishbot_application) by extension 'ignore'
[5.497s] Level 1:colcon.colcon_core.package_identification:_identify(src/fishbot_application) by extension 'ignore_ament_install'
[5.497s] Level 1:colcon.colcon_core.package_identification:_identify(src/fishbot_application) by extensions ['colcon_pkg']
[5.497s] Level 1:colcon.colcon_core.package_identification:_identify(src/fishbot_application) by extension 'colcon_pkg'
[5.497s] Level 1:colcon.colcon_core.package_identification:_identify(src/fishbot_application) by extensions ['colcon_meta']
[5.497s] Level 1:colcon.colcon_core.package_identification:_identify(src/fishbot_application) by extension 'colcon_meta'
[5.497s] Level 1:colcon.colcon_core.package_identification:_identify(src/fishbot_application) by extensions ['ros']
[5.497s] Level 1:colcon.colcon_core.package_identification:_identify(src/fishbot_application) by extension 'ros'
[5.498s] DEBUG:colcon.colcon_core.package_identification:Package 'src/fishbot_application' with type 'ros.ament_python' and name 'fishbot_application'
[5.498s] Level 1:colcon.colcon_core.package_identification:_identify(src/fishbot_description) by extensions ['ignore', 'ignore_ament_install']
[5.498s] Level 1:colcon.colcon_core.package_identification:_identify(src/fishbot_description) by extension 'ignore'
[5.498s] Level 1:colcon.colcon_core.package_identification:_identify(src/fishbot_description) by extension 'ignore_ament_install'
[5.498s] Level 1:colcon.colcon_core.package_identification:_identify(src/fishbot_description) by extensions ['colcon_pkg']
[5.498s] Level 1:colcon.colcon_core.package_identification:_identify(src/fishbot_description) by extension 'colcon_pkg'
[5.498s] Level 1:colcon.colcon_core.package_identification:_identify(src/fishbot_description) by extensions ['colcon_meta']
[5.498s] Level 1:colcon.colcon_core.package_identification:_identify(src/fishbot_description) by extension 'colcon_meta'
[5.498s] Level 1:colcon.colcon_core.package_identification:_identify(src/fishbot_description) by extensions ['ros']
[5.498s] Level 1:colcon.colcon_core.package_identification:_identify(src/fishbot_description) by extension 'ros'
[5.499s] DEBUG:colcon.colcon_core.package_identification:Package 'src/fishbot_description' with type 'ros.ament_cmake' and name 'fishbot_description'
[5.499s] Level 1:colcon.colcon_core.package_identification:_identify(src/fishbot_navigation2) by extensions ['ignore', 'ignore_ament_install']
[5.499s] Level 1:colcon.colcon_core.package_identification:_identify(src/fishbot_navigation2) by extension 'ignore'
[5.499s] Level 1:colcon.colcon_core.package_identification:_identify(src/fishbot_navigation2) by extension 'ignore_ament_install'
[5.499s] Level 1:colcon.colcon_core.package_identification:_identify(src/fishbot_navigation2) by extensions ['colcon_pkg']
[5.499s] Level 1:colcon.colcon_core.package_identification:_identify(src/fishbot_navigation2) by extension 'colcon_pkg'
[5.499s] Level 1:colcon.colcon_core.package_identification:_identify(src/fishbot_navigation2) by extensions ['colcon_meta']
[5.499s] Level 1:colcon.colcon_core.package_identification:_identify(src/fishbot_navigation2) by extension 'colcon_meta'
[5.499s] Level 1:colcon.colcon_core.package_identification:_identify(src/fishbot_navigation2) by extensions ['ros']
[5.499s] Level 1:colcon.colcon_core.package_identification:_identify(src/fishbot_navigation2) by extension 'ros'
[5.500s] DEBUG:colcon.colcon_core.package_identification:Package 'src/fishbot_navigation2' with type 'ros.ament_cmake' and name 'fishbot_navigation2'
[5.500s] Level 1:colcon.colcon_core.package_identification:_identify(src/nav2_custom_planner) by extensions ['ignore', 'ignore_ament_install']
[5.500s] Level 1:colcon.colcon_core.package_identification:_identify(src/nav2_custom_planner) by extension 'ignore'
[5.500s] Level 1:colcon.colcon_core.package_identification:_identify(src/nav2_custom_planner) by extension 'ignore_ament_install'
[5.500s] Level 1:colcon.colcon_core.package_identification:_identify(src/nav2_custom_planner) by extensions ['colcon_pkg']
[5.500s] Level 1:colcon.colcon_core.package_identification:_identify(src/nav2_custom_planner) by extension 'colcon_pkg'
[5.500s] Level 1:colcon.colcon_core.package_identification:_identify(src/nav2_custom_planner) by extensions ['colcon_meta']
[5.500s] Level 1:colcon.colcon_core.package_identification:_identify(src/nav2_custom_planner) by extension 'colcon_meta'
[5.500s] Level 1:colcon.colcon_core.package_identification:_identify(src/nav2_custom_planner) by extensions ['ros']
[5.500s] Level 1:colcon.colcon_core.package_identification:_identify(src/nav2_custom_planner) by extension 'ros'
[5.501s] DEBUG:colcon.colcon_core.package_identification:Package 'src/nav2_custom_planner' with type 'ros.ament_cmake' and name 'nav2_custom_planner'
[5.501s] Level 1:colcon.colcon_core.package_discovery:discover_packages(recursive) using defaults
[5.501s] Level 1:colcon.colcon_core.package_discovery:discover_packages(ignore) discover
[5.501s] Level 1:colcon.colcon_core.package_discovery:discover_packages(ignore) using defaults
[5.501s] Level 1:colcon.colcon_core.package_discovery:discover_packages(path) discover
[5.501s] Level 1:colcon.colcon_core.package_discovery:discover_packages(path) using defaults
[6.183s] Level 1:colcon.colcon_core.package_discovery:discover_packages(prefix_path) check parameters
[6.183s] Level 1:colcon.colcon_core.package_discovery:discover_packages(prefix_path) discover
[6.636s] DEBUG:colcon.colcon_installed_package_information.package_discovery:Found 22 installed packages in /mnt/e/Dev_ws/install
[6.638s] DEBUG:colcon.colcon_installed_package_information.package_discovery:Found 374 installed packages in /opt/ros/humble
[6.640s] Level 1:colcon.colcon_core.package_discovery:discover_packages(prefix_path) using defaults
[6.986s] Level 5:colcon.colcon_core.verb:set package 'autopatrol_interfaces' build argument 'cmake_args' from command line to '['-DCMAKE_EXPORT_COMPILE_COMMANDS=ON']'
[6.986s] Level 5:colcon.colcon_core.verb:set package 'autopatrol_interfaces' build argument 'cmake_target' from command line to 'None'
[6.986s] Level 5:colcon.colcon_core.verb:set package 'autopatrol_interfaces' build argument 'cmake_target_skip_unavailable' from command line to 'False'
[6.986s] Level 5:colcon.colcon_core.verb:set package 'autopatrol_interfaces' build argument 'cmake_clean_cache' from command line to 'False'
[6.986s] Level 5:colcon.colcon_core.verb:set package 'autopatrol_interfaces' build argument 'cmake_clean_first' from command line to 'False'
[6.986s] Level 5:colcon.colcon_core.verb:set package 'autopatrol_interfaces' build argument 'cmake_force_configure' from command line to 'False'
[6.986s] Level 5:colcon.colcon_core.verb:set package 'autopatrol_interfaces' build argument 'ament_cmake_args' from command line to 'None'
[6.986s] Level 5:colcon.colcon_core.verb:set package 'autopatrol_interfaces' build argument 'catkin_cmake_args' from command line to 'None'
[6.986s] Level 5:colcon.colcon_core.verb:set package 'autopatrol_interfaces' build argument 'catkin_skip_building_tests' from command line to 'False'
[6.986s] DEBUG:colcon.colcon_core.verb:Building package 'autopatrol_interfaces' with the following arguments: {'ament_cmake_args': None, 'build_base': '/home/scott/chapter8/chapter8_ws/build/autopatrol_interfaces', 'catkin_cmake_args': None, 'catkin_skip_building_tests': False, 'cmake_args': ['-DCMAKE_EXPORT_COMPILE_COMMANDS=ON'], 'cmake_clean_cache': False, 'cmake_clean_first': False, 'cmake_force_configure': False, 'cmake_target': None, 'cmake_target_skip_unavailable': False, 'install_base': '/home/scott/chapter8/chapter8_ws/install/autopatrol_interfaces', 'merge_install': False, 'path': '/home/scott/chapter8/chapter8_ws/src/autopatrol_interfaces', 'symlink_install': False, 'test_result_base': None}
[6.986s] Level 5:colcon.colcon_core.verb:set package 'autopatrol_robot' build argument 'cmake_args' from command line to '['-DCMAKE_EXPORT_COMPILE_COMMANDS=ON']'
[6.986s] Level 5:colcon.colcon_core.verb:set package 'autopatrol_robot' build argument 'cmake_target' from command line to 'None'
[6.986s] Level 5:colcon.colcon_core.verb:set package 'autopatrol_robot' build argument 'cmake_target_skip_unavailable' from command line to 'False'
[6.986s] Level 5:colcon.colcon_core.verb:set package 'autopatrol_robot' build argument 'cmake_clean_cache' from command line to 'False'
[6.986s] Level 5:colcon.colcon_core.verb:set package 'autopatrol_robot' build argument 'cmake_clean_first' from command line to 'False'
[6.987s] Level 5:colcon.colcon_core.verb:set package 'autopatrol_robot' build argument 'cmake_force_configure' from command line to 'False'
[6.987s] Level 5:colcon.colcon_core.verb:set package 'autopatrol_robot' build argument 'ament_cmake_args' from command line to 'None'
[6.987s] Level 5:colcon.colcon_core.verb:set package 'autopatrol_robot' build argument 'catkin_cmake_args' from command line to 'None'
[6.987s] Level 5:colcon.colcon_core.verb:set package 'autopatrol_robot' build argument 'catkin_skip_building_tests' from command line to 'False'
[6.987s] DEBUG:colcon.colcon_core.verb:Building package 'autopatrol_robot' with the following arguments: {'ament_cmake_args': None, 'build_base': '/home/scott/chapter8/chapter8_ws/build/autopatrol_robot', 'catkin_cmake_args': None, 'catkin_skip_building_tests': False, 'cmake_args': ['-DCMAKE_EXPORT_COMPILE_COMMANDS=ON'], 'cmake_clean_cache': False, 'cmake_clean_first': False, 'cmake_force_configure': False, 'cmake_target': None, 'cmake_target_skip_unavailable': False, 'install_base': '/home/scott/chapter8/chapter8_ws/install/autopatrol_robot', 'merge_install': False, 'path': '/home/scott/chapter8/chapter8_ws/src/autopatrol_robot', 'symlink_install': False, 'test_result_base': None}
[6.987s] Level 5:colcon.colcon_core.verb:set package 'fishbot_application' build argument 'cmake_args' from command line to '['-DCMAKE_EXPORT_COMPILE_COMMANDS=ON']'
[6.987s] Level 5:colcon.colcon_core.verb:set package 'fishbot_application' build argument 'cmake_target' from command line to 'None'
[6.987s] Level 5:colcon.colcon_core.verb:set package 'fishbot_application' build argument 'cmake_target_skip_unavailable' from command line to 'False'
[6.987s] Level 5:colcon.colcon_core.verb:set package 'fishbot_application' build argument 'cmake_clean_cache' from command line to 'False'
[6.987s] Level 5:colcon.colcon_core.verb:set package 'fishbot_application' build argument 'cmake_clean_first' from command line to 'False'
[6.987s] Level 5:colcon.colcon_core.verb:set package 'fishbot_application' build argument 'cmake_force_configure' from command line to 'False'
[6.987s] Level 5:colcon.colcon_core.verb:set package 'fishbot_application' build argument 'ament_cmake_args' from command line to 'None'
[6.987s] Level 5:colcon.colcon_core.verb:set package 'fishbot_application' build argument 'catkin_cmake_args' from command line to 'None'
[6.987s] Level 5:colcon.colcon_core.verb:set package 'fishbot_application' build argument 'catkin_skip_building_tests' from command line to 'False'
[6.987s] DEBUG:colcon.colcon_core.verb:Building package 'fishbot_application' with the following arguments: {'ament_cmake_args': None, 'build_base': '/home/scott/chapter8/chapter8_ws/build/fishbot_application', 'catkin_cmake_args': None, 'catkin_skip_building_tests': False, 'cmake_args': ['-DCMAKE_EXPORT_COMPILE_COMMANDS=ON'], 'cmake_clean_cache': False, 'cmake_clean_first': False, 'cmake_force_configure': False, 'cmake_target': None, 'cmake_target_skip_unavailable': False, 'install_base': '/home/scott/chapter8/chapter8_ws/install/fishbot_application', 'merge_install': False, 'path': '/home/scott/chapter8/chapter8_ws/src/fishbot_application', 'symlink_install': False, 'test_result_base': None}
[6.987s] Level 5:colcon.colcon_core.verb:set package 'fishbot_description' build argument 'cmake_args' from command line to '['-DCMAKE_EXPORT_COMPILE_COMMANDS=ON']'
[6.987s] Level 5:colcon.colcon_core.verb:set package 'fishbot_description' build argument 'cmake_target' from command line to 'None'
[6.987s] Level 5:colcon.colcon_core.verb:set package 'fishbot_description' build argument 'cmake_target_skip_unavailable' from command line to 'False'
[6.987s] Level 5:colcon.colcon_core.verb:set package 'fishbot_description' build argument 'cmake_clean_cache' from command line to 'False'
[6.987s] Level 5:colcon.colcon_core.verb:set package 'fishbot_description' build argument 'cmake_clean_first' from command line to 'False'
[6.987s] Level 5:colcon.colcon_core.verb:set package 'fishbot_description' build argument 'cmake_force_configure' from command line to 'False'
[6.987s] Level 5:colcon.colcon_core.verb:set package 'fishbot_description' build argument 'ament_cmake_args' from command line to 'None'
[6.987s] Level 5:colcon.colcon_core.verb:set package 'fishbot_description' build argument 'catkin_cmake_args' from command line to 'None'
[6.988s] Level 5:colcon.colcon_core.verb:set package 'fishbot_description' build argument 'catkin_skip_building_tests' from command line to 'False'
[6.988s] DEBUG:colcon.colcon_core.verb:Building package 'fishbot_description' with the following arguments: {'ament_cmake_args': None, 'build_base': '/home/scott/chapter8/chapter8_ws/build/fishbot_description', 'catkin_cmake_args': None, 'catkin_skip_building_tests': False, 'cmake_args': ['-DCMAKE_EXPORT_COMPILE_COMMANDS=ON'], 'cmake_clean_cache': False, 'cmake_clean_first': False, 'cmake_force_configure': False, 'cmake_target': None, 'cmake_target_skip_unavailable': False, 'install_base': '/home/scott/chapter8/chapter8_ws/install/fishbot_description', 'merge_install': False, 'path': '/home/scott/chapter8/chapter8_ws/src/fishbot_description', 'symlink_install': False, 'test_result_base': None}
[6.988s] Level 5:colcon.colcon_core.verb:set package 'fishbot_navigation2' build argument 'cmake_args' from command line to '['-DCMAKE_EXPORT_COMPILE_COMMANDS=ON']'
[6.988s] Level 5:colcon.colcon_core.verb:set package 'fishbot_navigation2' build argument 'cmake_target' from command line to 'None'
[6.988s] Level 5:colcon.colcon_core.verb:set package 'fishbot_navigation2' build argument 'cmake_target_skip_unavailable' from command line to 'False'
[6.988s] Level 5:colcon.colcon_core.verb:set package 'fishbot_navigation2' build argument 'cmake_clean_cache' from command line to 'False'
[6.988s] Level 5:colcon.colcon_core.verb:set package 'fishbot_navigation2' build argument 'cmake_clean_first' from command line to 'False'
[6.988s] Level 5:colcon.colcon_core.verb:set package 'fishbot_navigation2' build argument 'cmake_force_configure' from command line to 'False'
[6.988s] Level 5:colcon.colcon_core.verb:set package 'fishbot_navigation2' build argument 'ament_cmake_args' from command line to 'None'
[6.988s] Level 5:colcon.colcon_core.verb:set package 'fishbot_navigation2' build argument 'catkin_cmake_args' from command line to 'None'
[6.988s] Level 5:colcon.colcon_core.verb:set package 'fishbot_navigation2' build argument 'catkin_skip_building_tests' from command line to 'False'
[6.988s] DEBUG:colcon.colcon_core.verb:Building package 'fishbot_navigation2' with the following arguments: {'ament_cmake_args': None, 'build_base': '/home/scott/chapter8/chapter8_ws/build/fishbot_navigation2', 'catkin_cmake_args': None, 'catkin_skip_building_tests': False, 'cmake_args': ['-DCMAKE_EXPORT_COMPILE_COMMANDS=ON'], 'cmake_clean_cache': False, 'cmake_clean_first': False, 'cmake_force_configure': False, 'cmake_target': None, 'cmake_target_skip_unavailable': False, 'install_base': '/home/scott/chapter8/chapter8_ws/install/fishbot_navigation2', 'merge_install': False, 'path': '/home/scott/chapter8/chapter8_ws/src/fishbot_navigation2', 'symlink_install': False, 'test_result_base': None}
[6.988s] Level 5:colcon.colcon_core.verb:set package 'nav2_custom_planner' build argument 'cmake_args' from command line to '['-DCMAKE_EXPORT_COMPILE_COMMANDS=ON']'
[6.988s] Level 5:colcon.colcon_core.verb:set package 'nav2_custom_planner' build argument 'cmake_target' from command line to 'None'
[6.988s] Level 5:colcon.colcon_core.verb:set package 'nav2_custom_planner' build argument 'cmake_target_skip_unavailable' from command line to 'False'
[6.988s] Level 5:colcon.colcon_core.verb:set package 'nav2_custom_planner' build argument 'cmake_clean_cache' from command line to 'False'
[6.988s] Level 5:colcon.colcon_core.verb:set package 'nav2_custom_planner' build argument 'cmake_clean_first' from command line to 'False'
[6.988s] Level 5:colcon.colcon_core.verb:set package 'nav2_custom_planner' build argument 'cmake_force_configure' from command line to 'False'
[6.988s] Level 5:colcon.colcon_core.verb:set package 'nav2_custom_planner' build argument 'ament_cmake_args' from command line to 'None'
[6.988s] Level 5:colcon.colcon_core.verb:set package 'nav2_custom_planner' build argument 'catkin_cmake_args' from command line to 'None'
[6.988s] Level 5:colcon.colcon_core.verb:set package 'nav2_custom_planner' build argument 'catkin_skip_building_tests' from command line to 'False'
[6.988s] DEBUG:colcon.colcon_core.verb:Building package 'nav2_custom_planner' with the following arguments: {'ament_cmake_args': None, 'build_base': '/home/scott/chapter8/chapter8_ws/build/nav2_custom_planner', 'catkin_cmake_args': None, 'catkin_skip_building_tests': False, 'cmake_args': ['-DCMAKE_EXPORT_COMPILE_COMMANDS=ON'], 'cmake_clean_cache': False, 'cmake_clean_first': False, 'cmake_force_configure': False, 'cmake_target': None, 'cmake_target_skip_unavailable': False, 'install_base': '/home/scott/chapter8/chapter8_ws/install/nav2_custom_planner', 'merge_install': False, 'path': '/home/scott/chapter8/chapter8_ws/src/nav2_custom_planner', 'symlink_install': False, 'test_result_base': None}
[6.988s] INFO:colcon.colcon_core.executor:Executing jobs using 'parallel' executor
[6.989s] DEBUG:colcon.colcon_parallel_executor.executor.parallel:run_until_complete
[6.990s] INFO:colcon.colcon_ros.task.ament_cmake.build:Building ROS package in '/home/scott/chapter8/chapter8_ws/src/autopatrol_interfaces' with build type 'ament_cmake'
[6.990s] INFO:colcon.colcon_cmake.task.cmake.build:Building CMake package in '/home/scott/chapter8/chapter8_ws/src/autopatrol_interfaces'
[7.097s] INFO:colcon.colcon_core.plugin_system:Skipping extension 'colcon_core.shell.bat': Not used on non-Windows systems
[7.098s] INFO:colcon.colcon_core.shell:Skip shell extension 'powershell' for command environment: Not usable outside of PowerShell
[7.098s] DEBUG:colcon.colcon_core.shell:Skip shell extension 'dsv' for command environment
[7.530s] INFO:colcon.colcon_ros.task.ament_python.build:Building ROS package in '/home/scott/chapter8/chapter8_ws/src/autopatrol_robot' with build type 'ament_python'
[7.530s] Level 1:colcon.colcon_core.shell:create_environment_hook('autopatrol_robot', 'ament_prefix_path')
[7.530s] INFO:colcon.colcon_core.shell:Creating environment hook '/home/scott/chapter8/chapter8_ws/install/autopatrol_robot/share/autopatrol_robot/hook/ament_prefix_path.ps1'
[7.533s] INFO:colcon.colcon_core.shell:Creating environment descriptor '/home/scott/chapter8/chapter8_ws/install/autopatrol_robot/share/autopatrol_robot/hook/ament_prefix_path.dsv'
[7.533s] INFO:colcon.colcon_core.shell:Creating environment hook '/home/scott/chapter8/chapter8_ws/install/autopatrol_robot/share/autopatrol_robot/hook/ament_prefix_path.sh'
[7.534s] INFO:colcon.colcon_core.shell:Skip shell extension 'powershell' for command environment: Not usable outside of PowerShell
[7.534s] DEBUG:colcon.colcon_core.shell:Skip shell extension 'dsv' for command environment
[7.941s] INFO:colcon.colcon_ros.task.ament_python.build:Building ROS package in '/home/scott/chapter8/chapter8_ws/src/fishbot_application' with build type 'ament_python'
[7.941s] Level 1:colcon.colcon_core.shell:create_environment_hook('fishbot_application', 'ament_prefix_path')
[7.941s] INFO:colcon.colcon_core.shell:Creating environment hook '/home/scott/chapter8/chapter8_ws/install/fishbot_application/share/fishbot_application/hook/ament_prefix_path.ps1'
[7.944s] INFO:colcon.colcon_core.shell:Creating environment descriptor '/home/scott/chapter8/chapter8_ws/install/fishbot_application/share/fishbot_application/hook/ament_prefix_path.dsv'
[7.944s] INFO:colcon.colcon_core.shell:Creating environment hook '/home/scott/chapter8/chapter8_ws/install/fishbot_application/share/fishbot_application/hook/ament_prefix_path.sh'
[7.944s] INFO:colcon.colcon_core.shell:Skip shell extension 'powershell' for command environment: Not usable outside of PowerShell
[7.945s] DEBUG:colcon.colcon_core.shell:Skip shell extension 'dsv' for command environment
[8.352s] INFO:colcon.colcon_ros.task.ament_cmake.build:Building ROS package in '/home/scott/chapter8/chapter8_ws/src/fishbot_description' with build type 'ament_cmake'
[8.353s] INFO:colcon.colcon_cmake.task.cmake.build:Building CMake package in '/home/scott/chapter8/chapter8_ws/src/fishbot_description'
[8.353s] INFO:colcon.colcon_core.shell:Skip shell extension 'powershell' for command environment: Not usable outside of PowerShell
[8.353s] DEBUG:colcon.colcon_core.shell:Skip shell extension 'dsv' for command environment
[8.794s] INFO:colcon.colcon_ros.task.ament_cmake.build:Building ROS package in '/home/scott/chapter8/chapter8_ws/src/fishbot_navigation2' with build type 'ament_cmake'
[8.794s] INFO:colcon.colcon_cmake.task.cmake.build:Building CMake package in '/home/scott/chapter8/chapter8_ws/src/fishbot_navigation2'
[8.794s] INFO:colcon.colcon_core.shell:Skip shell extension 'powershell' for command environment: Not usable outside of PowerShell
[8.795s] DEBUG:colcon.colcon_core.shell:Skip shell extension 'dsv' for command environment
[9.212s] INFO:colcon.colcon_ros.task.ament_cmake.build:Building ROS package in '/home/scott/chapter8/chapter8_ws/src/nav2_custom_planner' with build type 'ament_cmake'
[9.212s] INFO:colcon.colcon_cmake.task.cmake.build:Building CMake package in '/home/scott/chapter8/chapter8_ws/src/nav2_custom_planner'
[9.213s] INFO:colcon.colcon_core.shell:Skip shell extension 'powershell' for command environment: Not usable outside of PowerShell
[9.213s] DEBUG:colcon.colcon_core.shell:Skip shell extension 'dsv' for command environment
[9.657s] DEBUG:colcon.colcon_core.event_handler.log_command:Invoking command in '/home/scott/chapter8/chapter8_ws/build/autopatrol_interfaces': CMAKE_PREFIX_PATH=${CMAKE_PREFIX_PATH}:/mnt/e/Dev_ws/install/learning_urdf:/mnt/e/Dev_ws/install/learning_topic:/mnt/e/Dev_ws/install/learning_tf:/mnt/e/Dev_ws/install/learning_service:/mnt/e/Dev_ws/install/learning_qos:/mnt/e/Dev_ws/install/learning_pkg_python:/mnt/e/Dev_ws/install/learning_parameter:/mnt/e/Dev_ws/install/learning_node:/mnt/e/Dev_ws/install/learning_launch:/mnt/e/Dev_ws/install/learning_action:/mnt/e/Dev_ws/install/learning_gazebo_harmonic:/mnt/e/Dev_ws/install/learning_gazebo:/mnt/e/Dev_ws/install/learning_cv:/mnt/e/Dev_ws/install/demo_python_pkg:/opt/ros/humble /usr/bin/cmake /home/scott/chapter8/chapter8_ws/src/autopatrol_interfaces -DCMAKE_EXPORT_COMPILE_COMMANDS=ON -DCMAKE_INSTALL_PREFIX=/home/scott/chapter8/chapter8_ws/install/autopatrol_interfaces
[15.749s] INFO:colcon.colcon_core.task.python.build:Building Python package in '/home/scott/chapter8/chapter8_ws/src/autopatrol_robot'
[15.750s] INFO:colcon.colcon_core.shell:Skip shell extension 'powershell' for command environment: Not usable outside of PowerShell
[15.750s] DEBUG:colcon.colcon_core.shell:Skip shell extension 'dsv' for command environment
[21.612s] INFO:colcon.colcon_core.task.python.build:Building Python package in '/home/scott/chapter8/chapter8_ws/src/fishbot_application'
[21.612s] INFO:colcon.colcon_core.shell:Skip shell extension 'powershell' for command environment: Not usable outside of PowerShell
[21.612s] DEBUG:colcon.colcon_core.shell:Skip shell extension 'dsv' for command environment
[21.885s] DEBUG:colcon.colcon_core.event_handler.log_command:Invoking command in '/home/scott/chapter8/chapter8_ws/build/fishbot_description': CMAKE_PREFIX_PATH=${CMAKE_PREFIX_PATH}:/mnt/e/Dev_ws/install/learning_urdf:/mnt/e/Dev_ws/install/learning_topic:/mnt/e/Dev_ws/install/learning_tf:/mnt/e/Dev_ws/install/learning_service:/mnt/e/Dev_ws/install/learning_qos:/mnt/e/Dev_ws/install/learning_pkg_python:/mnt/e/Dev_ws/install/learning_parameter:/mnt/e/Dev_ws/install/learning_node:/mnt/e/Dev_ws/install/learning_launch:/mnt/e/Dev_ws/install/learning_action:/mnt/e/Dev_ws/install/learning_gazebo_harmonic:/mnt/e/Dev_ws/install/learning_gazebo:/mnt/e/Dev_ws/install/learning_cv:/mnt/e/Dev_ws/install/demo_python_pkg:/opt/ros/humble /usr/bin/cmake /home/scott/chapter8/chapter8_ws/src/fishbot_description -DCMAKE_EXPORT_COMPILE_COMMANDS=ON -DCMAKE_INSTALL_PREFIX=/home/scott/chapter8/chapter8_ws/install/fishbot_description
[21.898s] DEBUG:colcon.colcon_core.event_handler.log_command:Invoking command in '/home/scott/chapter8/chapter8_ws/build/fishbot_navigation2': CMAKE_PREFIX_PATH=${CMAKE_PREFIX_PATH}:/mnt/e/Dev_ws/install/learning_urdf:/mnt/e/Dev_ws/install/learning_topic:/mnt/e/Dev_ws/install/learning_tf:/mnt/e/Dev_ws/install/learning_service:/mnt/e/Dev_ws/install/learning_qos:/mnt/e/Dev_ws/install/learning_pkg_python:/mnt/e/Dev_ws/install/learning_parameter:/mnt/e/Dev_ws/install/learning_node:/mnt/e/Dev_ws/install/learning_launch:/mnt/e/Dev_ws/install/learning_action:/mnt/e/Dev_ws/install/learning_gazebo_harmonic:/mnt/e/Dev_ws/install/learning_gazebo:/mnt/e/Dev_ws/install/learning_cv:/mnt/e/Dev_ws/install/demo_python_pkg:/opt/ros/humble /usr/bin/cmake /home/scott/chapter8/chapter8_ws/src/fishbot_navigation2 -DCMAKE_EXPORT_COMPILE_COMMANDS=ON -DCMAKE_INSTALL_PREFIX=/home/scott/chapter8/chapter8_ws/install/fishbot_navigation2
[21.913s] DEBUG:colcon.colcon_core.event_handler.log_command:Invoking command in '/home/scott/chapter8/chapter8_ws/build/nav2_custom_planner': CMAKE_PREFIX_PATH=${CMAKE_PREFIX_PATH}:/mnt/e/Dev_ws/install/learning_urdf:/mnt/e/Dev_ws/install/learning_topic:/mnt/e/Dev_ws/install/learning_tf:/mnt/e/Dev_ws/install/learning_service:/mnt/e/Dev_ws/install/learning_qos:/mnt/e/Dev_ws/install/learning_pkg_python:/mnt/e/Dev_ws/install/learning_parameter:/mnt/e/Dev_ws/install/learning_node:/mnt/e/Dev_ws/install/learning_launch:/mnt/e/Dev_ws/install/learning_action:/mnt/e/Dev_ws/install/learning_gazebo_harmonic:/mnt/e/Dev_ws/install/learning_gazebo:/mnt/e/Dev_ws/install/learning_cv:/mnt/e/Dev_ws/install/demo_python_pkg:/opt/ros/humble /usr/bin/cmake /home/scott/chapter8/chapter8_ws/src/nav2_custom_planner -DCMAKE_EXPORT_COMPILE_COMMANDS=ON -DCMAKE_INSTALL_PREFIX=/home/scott/chapter8/chapter8_ws/install/nav2_custom_planner
[29.238s] DEBUG:colcon.colcon_core.event_handler.log_command:Invoking command in '/home/scott/chapter8/chapter8_ws/src/autopatrol_robot': PYTHONPATH=/home/scott/chapter8/chapter8_ws/build/autopatrol_robot/prefix_override:/usr/lib/python3/dist-packages/colcon_core/task/python/colcon_distutils_commands:/home/scott/chapter8/chapter8_ws/install/autopatrol_robot/lib/python3.10/site-packages:${PYTHONPATH} /usr/bin/python3 -W ignore:setup.py install is deprecated -W ignore:easy_install command is deprecated setup.py egg_info --egg-base ../../build/autopatrol_robot build --build-base /home/scott/chapter8/chapter8_ws/build/autopatrol_robot/build install --record /home/scott/chapter8/chapter8_ws/build/autopatrol_robot/install.log --single-version-externally-managed install_data
[29.240s] DEBUG:colcon.colcon_core.event_handler.log_command:Invoking command in '/home/scott/chapter8/chapter8_ws/src/fishbot_application': PYTHONPATH=/home/scott/chapter8/chapter8_ws/build/fishbot_application/prefix_override:/usr/lib/python3/dist-packages/colcon_core/task/python/colcon_distutils_commands:/home/scott/chapter8/chapter8_ws/install/fishbot_application/lib/python3.10/site-packages:${PYTHONPATH} /usr/bin/python3 -W ignore:setup.py install is deprecated -W ignore:easy_install command is deprecated setup.py egg_info --egg-base ../../build/fishbot_application build --build-base /home/scott/chapter8/chapter8_ws/build/fishbot_application/build install --record /home/scott/chapter8/chapter8_ws/build/fishbot_application/install.log --single-version-externally-managed install_data
[34.392s] DEBUG:colcon.colcon_core.event_handler.log_command:Invoked command in '/home/scott/chapter8/chapter8_ws/src/autopatrol_robot' returned '0': PYTHONPATH=/home/scott/chapter8/chapter8_ws/build/autopatrol_robot/prefix_override:/usr/lib/python3/dist-packages/colcon_core/task/python/colcon_distutils_commands:/home/scott/chapter8/chapter8_ws/install/autopatrol_robot/lib/python3.10/site-packages:${PYTHONPATH} /usr/bin/python3 -W ignore:setup.py install is deprecated -W ignore:easy_install command is deprecated setup.py egg_info --egg-base ../../build/autopatrol_robot build --build-base /home/scott/chapter8/chapter8_ws/build/autopatrol_robot/build install --record /home/scott/chapter8/chapter8_ws/build/autopatrol_robot/install.log --single-version-externally-managed install_data
[34.484s] Level 1:colcon.colcon_core.environment:checking '/home/scott/chapter8/chapter8_ws/install/autopatrol_robot' for CMake module files
[34.484s] Level 1:colcon.colcon_core.environment:checking '/home/scott/chapter8/chapter8_ws/install/autopatrol_robot' for CMake config files
[34.485s] Level 1:colcon.colcon_core.environment:checking '/home/scott/chapter8/chapter8_ws/install/autopatrol_robot/lib'
[34.485s] Level 1:colcon.colcon_core.environment:checking '/home/scott/chapter8/chapter8_ws/install/autopatrol_robot/bin'
[34.486s] Level 1:colcon.colcon_core.environment:checking '/home/scott/chapter8/chapter8_ws/install/autopatrol_robot/lib/pkgconfig/autopatrol_robot.pc'
[34.486s] Level 1:colcon.colcon_core.environment:checking '/home/scott/chapter8/chapter8_ws/install/autopatrol_robot/lib/python3.10/site-packages'
[34.486s] Level 1:colcon.colcon_core.shell:create_environment_hook('autopatrol_robot', 'pythonpath')
[34.486s] INFO:colcon.colcon_core.shell:Creating environment hook '/home/scott/chapter8/chapter8_ws/install/autopatrol_robot/share/autopatrol_robot/hook/pythonpath.ps1'
[34.487s] INFO:colcon.colcon_core.shell:Creating environment descriptor '/home/scott/chapter8/chapter8_ws/install/autopatrol_robot/share/autopatrol_robot/hook/pythonpath.dsv'
[34.488s] INFO:colcon.colcon_core.shell:Creating environment hook '/home/scott/chapter8/chapter8_ws/install/autopatrol_robot/share/autopatrol_robot/hook/pythonpath.sh'
[34.488s] Level 1:colcon.colcon_core.environment:checking '/home/scott/chapter8/chapter8_ws/install/autopatrol_robot/bin'
[34.488s] Level 1:colcon.colcon_core.environment:create_environment_scripts_only(autopatrol_robot)
[34.489s] INFO:colcon.colcon_core.shell:Creating package script '/home/scott/chapter8/chapter8_ws/install/autopatrol_robot/share/autopatrol_robot/package.ps1'
[34.490s] INFO:colcon.colcon_core.shell:Creating package descriptor '/home/scott/chapter8/chapter8_ws/install/autopatrol_robot/share/autopatrol_robot/package.dsv'
[34.491s] INFO:colcon.colcon_core.shell:Creating package script '/home/scott/chapter8/chapter8_ws/install/autopatrol_robot/share/autopatrol_robot/package.sh'
[34.492s] INFO:colcon.colcon_core.shell:Creating package script '/home/scott/chapter8/chapter8_ws/install/autopatrol_robot/share/autopatrol_robot/package.bash'
[34.494s] INFO:colcon.colcon_core.shell:Creating package script '/home/scott/chapter8/chapter8_ws/install/autopatrol_robot/share/autopatrol_robot/package.zsh'
[34.495s] Level 1:colcon.colcon_core.environment:create_file_with_runtime_dependencies(/home/scott/chapter8/chapter8_ws/install/autopatrol_robot/share/colcon-core/packages/autopatrol_robot)
[34.499s] Level 1:colcon.colcon_core.environment:checking '/home/scott/chapter8/chapter8_ws/install/fishbot_application' for CMake module files
[34.500s] DEBUG:colcon.colcon_core.event_handler.log_command:Invoked command in '/home/scott/chapter8/chapter8_ws/src/fishbot_application' returned '0': PYTHONPATH=/home/scott/chapter8/chapter8_ws/build/fishbot_application/prefix_override:/usr/lib/python3/dist-packages/colcon_core/task/python/colcon_distutils_commands:/home/scott/chapter8/chapter8_ws/install/fishbot_application/lib/python3.10/site-packages:${PYTHONPATH} /usr/bin/python3 -W ignore:setup.py install is deprecated -W ignore:easy_install command is deprecated setup.py egg_info --egg-base ../../build/fishbot_application build --build-base /home/scott/chapter8/chapter8_ws/build/fishbot_application/build install --record /home/scott/chapter8/chapter8_ws/build/fishbot_application/install.log --single-version-externally-managed install_data
[34.500s] Level 1:colcon.colcon_core.environment:checking '/home/scott/chapter8/chapter8_ws/install/fishbot_application' for CMake config files
[34.501s] Level 1:colcon.colcon_core.environment:checking '/home/scott/chapter8/chapter8_ws/install/fishbot_application/lib'
[34.501s] Level 1:colcon.colcon_core.environment:checking '/home/scott/chapter8/chapter8_ws/install/fishbot_application/bin'
[34.501s] Level 1:colcon.colcon_core.environment:checking '/home/scott/chapter8/chapter8_ws/install/fishbot_application/lib/pkgconfig/fishbot_application.pc'
[34.501s] Level 1:colcon.colcon_core.environment:checking '/home/scott/chapter8/chapter8_ws/install/fishbot_application/lib/python3.10/site-packages'
[34.501s] Level 1:colcon.colcon_core.shell:create_environment_hook('fishbot_application', 'pythonpath')
[34.502s] INFO:colcon.colcon_core.shell:Creating environment hook '/home/scott/chapter8/chapter8_ws/install/fishbot_application/share/fishbot_application/hook/pythonpath.ps1'
[34.502s] INFO:colcon.colcon_core.shell:Creating environment descriptor '/home/scott/chapter8/chapter8_ws/install/fishbot_application/share/fishbot_application/hook/pythonpath.dsv'
[34.503s] INFO:colcon.colcon_core.shell:Creating environment hook '/home/scott/chapter8/chapter8_ws/install/fishbot_application/share/fishbot_application/hook/pythonpath.sh'
[34.503s] Level 1:colcon.colcon_core.environment:checking '/home/scott/chapter8/chapter8_ws/install/fishbot_application/bin'
[34.503s] Level 1:colcon.colcon_core.environment:create_environment_scripts_only(fishbot_application)
[34.504s] INFO:colcon.colcon_core.shell:Creating package script '/home/scott/chapter8/chapter8_ws/install/fishbot_application/share/fishbot_application/package.ps1'
[34.504s] INFO:colcon.colcon_core.shell:Creating package descriptor '/home/scott/chapter8/chapter8_ws/install/fishbot_application/share/fishbot_application/package.dsv'
[34.505s] INFO:colcon.colcon_core.shell:Creating package script '/home/scott/chapter8/chapter8_ws/install/fishbot_application/share/fishbot_application/package.sh'
[34.505s] INFO:colcon.colcon_core.shell:Creating package script '/home/scott/chapter8/chapter8_ws/install/fishbot_application/share/fishbot_application/package.bash'
[34.505s] INFO:colcon.colcon_core.shell:Creating package script '/home/scott/chapter8/chapter8_ws/install/fishbot_application/share/fishbot_application/package.zsh'
[34.506s] Level 1:colcon.colcon_core.environment:create_file_with_runtime_dependencies(/home/scott/chapter8/chapter8_ws/install/fishbot_application/share/colcon-core/packages/fishbot_application)
[61.766s] DEBUG:colcon.colcon_core.event_handler.log_command:Invoked command in '/home/scott/chapter8/chapter8_ws/build/fishbot_navigation2' returned '0': CMAKE_PREFIX_PATH=${CMAKE_PREFIX_PATH}:/mnt/e/Dev_ws/install/learning_urdf:/mnt/e/Dev_ws/install/learning_topic:/mnt/e/Dev_ws/install/learning_tf:/mnt/e/Dev_ws/install/learning_service:/mnt/e/Dev_ws/install/learning_qos:/mnt/e/Dev_ws/install/learning_pkg_python:/mnt/e/Dev_ws/install/learning_parameter:/mnt/e/Dev_ws/install/learning_node:/mnt/e/Dev_ws/install/learning_launch:/mnt/e/Dev_ws/install/learning_action:/mnt/e/Dev_ws/install/learning_gazebo_harmonic:/mnt/e/Dev_ws/install/learning_gazebo:/mnt/e/Dev_ws/install/learning_cv:/mnt/e/Dev_ws/install/demo_python_pkg:/opt/ros/humble /usr/bin/cmake /home/scott/chapter8/chapter8_ws/src/fishbot_navigation2 -DCMAKE_EXPORT_COMPILE_COMMANDS=ON -DCMAKE_INSTALL_PREFIX=/home/scott/chapter8/chapter8_ws/install/fishbot_navigation2
[61.769s] DEBUG:colcon.colcon_core.event_handler.log_command:Invoking command in '/home/scott/chapter8/chapter8_ws/build/fishbot_navigation2': CMAKE_PREFIX_PATH=${CMAKE_PREFIX_PATH}:/mnt/e/Dev_ws/install/learning_urdf:/mnt/e/Dev_ws/install/learning_topic:/mnt/e/Dev_ws/install/learning_tf:/mnt/e/Dev_ws/install/learning_service:/mnt/e/Dev_ws/install/learning_qos:/mnt/e/Dev_ws/install/learning_pkg_python:/mnt/e/Dev_ws/install/learning_parameter:/mnt/e/Dev_ws/install/learning_node:/mnt/e/Dev_ws/install/learning_launch:/mnt/e/Dev_ws/install/learning_action:/mnt/e/Dev_ws/install/learning_gazebo_harmonic:/mnt/e/Dev_ws/install/learning_gazebo:/mnt/e/Dev_ws/install/learning_cv:/mnt/e/Dev_ws/install/demo_python_pkg:/opt/ros/humble /usr/bin/cmake --build /home/scott/chapter8/chapter8_ws/build/fishbot_navigation2 -- -j16 -l16
[61.773s] DEBUG:colcon.colcon_core.event_handler.log_command:Invoked command in '/home/scott/chapter8/chapter8_ws/build/fishbot_description' returned '0': CMAKE_PREFIX_PATH=${CMAKE_PREFIX_PATH}:/mnt/e/Dev_ws/install/learning_urdf:/mnt/e/Dev_ws/install/learning_topic:/mnt/e/Dev_ws/install/learning_tf:/mnt/e/Dev_ws/install/learning_service:/mnt/e/Dev_ws/install/learning_qos:/mnt/e/Dev_ws/install/learning_pkg_python:/mnt/e/Dev_ws/install/learning_parameter:/mnt/e/Dev_ws/install/learning_node:/mnt/e/Dev_ws/install/learning_launch:/mnt/e/Dev_ws/install/learning_action:/mnt/e/Dev_ws/install/learning_gazebo_harmonic:/mnt/e/Dev_ws/install/learning_gazebo:/mnt/e/Dev_ws/install/learning_cv:/mnt/e/Dev_ws/install/demo_python_pkg:/opt/ros/humble /usr/bin/cmake /home/scott/chapter8/chapter8_ws/src/fishbot_description -DCMAKE_EXPORT_COMPILE_COMMANDS=ON -DCMAKE_INSTALL_PREFIX=/home/scott/chapter8/chapter8_ws/install/fishbot_description
[61.775s] DEBUG:colcon.colcon_core.event_handler.log_command:Invoking command in '/home/scott/chapter8/chapter8_ws/build/fishbot_description': CMAKE_PREFIX_PATH=${CMAKE_PREFIX_PATH}:/mnt/e/Dev_ws/install/learning_urdf:/mnt/e/Dev_ws/install/learning_topic:/mnt/e/Dev_ws/install/learning_tf:/mnt/e/Dev_ws/install/learning_service:/mnt/e/Dev_ws/install/learning_qos:/mnt/e/Dev_ws/install/learning_pkg_python:/mnt/e/Dev_ws/install/learning_parameter:/mnt/e/Dev_ws/install/learning_node:/mnt/e/Dev_ws/install/learning_launch:/mnt/e/Dev_ws/install/learning_action:/mnt/e/Dev_ws/install/learning_gazebo_harmonic:/mnt/e/Dev_ws/install/learning_gazebo:/mnt/e/Dev_ws/install/learning_cv:/mnt/e/Dev_ws/install/demo_python_pkg:/opt/ros/humble /usr/bin/cmake --build /home/scott/chapter8/chapter8_ws/build/fishbot_description -- -j16 -l16
[62.024s] DEBUG:colcon.colcon_core.event_handler.log_command:Invoked command in '/home/scott/chapter8/chapter8_ws/build/fishbot_navigation2' returned '0': CMAKE_PREFIX_PATH=${CMAKE_PREFIX_PATH}:/mnt/e/Dev_ws/install/learning_urdf:/mnt/e/Dev_ws/install/learning_topic:/mnt/e/Dev_ws/install/learning_tf:/mnt/e/Dev_ws/install/learning_service:/mnt/e/Dev_ws/install/learning_qos:/mnt/e/Dev_ws/install/learning_pkg_python:/mnt/e/Dev_ws/install/learning_parameter:/mnt/e/Dev_ws/install/learning_node:/mnt/e/Dev_ws/install/learning_launch:/mnt/e/Dev_ws/install/learning_action:/mnt/e/Dev_ws/install/learning_gazebo_harmonic:/mnt/e/Dev_ws/install/learning_gazebo:/mnt/e/Dev_ws/install/learning_cv:/mnt/e/Dev_ws/install/demo_python_pkg:/opt/ros/humble /usr/bin/cmake --build /home/scott/chapter8/chapter8_ws/build/fishbot_navigation2 -- -j16 -l16
[62.132s] DEBUG:colcon.colcon_core.event_handler.log_command:Invoking command in '/home/scott/chapter8/chapter8_ws/build/fishbot_navigation2': CMAKE_PREFIX_PATH=${CMAKE_PREFIX_PATH}:/mnt/e/Dev_ws/install/learning_urdf:/mnt/e/Dev_ws/install/learning_topic:/mnt/e/Dev_ws/install/learning_tf:/mnt/e/Dev_ws/install/learning_service:/mnt/e/Dev_ws/install/learning_qos:/mnt/e/Dev_ws/install/learning_pkg_python:/mnt/e/Dev_ws/install/learning_parameter:/mnt/e/Dev_ws/install/learning_node:/mnt/e/Dev_ws/install/learning_launch:/mnt/e/Dev_ws/install/learning_action:/mnt/e/Dev_ws/install/learning_gazebo_harmonic:/mnt/e/Dev_ws/install/learning_gazebo:/mnt/e/Dev_ws/install/learning_cv:/mnt/e/Dev_ws/install/demo_python_pkg:/opt/ros/humble /usr/bin/cmake --install /home/scott/chapter8/chapter8_ws/build/fishbot_navigation2
[62.133s] DEBUG:colcon.colcon_core.event_handler.log_command:Invoked command in '/home/scott/chapter8/chapter8_ws/build/fishbot_description' returned '0': CMAKE_PREFIX_PATH=${CMAKE_PREFIX_PATH}:/mnt/e/Dev_ws/install/learning_urdf:/mnt/e/Dev_ws/install/learning_topic:/mnt/e/Dev_ws/install/learning_tf:/mnt/e/Dev_ws/install/learning_service:/mnt/e/Dev_ws/install/learning_qos:/mnt/e/Dev_ws/install/learning_pkg_python:/mnt/e/Dev_ws/install/learning_parameter:/mnt/e/Dev_ws/install/learning_node:/mnt/e/Dev_ws/install/learning_launch:/mnt/e/Dev_ws/install/learning_action:/mnt/e/Dev_ws/install/learning_gazebo_harmonic:/mnt/e/Dev_ws/install/learning_gazebo:/mnt/e/Dev_ws/install/learning_cv:/mnt/e/Dev_ws/install/demo_python_pkg:/opt/ros/humble /usr/bin/cmake --build /home/scott/chapter8/chapter8_ws/build/fishbot_description -- -j16 -l16
[62.135s] DEBUG:colcon.colcon_core.event_handler.log_command:Invoking command in '/home/scott/chapter8/chapter8_ws/build/fishbot_description': CMAKE_PREFIX_PATH=${CMAKE_PREFIX_PATH}:/mnt/e/Dev_ws/install/learning_urdf:/mnt/e/Dev_ws/install/learning_topic:/mnt/e/Dev_ws/install/learning_tf:/mnt/e/Dev_ws/install/learning_service:/mnt/e/Dev_ws/install/learning_qos:/mnt/e/Dev_ws/install/learning_pkg_python:/mnt/e/Dev_ws/install/learning_parameter:/mnt/e/Dev_ws/install/learning_node:/mnt/e/Dev_ws/install/learning_launch:/mnt/e/Dev_ws/install/learning_action:/mnt/e/Dev_ws/install/learning_gazebo_harmonic:/mnt/e/Dev_ws/install/learning_gazebo:/mnt/e/Dev_ws/install/learning_cv:/mnt/e/Dev_ws/install/demo_python_pkg:/opt/ros/humble /usr/bin/cmake --install /home/scott/chapter8/chapter8_ws/build/fishbot_description
[62.204s] Level 1:colcon.colcon_core.environment:create_environment_scripts_only(fishbot_navigation2)
[62.205s] Level 1:colcon.colcon_core.environment:checking '/home/scott/chapter8/chapter8_ws/install/fishbot_navigation2' for CMake module files
[62.205s] DEBUG:colcon.colcon_core.event_handler.log_command:Invoked command in '/home/scott/chapter8/chapter8_ws/build/fishbot_navigation2' returned '0': CMAKE_PREFIX_PATH=${CMAKE_PREFIX_PATH}:/mnt/e/Dev_ws/install/learning_urdf:/mnt/e/Dev_ws/install/learning_topic:/mnt/e/Dev_ws/install/learning_tf:/mnt/e/Dev_ws/install/learning_service:/mnt/e/Dev_ws/install/learning_qos:/mnt/e/Dev_ws/install/learning_pkg_python:/mnt/e/Dev_ws/install/learning_parameter:/mnt/e/Dev_ws/install/learning_node:/mnt/e/Dev_ws/install/learning_launch:/mnt/e/Dev_ws/install/learning_action:/mnt/e/Dev_ws/install/learning_gazebo_harmonic:/mnt/e/Dev_ws/install/learning_gazebo:/mnt/e/Dev_ws/install/learning_cv:/mnt/e/Dev_ws/install/demo_python_pkg:/opt/ros/humble /usr/bin/cmake --install /home/scott/chapter8/chapter8_ws/build/fishbot_navigation2
[62.208s] Level 1:colcon.colcon_core.environment:checking '/home/scott/chapter8/chapter8_ws/install/fishbot_navigation2' for CMake config files
[62.214s] Level 1:colcon.colcon_core.shell:create_environment_hook('fishbot_navigation2', 'cmake_prefix_path')
[62.215s] INFO:colcon.colcon_core.shell:Creating environment hook '/home/scott/chapter8/chapter8_ws/install/fishbot_navigation2/share/fishbot_navigation2/hook/cmake_prefix_path.ps1'
[62.218s] INFO:colcon.colcon_core.shell:Creating environment descriptor '/home/scott/chapter8/chapter8_ws/install/fishbot_navigation2/share/fishbot_navigation2/hook/cmake_prefix_path.dsv'
[62.218s] INFO:colcon.colcon_core.shell:Creating environment hook '/home/scott/chapter8/chapter8_ws/install/fishbot_navigation2/share/fishbot_navigation2/hook/cmake_prefix_path.sh'
[62.219s] Level 1:colcon.colcon_core.environment:checking '/home/scott/chapter8/chapter8_ws/install/fishbot_navigation2/bin'
[62.219s] Level 1:colcon.colcon_core.environment:checking '/home/scott/chapter8/chapter8_ws/install/fishbot_navigation2/lib/pkgconfig/fishbot_navigation2.pc'
[62.220s] Level 1:colcon.colcon_core.environment:checking '/home/scott/chapter8/chapter8_ws/install/fishbot_navigation2/lib/python3.10/site-packages'
[62.220s] Level 1:colcon.colcon_core.environment:checking '/home/scott/chapter8/chapter8_ws/install/fishbot_navigation2/bin'
[62.221s] INFO:colcon.colcon_core.shell:Creating package script '/home/scott/chapter8/chapter8_ws/install/fishbot_navigation2/share/fishbot_navigation2/package.ps1'
[62.223s] INFO:colcon.colcon_core.shell:Creating package descriptor '/home/scott/chapter8/chapter8_ws/install/fishbot_navigation2/share/fishbot_navigation2/package.dsv'
[62.225s] INFO:colcon.colcon_core.shell:Creating package script '/home/scott/chapter8/chapter8_ws/install/fishbot_navigation2/share/fishbot_navigation2/package.sh'
[62.226s] INFO:colcon.colcon_core.shell:Creating package script '/home/scott/chapter8/chapter8_ws/install/fishbot_navigation2/share/fishbot_navigation2/package.bash'
[62.226s] INFO:colcon.colcon_core.shell:Creating package script '/home/scott/chapter8/chapter8_ws/install/fishbot_navigation2/share/fishbot_navigation2/package.zsh'
[62.227s] Level 1:colcon.colcon_core.environment:create_file_with_runtime_dependencies(/home/scott/chapter8/chapter8_ws/install/fishbot_navigation2/share/colcon-core/packages/fishbot_navigation2)
[62.228s] Level 1:colcon.colcon_core.environment:create_environment_scripts_only(fishbot_navigation2)
[62.229s] Level 1:colcon.colcon_core.environment:checking '/home/scott/chapter8/chapter8_ws/install/fishbot_navigation2' for CMake module files
[62.229s] Level 1:colcon.colcon_core.environment:checking '/home/scott/chapter8/chapter8_ws/install/fishbot_navigation2' for CMake config files
[62.230s] Level 1:colcon.colcon_core.shell:create_environment_hook('fishbot_navigation2', 'cmake_prefix_path')
[62.230s] INFO:colcon.colcon_core.shell:Creating environment hook '/home/scott/chapter8/chapter8_ws/install/fishbot_navigation2/share/fishbot_navigation2/hook/cmake_prefix_path.ps1'
[62.231s] INFO:colcon.colcon_core.shell:Creating environment descriptor '/home/scott/chapter8/chapter8_ws/install/fishbot_navigation2/share/fishbot_navigation2/hook/cmake_prefix_path.dsv'
[62.231s] INFO:colcon.colcon_core.shell:Creating environment hook '/home/scott/chapter8/chapter8_ws/install/fishbot_navigation2/share/fishbot_navigation2/hook/cmake_prefix_path.sh'
[62.232s] Level 1:colcon.colcon_core.environment:checking '/home/scott/chapter8/chapter8_ws/install/fishbot_navigation2/bin'
[62.232s] Level 1:colcon.colcon_core.environment:checking '/home/scott/chapter8/chapter8_ws/install/fishbot_navigation2/lib/pkgconfig/fishbot_navigation2.pc'
[62.233s] Level 1:colcon.colcon_core.environment:checking '/home/scott/chapter8/chapter8_ws/install/fishbot_navigation2/lib/python3.10/site-packages'
[62.233s] Level 1:colcon.colcon_core.environment:checking '/home/scott/chapter8/chapter8_ws/install/fishbot_navigation2/bin'
[62.233s] INFO:colcon.colcon_core.shell:Creating package script '/home/scott/chapter8/chapter8_ws/install/fishbot_navigation2/share/fishbot_navigation2/package.ps1'
[62.234s] INFO:colcon.colcon_core.shell:Creating package descriptor '/home/scott/chapter8/chapter8_ws/install/fishbot_navigation2/share/fishbot_navigation2/package.dsv'
[62.234s] INFO:colcon.colcon_core.shell:Creating package script '/home/scott/chapter8/chapter8_ws/install/fishbot_navigation2/share/fishbot_navigation2/package.sh'
[62.235s] INFO:colcon.colcon_core.shell:Creating package script '/home/scott/chapter8/chapter8_ws/install/fishbot_navigation2/share/fishbot_navigation2/package.bash'
[62.236s] INFO:colcon.colcon_core.shell:Creating package script '/home/scott/chapter8/chapter8_ws/install/fishbot_navigation2/share/fishbot_navigation2/package.zsh'
[62.236s] Level 1:colcon.colcon_core.environment:create_file_with_runtime_dependencies(/home/scott/chapter8/chapter8_ws/install/fishbot_navigation2/share/colcon-core/packages/fishbot_navigation2)
[62.238s] Level 1:colcon.colcon_core.environment:create_environment_scripts_only(fishbot_description)
[62.238s] Level 1:colcon.colcon_core.environment:checking '/home/scott/chapter8/chapter8_ws/install/fishbot_description' for CMake module files
[62.239s] DEBUG:colcon.colcon_core.event_handler.log_command:Invoked command in '/home/scott/chapter8/chapter8_ws/build/fishbot_description' returned '0': CMAKE_PREFIX_PATH=${CMAKE_PREFIX_PATH}:/mnt/e/Dev_ws/install/learning_urdf:/mnt/e/Dev_ws/install/learning_topic:/mnt/e/Dev_ws/install/learning_tf:/mnt/e/Dev_ws/install/learning_service:/mnt/e/Dev_ws/install/learning_qos:/mnt/e/Dev_ws/install/learning_pkg_python:/mnt/e/Dev_ws/install/learning_parameter:/mnt/e/Dev_ws/install/learning_node:/mnt/e/Dev_ws/install/learning_launch:/mnt/e/Dev_ws/install/learning_action:/mnt/e/Dev_ws/install/learning_gazebo_harmonic:/mnt/e/Dev_ws/install/learning_gazebo:/mnt/e/Dev_ws/install/learning_cv:/mnt/e/Dev_ws/install/demo_python_pkg:/opt/ros/humble /usr/bin/cmake --install /home/scott/chapter8/chapter8_ws/build/fishbot_description
[62.240s] Level 1:colcon.colcon_core.environment:checking '/home/scott/chapter8/chapter8_ws/install/fishbot_description' for CMake config files
[62.240s] Level 1:colcon.colcon_core.shell:create_environment_hook('fishbot_description', 'cmake_prefix_path')
[62.240s] INFO:colcon.colcon_core.shell:Creating environment hook '/home/scott/chapter8/chapter8_ws/install/fishbot_description/share/fishbot_description/hook/cmake_prefix_path.ps1'
[62.241s] INFO:colcon.colcon_core.shell:Creating environment descriptor '/home/scott/chapter8/chapter8_ws/install/fishbot_description/share/fishbot_description/hook/cmake_prefix_path.dsv'
[62.242s] INFO:colcon.colcon_core.shell:Creating environment hook '/home/scott/chapter8/chapter8_ws/install/fishbot_description/share/fishbot_description/hook/cmake_prefix_path.sh'
[62.242s] Level 1:colcon.colcon_core.environment:checking '/home/scott/chapter8/chapter8_ws/install/fishbot_description/bin'
[62.242s] Level 1:colcon.colcon_core.environment:checking '/home/scott/chapter8/chapter8_ws/install/fishbot_description/lib/pkgconfig/fishbot_description.pc'
[62.242s] Level 1:colcon.colcon_core.environment:checking '/home/scott/chapter8/chapter8_ws/install/fishbot_description/lib/python3.10/site-packages'
[62.243s] Level 1:colcon.colcon_core.environment:checking '/home/scott/chapter8/chapter8_ws/install/fishbot_description/bin'
[62.243s] INFO:colcon.colcon_core.shell:Creating package script '/home/scott/chapter8/chapter8_ws/install/fishbot_description/share/fishbot_description/package.ps1'
[62.244s] INFO:colcon.colcon_core.shell:Creating package descriptor '/home/scott/chapter8/chapter8_ws/install/fishbot_description/share/fishbot_description/package.dsv'
[62.244s] INFO:colcon.colcon_core.shell:Creating package script '/home/scott/chapter8/chapter8_ws/install/fishbot_description/share/fishbot_description/package.sh'
[62.244s] INFO:colcon.colcon_core.shell:Creating package script '/home/scott/chapter8/chapter8_ws/install/fishbot_description/share/fishbot_description/package.bash'
[62.245s] INFO:colcon.colcon_core.shell:Creating package script '/home/scott/chapter8/chapter8_ws/install/fishbot_description/share/fishbot_description/package.zsh'
[62.245s] Level 1:colcon.colcon_core.environment:create_file_with_runtime_dependencies(/home/scott/chapter8/chapter8_ws/install/fishbot_description/share/colcon-core/packages/fishbot_description)
[62.247s] Level 1:colcon.colcon_core.environment:create_environment_scripts_only(fishbot_description)
[62.248s] Level 1:colcon.colcon_core.environment:checking '/home/scott/chapter8/chapter8_ws/install/fishbot_description' for CMake module files
[62.248s] Level 1:colcon.colcon_core.environment:checking '/home/scott/chapter8/chapter8_ws/install/fishbot_description' for CMake config files
[62.249s] Level 1:colcon.colcon_core.shell:create_environment_hook('fishbot_description', 'cmake_prefix_path')
[62.249s] INFO:colcon.colcon_core.shell:Creating environment hook '/home/scott/chapter8/chapter8_ws/install/fishbot_description/share/fishbot_description/hook/cmake_prefix_path.ps1'
[62.250s] INFO:colcon.colcon_core.shell:Creating environment descriptor '/home/scott/chapter8/chapter8_ws/install/fishbot_description/share/fishbot_description/hook/cmake_prefix_path.dsv'
[62.250s] INFO:colcon.colcon_core.shell:Creating environment hook '/home/scott/chapter8/chapter8_ws/install/fishbot_description/share/fishbot_description/hook/cmake_prefix_path.sh'
[62.251s] Level 1:colcon.colcon_core.environment:checking '/home/scott/chapter8/chapter8_ws/install/fishbot_description/bin'
[62.251s] Level 1:colcon.colcon_core.environment:checking '/home/scott/chapter8/chapter8_ws/install/fishbot_description/lib/pkgconfig/fishbot_description.pc'
[62.251s] Level 1:colcon.colcon_core.environment:checking '/home/scott/chapter8/chapter8_ws/install/fishbot_description/lib/python3.10/site-packages'
[62.251s] Level 1:colcon.colcon_core.environment:checking '/home/scott/chapter8/chapter8_ws/install/fishbot_description/bin'
[62.251s] INFO:colcon.colcon_core.shell:Creating package script '/home/scott/chapter8/chapter8_ws/install/fishbot_description/share/fishbot_description/package.ps1'
[62.252s] INFO:colcon.colcon_core.shell:Creating package descriptor '/home/scott/chapter8/chapter8_ws/install/fishbot_description/share/fishbot_description/package.dsv'
[62.252s] INFO:colcon.colcon_core.shell:Creating package script '/home/scott/chapter8/chapter8_ws/install/fishbot_description/share/fishbot_description/package.sh'
[62.253s] INFO:colcon.colcon_core.shell:Creating package script '/home/scott/chapter8/chapter8_ws/install/fishbot_description/share/fishbot_description/package.bash'
[62.253s] INFO:colcon.colcon_core.shell:Creating package script '/home/scott/chapter8/chapter8_ws/install/fishbot_description/share/fishbot_description/package.zsh'
[62.254s] Level 1:colcon.colcon_core.environment:create_file_with_runtime_dependencies(/home/scott/chapter8/chapter8_ws/install/fishbot_description/share/colcon-core/packages/fishbot_description)
[123.667s] DEBUG:colcon.colcon_core.event_handler.log_command:Invoked command in '/home/scott/chapter8/chapter8_ws/build/autopatrol_interfaces' returned '0': CMAKE_PREFIX_PATH=${CMAKE_PREFIX_PATH}:/mnt/e/Dev_ws/install/learning_urdf:/mnt/e/Dev_ws/install/learning_topic:/mnt/e/Dev_ws/install/learning_tf:/mnt/e/Dev_ws/install/learning_service:/mnt/e/Dev_ws/install/learning_qos:/mnt/e/Dev_ws/install/learning_pkg_python:/mnt/e/Dev_ws/install/learning_parameter:/mnt/e/Dev_ws/install/learning_node:/mnt/e/Dev_ws/install/learning_launch:/mnt/e/Dev_ws/install/learning_action:/mnt/e/Dev_ws/install/learning_gazebo_harmonic:/mnt/e/Dev_ws/install/learning_gazebo:/mnt/e/Dev_ws/install/learning_cv:/mnt/e/Dev_ws/install/demo_python_pkg:/opt/ros/humble /usr/bin/cmake /home/scott/chapter8/chapter8_ws/src/autopatrol_interfaces -DCMAKE_EXPORT_COMPILE_COMMANDS=ON -DCMAKE_INSTALL_PREFIX=/home/scott/chapter8/chapter8_ws/install/autopatrol_interfaces
[123.668s] DEBUG:colcon.colcon_core.event_handler.log_command:Invoking command in '/home/scott/chapter8/chapter8_ws/build/autopatrol_interfaces': CMAKE_PREFIX_PATH=${CMAKE_PREFIX_PATH}:/mnt/e/Dev_ws/install/learning_urdf:/mnt/e/Dev_ws/install/learning_topic:/mnt/e/Dev_ws/install/learning_tf:/mnt/e/Dev_ws/install/learning_service:/mnt/e/Dev_ws/install/learning_qos:/mnt/e/Dev_ws/install/learning_pkg_python:/mnt/e/Dev_ws/install/learning_parameter:/mnt/e/Dev_ws/install/learning_node:/mnt/e/Dev_ws/install/learning_launch:/mnt/e/Dev_ws/install/learning_action:/mnt/e/Dev_ws/install/learning_gazebo_harmonic:/mnt/e/Dev_ws/install/learning_gazebo:/mnt/e/Dev_ws/install/learning_cv:/mnt/e/Dev_ws/install/demo_python_pkg:/opt/ros/humble /usr/bin/cmake --build /home/scott/chapter8/chapter8_ws/build/autopatrol_interfaces -- -j16 -l16
[141.370s] DEBUG:colcon.colcon_core.event_handler.log_command:Invoked command in '/home/scott/chapter8/chapter8_ws/build/autopatrol_interfaces' returned '0': CMAKE_PREFIX_PATH=${CMAKE_PREFIX_PATH}:/mnt/e/Dev_ws/install/learning_urdf:/mnt/e/Dev_ws/install/learning_topic:/mnt/e/Dev_ws/install/learning_tf:/mnt/e/Dev_ws/install/learning_service:/mnt/e/Dev_ws/install/learning_qos:/mnt/e/Dev_ws/install/learning_pkg_python:/mnt/e/Dev_ws/install/learning_parameter:/mnt/e/Dev_ws/install/learning_node:/mnt/e/Dev_ws/install/learning_launch:/mnt/e/Dev_ws/install/learning_action:/mnt/e/Dev_ws/install/learning_gazebo_harmonic:/mnt/e/Dev_ws/install/learning_gazebo:/mnt/e/Dev_ws/install/learning_cv:/mnt/e/Dev_ws/install/demo_python_pkg:/opt/ros/humble /usr/bin/cmake --build /home/scott/chapter8/chapter8_ws/build/autopatrol_interfaces -- -j16 -l16
[141.372s] DEBUG:colcon.colcon_core.event_handler.log_command:Invoking command in '/home/scott/chapter8/chapter8_ws/build/autopatrol_interfaces': CMAKE_PREFIX_PATH=${CMAKE_PREFIX_PATH}:/mnt/e/Dev_ws/install/learning_urdf:/mnt/e/Dev_ws/install/learning_topic:/mnt/e/Dev_ws/install/learning_tf:/mnt/e/Dev_ws/install/learning_service:/mnt/e/Dev_ws/install/learning_qos:/mnt/e/Dev_ws/install/learning_pkg_python:/mnt/e/Dev_ws/install/learning_parameter:/mnt/e/Dev_ws/install/learning_node:/mnt/e/Dev_ws/install/learning_launch:/mnt/e/Dev_ws/install/learning_action:/mnt/e/Dev_ws/install/learning_gazebo_harmonic:/mnt/e/Dev_ws/install/learning_gazebo:/mnt/e/Dev_ws/install/learning_cv:/mnt/e/Dev_ws/install/demo_python_pkg:/opt/ros/humble /usr/bin/cmake --install /home/scott/chapter8/chapter8_ws/build/autopatrol_interfaces
[144.107s] Level 1:colcon.colcon_core.environment:create_environment_scripts_only(autopatrol_interfaces)
[144.108s] Level 1:colcon.colcon_core.environment:checking '/home/scott/chapter8/chapter8_ws/install/autopatrol_interfaces' for CMake module files
[144.108s] DEBUG:colcon.colcon_core.event_handler.log_command:Invoked command in '/home/scott/chapter8/chapter8_ws/build/autopatrol_interfaces' returned '0': CMAKE_PREFIX_PATH=${CMAKE_PREFIX_PATH}:/mnt/e/Dev_ws/install/learning_urdf:/mnt/e/Dev_ws/install/learning_topic:/mnt/e/Dev_ws/install/learning_tf:/mnt/e/Dev_ws/install/learning_service:/mnt/e/Dev_ws/install/learning_qos:/mnt/e/Dev_ws/install/learning_pkg_python:/mnt/e/Dev_ws/install/learning_parameter:/mnt/e/Dev_ws/install/learning_node:/mnt/e/Dev_ws/install/learning_launch:/mnt/e/Dev_ws/install/learning_action:/mnt/e/Dev_ws/install/learning_gazebo_harmonic:/mnt/e/Dev_ws/install/learning_gazebo:/mnt/e/Dev_ws/install/learning_cv:/mnt/e/Dev_ws/install/demo_python_pkg:/opt/ros/humble /usr/bin/cmake --install /home/scott/chapter8/chapter8_ws/build/autopatrol_interfaces
[144.109s] Level 1:colcon.colcon_core.environment:checking '/home/scott/chapter8/chapter8_ws/install/autopatrol_interfaces' for CMake config files
[144.110s] Level 1:colcon.colcon_core.shell:create_environment_hook('autopatrol_interfaces', 'cmake_prefix_path')
[144.110s] INFO:colcon.colcon_core.shell:Creating environment hook '/home/scott/chapter8/chapter8_ws/install/autopatrol_interfaces/share/autopatrol_interfaces/hook/cmake_prefix_path.ps1'
[144.111s] INFO:colcon.colcon_core.shell:Creating environment descriptor '/home/scott/chapter8/chapter8_ws/install/autopatrol_interfaces/share/autopatrol_interfaces/hook/cmake_prefix_path.dsv'
[144.111s] INFO:colcon.colcon_core.shell:Creating environment hook '/home/scott/chapter8/chapter8_ws/install/autopatrol_interfaces/share/autopatrol_interfaces/hook/cmake_prefix_path.sh'
[144.112s] Level 1:colcon.colcon_core.environment:checking '/home/scott/chapter8/chapter8_ws/install/autopatrol_interfaces/lib'
[144.112s] Level 1:colcon.colcon_core.shell:create_environment_hook('autopatrol_interfaces', 'ld_library_path_lib')
[144.113s] INFO:colcon.colcon_core.shell:Creating environment hook '/home/scott/chapter8/chapter8_ws/install/autopatrol_interfaces/share/autopatrol_interfaces/hook/ld_library_path_lib.ps1'
[144.113s] INFO:colcon.colcon_core.shell:Creating environment descriptor '/home/scott/chapter8/chapter8_ws/install/autopatrol_interfaces/share/autopatrol_interfaces/hook/ld_library_path_lib.dsv'
[144.113s] INFO:colcon.colcon_core.shell:Creating environment hook '/home/scott/chapter8/chapter8_ws/install/autopatrol_interfaces/share/autopatrol_interfaces/hook/ld_library_path_lib.sh'
[144.114s] Level 1:colcon.colcon_core.environment:checking '/home/scott/chapter8/chapter8_ws/install/autopatrol_interfaces/bin'
[144.114s] Level 1:colcon.colcon_core.environment:checking '/home/scott/chapter8/chapter8_ws/install/autopatrol_interfaces/lib/pkgconfig/autopatrol_interfaces.pc'
[144.114s] Level 1:colcon.colcon_core.environment:checking '/home/scott/chapter8/chapter8_ws/install/autopatrol_interfaces/lib/python3.10/site-packages'
[144.115s] Level 1:colcon.colcon_core.environment:checking '/home/scott/chapter8/chapter8_ws/install/autopatrol_interfaces/bin'
[144.115s] INFO:colcon.colcon_core.shell:Creating package script '/home/scott/chapter8/chapter8_ws/install/autopatrol_interfaces/share/autopatrol_interfaces/package.ps1'
[144.116s] INFO:colcon.colcon_core.shell:Creating package descriptor '/home/scott/chapter8/chapter8_ws/install/autopatrol_interfaces/share/autopatrol_interfaces/package.dsv'
[144.116s] INFO:colcon.colcon_core.shell:Creating package script '/home/scott/chapter8/chapter8_ws/install/autopatrol_interfaces/share/autopatrol_interfaces/package.sh'
[144.116s] INFO:colcon.colcon_core.shell:Creating package script '/home/scott/chapter8/chapter8_ws/install/autopatrol_interfaces/share/autopatrol_interfaces/package.bash'
[144.117s] INFO:colcon.colcon_core.shell:Creating package script '/home/scott/chapter8/chapter8_ws/install/autopatrol_interfaces/share/autopatrol_interfaces/package.zsh'
[144.117s] Level 1:colcon.colcon_core.environment:create_file_with_runtime_dependencies(/home/scott/chapter8/chapter8_ws/install/autopatrol_interfaces/share/colcon-core/packages/autopatrol_interfaces)
[144.119s] Level 1:colcon.colcon_core.environment:create_environment_scripts_only(autopatrol_interfaces)
[144.119s] Level 1:colcon.colcon_core.environment:checking '/home/scott/chapter8/chapter8_ws/install/autopatrol_interfaces' for CMake module files
[144.120s] Level 1:colcon.colcon_core.environment:checking '/home/scott/chapter8/chapter8_ws/install/autopatrol_interfaces' for CMake config files
[144.121s] Level 1:colcon.colcon_core.shell:create_environment_hook('autopatrol_interfaces', 'cmake_prefix_path')
[144.121s] INFO:colcon.colcon_core.shell:Creating environment hook '/home/scott/chapter8/chapter8_ws/install/autopatrol_interfaces/share/autopatrol_interfaces/hook/cmake_prefix_path.ps1'
[144.121s] INFO:colcon.colcon_core.shell:Creating environment descriptor '/home/scott/chapter8/chapter8_ws/install/autopatrol_interfaces/share/autopatrol_interfaces/hook/cmake_prefix_path.dsv'
[144.122s] INFO:colcon.colcon_core.shell:Creating environment hook '/home/scott/chapter8/chapter8_ws/install/autopatrol_interfaces/share/autopatrol_interfaces/hook/cmake_prefix_path.sh'
[144.122s] Level 1:colcon.colcon_core.environment:checking '/home/scott/chapter8/chapter8_ws/install/autopatrol_interfaces/lib'
[144.122s] Level 1:colcon.colcon_core.shell:create_environment_hook('autopatrol_interfaces', 'ld_library_path_lib')
[144.123s] INFO:colcon.colcon_core.shell:Creating environment hook '/home/scott/chapter8/chapter8_ws/install/autopatrol_interfaces/share/autopatrol_interfaces/hook/ld_library_path_lib.ps1'
[144.123s] INFO:colcon.colcon_core.shell:Creating environment descriptor '/home/scott/chapter8/chapter8_ws/install/autopatrol_interfaces/share/autopatrol_interfaces/hook/ld_library_path_lib.dsv'
[144.123s] INFO:colcon.colcon_core.shell:Creating environment hook '/home/scott/chapter8/chapter8_ws/install/autopatrol_interfaces/share/autopatrol_interfaces/hook/ld_library_path_lib.sh'
[144.124s] Level 1:colcon.colcon_core.environment:checking '/home/scott/chapter8/chapter8_ws/install/autopatrol_interfaces/bin'
[144.124s] Level 1:colcon.colcon_core.environment:checking '/home/scott/chapter8/chapter8_ws/install/autopatrol_interfaces/lib/pkgconfig/autopatrol_interfaces.pc'
[144.124s] Level 1:colcon.colcon_core.environment:checking '/home/scott/chapter8/chapter8_ws/install/autopatrol_interfaces/lib/python3.10/site-packages'
[144.124s] Level 1:colcon.colcon_core.environment:checking '/home/scott/chapter8/chapter8_ws/install/autopatrol_interfaces/bin'
[144.125s] INFO:colcon.colcon_core.shell:Creating package script '/home/scott/chapter8/chapter8_ws/install/autopatrol_interfaces/share/autopatrol_interfaces/package.ps1'
[144.125s] INFO:colcon.colcon_core.shell:Creating package descriptor '/home/scott/chapter8/chapter8_ws/install/autopatrol_interfaces/share/autopatrol_interfaces/package.dsv'
[144.125s] INFO:colcon.colcon_core.shell:Creating package script '/home/scott/chapter8/chapter8_ws/install/autopatrol_interfaces/share/autopatrol_interfaces/package.sh'
[144.126s] INFO:colcon.colcon_core.shell:Creating package script '/home/scott/chapter8/chapter8_ws/install/autopatrol_interfaces/share/autopatrol_interfaces/package.bash'
[144.126s] INFO:colcon.colcon_core.shell:Creating package script '/home/scott/chapter8/chapter8_ws/install/autopatrol_interfaces/share/autopatrol_interfaces/package.zsh'
[144.127s] Level 1:colcon.colcon_core.environment:create_file_with_runtime_dependencies(/home/scott/chapter8/chapter8_ws/install/autopatrol_interfaces/share/colcon-core/packages/autopatrol_interfaces)
[177.265s] DEBUG:colcon.colcon_core.event_handler.log_command:Invoked command in '/home/scott/chapter8/chapter8_ws/build/nav2_custom_planner' returned '0': CMAKE_PREFIX_PATH=${CMAKE_PREFIX_PATH}:/mnt/e/Dev_ws/install/learning_urdf:/mnt/e/Dev_ws/install/learning_topic:/mnt/e/Dev_ws/install/learning_tf:/mnt/e/Dev_ws/install/learning_service:/mnt/e/Dev_ws/install/learning_qos:/mnt/e/Dev_ws/install/learning_pkg_python:/mnt/e/Dev_ws/install/learning_parameter:/mnt/e/Dev_ws/install/learning_node:/mnt/e/Dev_ws/install/learning_launch:/mnt/e/Dev_ws/install/learning_action:/mnt/e/Dev_ws/install/learning_gazebo_harmonic:/mnt/e/Dev_ws/install/learning_gazebo:/mnt/e/Dev_ws/install/learning_cv:/mnt/e/Dev_ws/install/demo_python_pkg:/opt/ros/humble /usr/bin/cmake /home/scott/chapter8/chapter8_ws/src/nav2_custom_planner -DCMAKE_EXPORT_COMPILE_COMMANDS=ON -DCMAKE_INSTALL_PREFIX=/home/scott/chapter8/chapter8_ws/install/nav2_custom_planner
[177.267s] DEBUG:colcon.colcon_core.event_handler.log_command:Invoking command in '/home/scott/chapter8/chapter8_ws/build/nav2_custom_planner': CMAKE_PREFIX_PATH=${CMAKE_PREFIX_PATH}:/mnt/e/Dev_ws/install/learning_urdf:/mnt/e/Dev_ws/install/learning_topic:/mnt/e/Dev_ws/install/learning_tf:/mnt/e/Dev_ws/install/learning_service:/mnt/e/Dev_ws/install/learning_qos:/mnt/e/Dev_ws/install/learning_pkg_python:/mnt/e/Dev_ws/install/learning_parameter:/mnt/e/Dev_ws/install/learning_node:/mnt/e/Dev_ws/install/learning_launch:/mnt/e/Dev_ws/install/learning_action:/mnt/e/Dev_ws/install/learning_gazebo_harmonic:/mnt/e/Dev_ws/install/learning_gazebo:/mnt/e/Dev_ws/install/learning_cv:/mnt/e/Dev_ws/install/demo_python_pkg:/opt/ros/humble /usr/bin/cmake --build /home/scott/chapter8/chapter8_ws/build/nav2_custom_planner -- -j16 -l16
[178.016s] DEBUG:colcon.colcon_core.event_handler.log_command:Invoked command in '/home/scott/chapter8/chapter8_ws/build/nav2_custom_planner' returned '0': CMAKE_PREFIX_PATH=${CMAKE_PREFIX_PATH}:/mnt/e/Dev_ws/install/learning_urdf:/mnt/e/Dev_ws/install/learning_topic:/mnt/e/Dev_ws/install/learning_tf:/mnt/e/Dev_ws/install/learning_service:/mnt/e/Dev_ws/install/learning_qos:/mnt/e/Dev_ws/install/learning_pkg_python:/mnt/e/Dev_ws/install/learning_parameter:/mnt/e/Dev_ws/install/learning_node:/mnt/e/Dev_ws/install/learning_launch:/mnt/e/Dev_ws/install/learning_action:/mnt/e/Dev_ws/install/learning_gazebo_harmonic:/mnt/e/Dev_ws/install/learning_gazebo:/mnt/e/Dev_ws/install/learning_cv:/mnt/e/Dev_ws/install/demo_python_pkg:/opt/ros/humble /usr/bin/cmake --build /home/scott/chapter8/chapter8_ws/build/nav2_custom_planner -- -j16 -l16
[178.018s] DEBUG:colcon.colcon_core.event_handler.log_command:Invoking command in '/home/scott/chapter8/chapter8_ws/build/nav2_custom_planner': CMAKE_PREFIX_PATH=${CMAKE_PREFIX_PATH}:/mnt/e/Dev_ws/install/learning_urdf:/mnt/e/Dev_ws/install/learning_topic:/mnt/e/Dev_ws/install/learning_tf:/mnt/e/Dev_ws/install/learning_service:/mnt/e/Dev_ws/install/learning_qos:/mnt/e/Dev_ws/install/learning_pkg_python:/mnt/e/Dev_ws/install/learning_parameter:/mnt/e/Dev_ws/install/learning_node:/mnt/e/Dev_ws/install/learning_launch:/mnt/e/Dev_ws/install/learning_action:/mnt/e/Dev_ws/install/learning_gazebo_harmonic:/mnt/e/Dev_ws/install/learning_gazebo:/mnt/e/Dev_ws/install/learning_cv:/mnt/e/Dev_ws/install/demo_python_pkg:/opt/ros/humble /usr/bin/cmake --install /home/scott/chapter8/chapter8_ws/build/nav2_custom_planner
[178.110s] Level 1:colcon.colcon_core.environment:create_environment_scripts_only(nav2_custom_planner)
[178.110s] Level 1:colcon.colcon_core.environment:checking '/home/scott/chapter8/chapter8_ws/install/nav2_custom_planner' for CMake module files
[178.111s] DEBUG:colcon.colcon_core.event_handler.log_command:Invoked command in '/home/scott/chapter8/chapter8_ws/build/nav2_custom_planner' returned '0': CMAKE_PREFIX_PATH=${CMAKE_PREFIX_PATH}:/mnt/e/Dev_ws/install/learning_urdf:/mnt/e/Dev_ws/install/learning_topic:/mnt/e/Dev_ws/install/learning_tf:/mnt/e/Dev_ws/install/learning_service:/mnt/e/Dev_ws/install/learning_qos:/mnt/e/Dev_ws/install/learning_pkg_python:/mnt/e/Dev_ws/install/learning_parameter:/mnt/e/Dev_ws/install/learning_node:/mnt/e/Dev_ws/install/learning_launch:/mnt/e/Dev_ws/install/learning_action:/mnt/e/Dev_ws/install/learning_gazebo_harmonic:/mnt/e/Dev_ws/install/learning_gazebo:/mnt/e/Dev_ws/install/learning_cv:/mnt/e/Dev_ws/install/demo_python_pkg:/opt/ros/humble /usr/bin/cmake --install /home/scott/chapter8/chapter8_ws/build/nav2_custom_planner
[178.111s] Level 1:colcon.colcon_core.environment:checking '/home/scott/chapter8/chapter8_ws/install/nav2_custom_planner' for CMake config files
[178.111s] Level 1:colcon.colcon_core.shell:create_environment_hook('nav2_custom_planner', 'cmake_prefix_path')
[178.111s] INFO:colcon.colcon_core.shell:Creating environment hook '/home/scott/chapter8/chapter8_ws/install/nav2_custom_planner/share/nav2_custom_planner/hook/cmake_prefix_path.ps1'
[178.113s] INFO:colcon.colcon_core.shell:Creating environment descriptor '/home/scott/chapter8/chapter8_ws/install/nav2_custom_planner/share/nav2_custom_planner/hook/cmake_prefix_path.dsv'
[178.113s] INFO:colcon.colcon_core.shell:Creating environment hook '/home/scott/chapter8/chapter8_ws/install/nav2_custom_planner/share/nav2_custom_planner/hook/cmake_prefix_path.sh'
[178.114s] Level 1:colcon.colcon_core.environment:checking '/home/scott/chapter8/chapter8_ws/install/nav2_custom_planner/bin'
[178.114s] Level 1:colcon.colcon_core.environment:checking '/home/scott/chapter8/chapter8_ws/install/nav2_custom_planner/lib/pkgconfig/nav2_custom_planner.pc'
[178.114s] Level 1:colcon.colcon_core.environment:checking '/home/scott/chapter8/chapter8_ws/install/nav2_custom_planner/lib/python3.10/site-packages'
[178.114s] Level 1:colcon.colcon_core.environment:checking '/home/scott/chapter8/chapter8_ws/install/nav2_custom_planner/bin'
[178.115s] INFO:colcon.colcon_core.shell:Creating package script '/home/scott/chapter8/chapter8_ws/install/nav2_custom_planner/share/nav2_custom_planner/package.ps1'
[178.115s] INFO:colcon.colcon_core.shell:Creating package descriptor '/home/scott/chapter8/chapter8_ws/install/nav2_custom_planner/share/nav2_custom_planner/package.dsv'
[178.116s] INFO:colcon.colcon_core.shell:Creating package script '/home/scott/chapter8/chapter8_ws/install/nav2_custom_planner/share/nav2_custom_planner/package.sh'
[178.116s] INFO:colcon.colcon_core.shell:Creating package script '/home/scott/chapter8/chapter8_ws/install/nav2_custom_planner/share/nav2_custom_planner/package.bash'
[178.116s] INFO:colcon.colcon_core.shell:Creating package script '/home/scott/chapter8/chapter8_ws/install/nav2_custom_planner/share/nav2_custom_planner/package.zsh'
[178.117s] Level 1:colcon.colcon_core.environment:create_file_with_runtime_dependencies(/home/scott/chapter8/chapter8_ws/install/nav2_custom_planner/share/colcon-core/packages/nav2_custom_planner)
[178.118s] Level 1:colcon.colcon_core.environment:create_environment_scripts_only(nav2_custom_planner)
[178.119s] Level 1:colcon.colcon_core.environment:checking '/home/scott/chapter8/chapter8_ws/install/nav2_custom_planner' for CMake module files
[178.119s] Level 1:colcon.colcon_core.environment:checking '/home/scott/chapter8/chapter8_ws/install/nav2_custom_planner' for CMake config files
[178.119s] Level 1:colcon.colcon_core.shell:create_environment_hook('nav2_custom_planner', 'cmake_prefix_path')
[178.119s] INFO:colcon.colcon_core.shell:Creating environment hook '/home/scott/chapter8/chapter8_ws/install/nav2_custom_planner/share/nav2_custom_planner/hook/cmake_prefix_path.ps1'
[178.120s] INFO:colcon.colcon_core.shell:Creating environment descriptor '/home/scott/chapter8/chapter8_ws/install/nav2_custom_planner/share/nav2_custom_planner/hook/cmake_prefix_path.dsv'
[178.120s] INFO:colcon.colcon_core.shell:Creating environment hook '/home/scott/chapter8/chapter8_ws/install/nav2_custom_planner/share/nav2_custom_planner/hook/cmake_prefix_path.sh'
[178.121s] Level 1:colcon.colcon_core.environment:checking '/home/scott/chapter8/chapter8_ws/install/nav2_custom_planner/bin'
[178.121s] Level 1:colcon.colcon_core.environment:checking '/home/scott/chapter8/chapter8_ws/install/nav2_custom_planner/lib/pkgconfig/nav2_custom_planner.pc'
[178.121s] Level 1:colcon.colcon_core.environment:checking '/home/scott/chapter8/chapter8_ws/install/nav2_custom_planner/lib/python3.10/site-packages'
[178.121s] Level 1:colcon.colcon_core.environment:checking '/home/scott/chapter8/chapter8_ws/install/nav2_custom_planner/bin'
[178.122s] INFO:colcon.colcon_core.shell:Creating package script '/home/scott/chapter8/chapter8_ws/install/nav2_custom_planner/share/nav2_custom_planner/package.ps1'
[178.122s] INFO:colcon.colcon_core.shell:Creating package descriptor '/home/scott/chapter8/chapter8_ws/install/nav2_custom_planner/share/nav2_custom_planner/package.dsv'
[178.122s] INFO:colcon.colcon_core.shell:Creating package script '/home/scott/chapter8/chapter8_ws/install/nav2_custom_planner/share/nav2_custom_planner/package.sh'
[178.123s] INFO:colcon.colcon_core.shell:Creating package script '/home/scott/chapter8/chapter8_ws/install/nav2_custom_planner/share/nav2_custom_planner/package.bash'
[178.124s] INFO:colcon.colcon_core.shell:Creating package script '/home/scott/chapter8/chapter8_ws/install/nav2_custom_planner/share/nav2_custom_planner/package.zsh'
[178.124s] Level 1:colcon.colcon_core.environment:create_file_with_runtime_dependencies(/home/scott/chapter8/chapter8_ws/install/nav2_custom_planner/share/colcon-core/packages/nav2_custom_planner)
[178.125s] DEBUG:colcon.colcon_parallel_executor.executor.parallel:closing loop
[178.125s] DEBUG:colcon.colcon_parallel_executor.executor.parallel:loop closed
[178.125s] DEBUG:colcon.colcon_parallel_executor.executor.parallel:run_until_complete finished with '0'
[178.126s] DEBUG:colcon.colcon_core.event_reactor:joining thread
[178.349s] INFO:colcon.colcon_core.plugin_system:Skipping extension 'colcon_notification.desktop_notification.notify_send': Could not find 'notify-send'
[178.350s] INFO:colcon.colcon_core.plugin_system:Skipping extension 'colcon_notification.desktop_notification.terminal_notifier': Not used on non-Darwin systems
[178.350s] INFO:colcon.colcon_core.plugin_system:Skipping extension 'colcon_notification.desktop_notification.win32': Not used on non-Windows systems
[178.350s] INFO:colcon.colcon_notification.desktop_notification:Sending desktop notification using 'notify2'
[178.354s] DEBUG:colcon.colcon_notification.desktop_notification.notify2:Failed to initialize notify2: org.freedesktop.DBus.Error.ServiceUnknown: The name org.freedesktop.Notifications was not provided by any .service files
[178.354s] DEBUG:colcon.colcon_core.event_reactor:joined thread
[178.354s] INFO:colcon.colcon_core.shell:Creating prefix script '/home/scott/chapter8/chapter8_ws/install/local_setup.ps1'
[178.355s] INFO:colcon.colcon_core.shell:Creating prefix util module '/home/scott/chapter8/chapter8_ws/install/_local_setup_util_ps1.py'
[178.357s] INFO:colcon.colcon_core.shell:Creating prefix chain script '/home/scott/chapter8/chapter8_ws/install/setup.ps1'
[178.597s] INFO:colcon.colcon_core.shell:Creating prefix script '/home/scott/chapter8/chapter8_ws/install/local_setup.sh'
[178.598s] INFO:colcon.colcon_core.shell:Creating prefix util module '/home/scott/chapter8/chapter8_ws/install/_local_setup_util_sh.py'
[178.598s] INFO:colcon.colcon_core.shell:Creating prefix chain script '/home/scott/chapter8/chapter8_ws/install/setup.sh'
[178.855s] INFO:colcon.colcon_core.shell:Creating prefix script '/home/scott/chapter8/chapter8_ws/install/local_setup.bash'
[178.856s] INFO:colcon.colcon_core.shell:Creating prefix chain script '/home/scott/chapter8/chapter8_ws/install/setup.bash'
[179.099s] INFO:colcon.colcon_core.shell:Creating prefix script '/home/scott/chapter8/chapter8_ws/install/local_setup.zsh'
[179.100s] INFO:colcon.colcon_core.shell:Creating prefix chain script '/home/scott/chapter8/chapter8_ws/install/setup.zsh'
