[35m[1mConsolidate compiler generated dependencies of target nav2_custom_planner_plugin[0m
[ 50%] [32mBuilding CXX object CMakeFiles/nav2_custom_planner_plugin.dir/src/nav2_custom_planner.cpp.o[0m
[01m[K/home/scott/chapter8/chapter8_ws/src/nav2_custom_planner/src/nav2_custom_planner.cpp:[m[K In member function ‘[01m[Kvirtual nav_msgs::msg::Path nav2_custom_planner::CustomPlanner::createPlan(const PoseStamped&, const PoseStamped&)[m[K’:
[01m[K/home/scott/chapter8/chapter8_ws/src/nav2_custom_planner/src/nav2_custom_planner.cpp:49:49:[m[K [01;35m[Kwarning: [m[Kunused parameter ‘[01m[Kstart[m[K’ [[01;35m[K]8;;https://gcc.gnu.org/onlinedocs/gcc/Warning-Options.html#index-Wunused-parameter-Wunused-parameter]8;;[m[K]
   49 |         [01;35m[Kconst geometry_msgs::msg::PoseStamped & start[m[K,
      |         [01;35m[K~~~~~~~~~~~~~~~~~~~~~~~~~~~~~~~~~~~~~~~~^~~~~[m[K
[01m[K/home/scott/chapter8/chapter8_ws/src/nav2_custom_planner/src/nav2_custom_planner.cpp:50:49:[m[K [01;35m[Kwarning: [m[Kunused parameter ‘[01m[Kgoal[m[K’ [[01;35m[K]8;;https://gcc.gnu.org/onlinedocs/gcc/Warning-Options.html#index-Wunused-parameter-Wunused-parameter]8;;[m[K]
   50 |         [01;35m[Kconst geometry_msgs::msg::PoseStamped & goal[m[K)
      |         [01;35m[K~~~~~~~~~~~~~~~~~~~~~~~~~~~~~~~~~~~~~~~~^~~~[m[K
[100%] [32m[1mLinking CXX shared library libnav2_custom_planner_plugin.so[0m
[100%] Built target nav2_custom_planner_plugin
-- Install configuration: ""
-- Installing: /home/scott/chapter8/chapter8_ws/install/nav2_custom_planner/lib/libnav2_custom_planner_plugin.so
-- Set runtime path of "/home/scott/chapter8/chapter8_ws/install/nav2_custom_planner/lib/libnav2_custom_planner_plugin.so" to ""
-- Installing: /home/scott/chapter8/chapter8_ws/install/nav2_custom_planner/include
-- Installing: /home/scott/chapter8/chapter8_ws/install/nav2_custom_planner/include/nav2_custom_planner
-- Installing: /home/scott/chapter8/chapter8_ws/install/nav2_custom_planner/include/nav2_custom_planner/nav2_custom_planner.hpp
-- Installing: /home/scott/chapter8/chapter8_ws/install/nav2_custom_planner/share/nav2_custom_planner/custom_planner_plugin.xml
-- Up-to-date: /home/scott/chapter8/chapter8_ws/install/nav2_custom_planner/share/ament_index/resource_index/package_run_dependencies/nav2_custom_planner
-- Up-to-date: /home/scott/chapter8/chapter8_ws/install/nav2_custom_planner/share/ament_index/resource_index/parent_prefix_path/nav2_custom_planner
-- Up-to-date: /home/scott/chapter8/chapter8_ws/install/nav2_custom_planner/share/nav2_custom_planner/environment/ament_prefix_path.sh
-- Installing: /home/scott/chapter8/chapter8_ws/install/nav2_custom_planner/share/nav2_custom_planner/environment/ament_prefix_path.dsv
-- Up-to-date: /home/scott/chapter8/chapter8_ws/install/nav2_custom_planner/share/nav2_custom_planner/environment/path.sh
-- Installing: /home/scott/chapter8/chapter8_ws/install/nav2_custom_planner/share/nav2_custom_planner/environment/path.dsv
-- Up-to-date: /home/scott/chapter8/chapter8_ws/install/nav2_custom_planner/share/nav2_custom_planner/local_setup.bash
-- Up-to-date: /home/scott/chapter8/chapter8_ws/install/nav2_custom_planner/share/nav2_custom_planner/local_setup.sh
-- Up-to-date: /home/scott/chapter8/chapter8_ws/install/nav2_custom_planner/share/nav2_custom_planner/local_setup.zsh
-- Installing: /home/scott/chapter8/chapter8_ws/install/nav2_custom_planner/share/nav2_custom_planner/local_setup.dsv
-- Installing: /home/scott/chapter8/chapter8_ws/install/nav2_custom_planner/share/nav2_custom_planner/package.dsv
-- Up-to-date: /home/scott/chapter8/chapter8_ws/install/nav2_custom_planner/share/ament_index/resource_index/packages/nav2_custom_planner
-- Installing: /home/scott/chapter8/chapter8_ws/install/nav2_custom_planner/share/ament_index/resource_index/nav2_core__pluginlib__plugin/nav2_custom_planner
-- Up-to-date: /home/scott/chapter8/chapter8_ws/install/nav2_custom_planner/share/nav2_custom_planner/cmake/nav2_custom_plannerConfig.cmake
-- Up-to-date: /home/scott/chapter8/chapter8_ws/install/nav2_custom_planner/share/nav2_custom_planner/cmake/nav2_custom_plannerConfig-version.cmake
-- Installing: /home/scott/chapter8/chapter8_ws/install/nav2_custom_planner/share/nav2_custom_planner/package.xml
