[0.787s] Invoking command in '/home/scott/chapter8/chapter8_ws/build/nav2_custom_planner': CMAKE_PREFIX_PATH=${CMAKE_PREFIX_PATH}:/mnt/e/Dev_ws/install/learning_urdf:/mnt/e/Dev_ws/install/learning_topic:/mnt/e/Dev_ws/install/learning_tf:/mnt/e/Dev_ws/install/learning_service:/mnt/e/Dev_ws/install/learning_qos:/mnt/e/Dev_ws/install/learning_pkg_python:/mnt/e/Dev_ws/install/learning_parameter:/mnt/e/Dev_ws/install/learning_node:/mnt/e/Dev_ws/install/learning_launch:/mnt/e/Dev_ws/install/learning_action:/mnt/e/Dev_ws/install/learning_gazebo_harmonic:/mnt/e/Dev_ws/install/learning_gazebo:/mnt/e/Dev_ws/install/learning_cv:/mnt/e/Dev_ws/install/demo_python_pkg:/opt/ros/humble /usr/bin/cmake --build /home/scott/chapter8/chapter8_ws/build/nav2_custom_planner -- -j16 -l16
[1.825s] [35m[1mConsolidate compiler generated dependencies of target nav2_custom_planner_plugin[0m
[2.064s] [ 50%] [32mBuilding CXX object CMakeFiles/nav2_custom_planner_plugin.dir/src/nav2_custom_planner.cpp.o[0m
[5.823s] [01m[K/home/scott/chapter8/chapter8_ws/src/nav2_custom_planner/src/nav2_custom_planner.cpp:[m[K In member function ‘[01m[Kvirtual nav_msgs::msg::Path nav2_custom_planner::CustomPlanner::createPlan(const PoseStamped&, const PoseStamped&)[m[K’:
[5.823s] [01m[K/home/scott/chapter8/chapter8_ws/src/nav2_custom_planner/src/nav2_custom_planner.cpp:49:49:[m[K [01;35m[Kwarning: [m[Kunused parameter ‘[01m[Kstart[m[K’ [[01;35m[K]8;;https://gcc.gnu.org/onlinedocs/gcc/Warning-Options.html#index-Wunused-parameter-Wunused-parameter]8;;[m[K]
[5.823s]    49 |         [01;35m[Kconst geometry_msgs::msg::PoseStamped & start[m[K,
[5.824s]       |         [01;35m[K~~~~~~~~~~~~~~~~~~~~~~~~~~~~~~~~~~~~~~~~^~~~~[m[K
[5.824s] [01m[K/home/scott/chapter8/chapter8_ws/src/nav2_custom_planner/src/nav2_custom_planner.cpp:50:49:[m[K [01;35m[Kwarning: [m[Kunused parameter ‘[01m[Kgoal[m[K’ [[01;35m[K]8;;https://gcc.gnu.org/onlinedocs/gcc/Warning-Options.html#index-Wunused-parameter-Wunused-parameter]8;;[m[K]
[5.824s]    50 |         [01;35m[Kconst geometry_msgs::msg::PoseStamped & goal[m[K)
[5.824s]       |         [01;35m[K~~~~~~~~~~~~~~~~~~~~~~~~~~~~~~~~~~~~~~~~^~~~[m[K
[7.738s] [100%] [32m[1mLinking CXX shared library libnav2_custom_planner_plugin.so[0m
[8.728s] [100%] Built target nav2_custom_planner_plugin
[8.899s] Invoked command in '/home/scott/chapter8/chapter8_ws/build/nav2_custom_planner' returned '0': CMAKE_PREFIX_PATH=${CMAKE_PREFIX_PATH}:/mnt/e/Dev_ws/install/learning_urdf:/mnt/e/Dev_ws/install/learning_topic:/mnt/e/Dev_ws/install/learning_tf:/mnt/e/Dev_ws/install/learning_service:/mnt/e/Dev_ws/install/learning_qos:/mnt/e/Dev_ws/install/learning_pkg_python:/mnt/e/Dev_ws/install/learning_parameter:/mnt/e/Dev_ws/install/learning_node:/mnt/e/Dev_ws/install/learning_launch:/mnt/e/Dev_ws/install/learning_action:/mnt/e/Dev_ws/install/learning_gazebo_harmonic:/mnt/e/Dev_ws/install/learning_gazebo:/mnt/e/Dev_ws/install/learning_cv:/mnt/e/Dev_ws/install/demo_python_pkg:/opt/ros/humble /usr/bin/cmake --build /home/scott/chapter8/chapter8_ws/build/nav2_custom_planner -- -j16 -l16
[9.068s] Invoking command in '/home/scott/chapter8/chapter8_ws/build/nav2_custom_planner': CMAKE_PREFIX_PATH=${CMAKE_PREFIX_PATH}:/mnt/e/Dev_ws/install/learning_urdf:/mnt/e/Dev_ws/install/learning_topic:/mnt/e/Dev_ws/install/learning_tf:/mnt/e/Dev_ws/install/learning_service:/mnt/e/Dev_ws/install/learning_qos:/mnt/e/Dev_ws/install/learning_pkg_python:/mnt/e/Dev_ws/install/learning_parameter:/mnt/e/Dev_ws/install/learning_node:/mnt/e/Dev_ws/install/learning_launch:/mnt/e/Dev_ws/install/learning_action:/mnt/e/Dev_ws/install/learning_gazebo_harmonic:/mnt/e/Dev_ws/install/learning_gazebo:/mnt/e/Dev_ws/install/learning_cv:/mnt/e/Dev_ws/install/demo_python_pkg:/opt/ros/humble /usr/bin/cmake --install /home/scott/chapter8/chapter8_ws/build/nav2_custom_planner
[9.229s] -- Install configuration: ""
[9.230s] -- Installing: /home/scott/chapter8/chapter8_ws/install/nav2_custom_planner/lib/libnav2_custom_planner_plugin.so
[9.231s] -- Set runtime path of "/home/scott/chapter8/chapter8_ws/install/nav2_custom_planner/lib/libnav2_custom_planner_plugin.so" to ""
[9.231s] -- Installing: /home/scott/chapter8/chapter8_ws/install/nav2_custom_planner/include
[9.232s] -- Installing: /home/scott/chapter8/chapter8_ws/install/nav2_custom_planner/include/nav2_custom_planner
[9.232s] -- Installing: /home/scott/chapter8/chapter8_ws/install/nav2_custom_planner/include/nav2_custom_planner/nav2_custom_planner.hpp
[9.233s] -- Installing: /home/scott/chapter8/chapter8_ws/install/nav2_custom_planner/share/nav2_custom_planner/custom_planner_plugin.xml
[9.233s] -- Up-to-date: /home/scott/chapter8/chapter8_ws/install/nav2_custom_planner/share/ament_index/resource_index/package_run_dependencies/nav2_custom_planner
[9.233s] -- Up-to-date: /home/scott/chapter8/chapter8_ws/install/nav2_custom_planner/share/ament_index/resource_index/parent_prefix_path/nav2_custom_planner
[9.233s] -- Up-to-date: /home/scott/chapter8/chapter8_ws/install/nav2_custom_planner/share/nav2_custom_planner/environment/ament_prefix_path.sh
[9.233s] -- Installing: /home/scott/chapter8/chapter8_ws/install/nav2_custom_planner/share/nav2_custom_planner/environment/ament_prefix_path.dsv
[9.233s] -- Up-to-date: /home/scott/chapter8/chapter8_ws/install/nav2_custom_planner/share/nav2_custom_planner/environment/path.sh
[9.234s] -- Installing: /home/scott/chapter8/chapter8_ws/install/nav2_custom_planner/share/nav2_custom_planner/environment/path.dsv
[9.234s] -- Up-to-date: /home/scott/chapter8/chapter8_ws/install/nav2_custom_planner/share/nav2_custom_planner/local_setup.bash
[9.234s] -- Up-to-date: /home/scott/chapter8/chapter8_ws/install/nav2_custom_planner/share/nav2_custom_planner/local_setup.sh
[9.234s] -- Up-to-date: /home/scott/chapter8/chapter8_ws/install/nav2_custom_planner/share/nav2_custom_planner/local_setup.zsh
[9.234s] -- Installing: /home/scott/chapter8/chapter8_ws/install/nav2_custom_planner/share/nav2_custom_planner/local_setup.dsv
[9.234s] -- Installing: /home/scott/chapter8/chapter8_ws/install/nav2_custom_planner/share/nav2_custom_planner/package.dsv
[9.234s] -- Up-to-date: /home/scott/chapter8/chapter8_ws/install/nav2_custom_planner/share/ament_index/resource_index/packages/nav2_custom_planner
[9.235s] -- Installing: /home/scott/chapter8/chapter8_ws/install/nav2_custom_planner/share/ament_index/resource_index/nav2_core__pluginlib__plugin/nav2_custom_planner
[9.235s] -- Up-to-date: /home/scott/chapter8/chapter8_ws/install/nav2_custom_planner/share/nav2_custom_planner/cmake/nav2_custom_plannerConfig.cmake
[9.235s] -- Up-to-date: /home/scott/chapter8/chapter8_ws/install/nav2_custom_planner/share/nav2_custom_planner/cmake/nav2_custom_plannerConfig-version.cmake
[9.235s] -- Installing: /home/scott/chapter8/chapter8_ws/install/nav2_custom_planner/share/nav2_custom_planner/package.xml
[9.239s] Invoked command in '/home/scott/chapter8/chapter8_ws/build/nav2_custom_planner' returned '0': CMAKE_PREFIX_PATH=${CMAKE_PREFIX_PATH}:/mnt/e/Dev_ws/install/learning_urdf:/mnt/e/Dev_ws/install/learning_topic:/mnt/e/Dev_ws/install/learning_tf:/mnt/e/Dev_ws/install/learning_service:/mnt/e/Dev_ws/install/learning_qos:/mnt/e/Dev_ws/install/learning_pkg_python:/mnt/e/Dev_ws/install/learning_parameter:/mnt/e/Dev_ws/install/learning_node:/mnt/e/Dev_ws/install/learning_launch:/mnt/e/Dev_ws/install/learning_action:/mnt/e/Dev_ws/install/learning_gazebo_harmonic:/mnt/e/Dev_ws/install/learning_gazebo:/mnt/e/Dev_ws/install/learning_cv:/mnt/e/Dev_ws/install/demo_python_pkg:/opt/ros/humble /usr/bin/cmake --install /home/scott/chapter8/chapter8_ws/build/nav2_custom_planner
