[20.485s] Invoking command in '/home/scott/chapter8/chapter8_ws/src/fishbot_application': PYTHONPATH=/home/scott/chapter8/chapter8_ws/build/fishbot_application/prefix_override:/usr/lib/python3/dist-packages/colcon_core/task/python/colcon_distutils_commands:/home/scott/chapter8/chapter8_ws/install/fishbot_application/lib/python3.10/site-packages:${PYTHONPATH} /usr/bin/python3 -W ignore:setup.py install is deprecated -W ignore:easy_install command is deprecated setup.py egg_info --egg-base ../../build/fishbot_application build --build-base /home/scott/chapter8/chapter8_ws/build/fishbot_application/build install --record /home/scott/chapter8/chapter8_ws/build/fishbot_application/install.log --single-version-externally-managed install_data
[24.863s] running egg_info
[24.864s] writing ../../build/fishbot_application/fishbot_application.egg-info/PKG-INFO
[24.865s] writing dependency_links to ../../build/fishbot_application/fishbot_application.egg-info/dependency_links.txt
[24.865s] writing entry points to ../../build/fishbot_application/fishbot_application.egg-info/entry_points.txt
[24.865s] writing requirements to ../../build/fishbot_application/fishbot_application.egg-info/requires.txt
[24.865s] writing top-level names to ../../build/fishbot_application/fishbot_application.egg-info/top_level.txt
[24.867s] reading manifest file '../../build/fishbot_application/fishbot_application.egg-info/SOURCES.txt'
[24.867s] adding license file 'LICENSE'
[24.867s] adding license file 'LICENSE:Zone.Identifier'
[24.868s] writing manifest file '../../build/fishbot_application/fishbot_application.egg-info/SOURCES.txt'
[24.868s] running build
[24.868s] running build_py
[24.868s] running install
[24.868s] running install_lib
[24.904s] running install_data
[24.904s] running install_egg_info
[24.939s] removing '/home/scott/chapter8/chapter8_ws/install/fishbot_application/lib/python3.10/site-packages/fishbot_application-0.0.0-py3.10.egg-info' (and everything under it)
[24.940s] Copying ../../build/fishbot_application/fishbot_application.egg-info to /home/scott/chapter8/chapter8_ws/install/fishbot_application/lib/python3.10/site-packages/fishbot_application-0.0.0-py3.10.egg-info
[24.942s] running install_scripts
[25.417s] Installing get_robot_pose script to /home/scott/chapter8/chapter8_ws/install/fishbot_application/lib/fishbot_application
[25.417s] Installing init_robot_pose script to /home/scott/chapter8/chapter8_ws/install/fishbot_application/lib/fishbot_application
[25.417s] Installing nav_to_pose script to /home/scott/chapter8/chapter8_ws/install/fishbot_application/lib/fishbot_application
[25.418s] Installing waypoint_follower script to /home/scott/chapter8/chapter8_ws/install/fishbot_application/lib/fishbot_application
[25.418s] writing list of installed files to '/home/scott/chapter8/chapter8_ws/build/fishbot_application/install.log'
[25.476s] Invoked command in '/home/scott/chapter8/chapter8_ws/src/fishbot_application' returned '0': PYTHONPATH=/home/scott/chapter8/chapter8_ws/build/fishbot_application/prefix_override:/usr/lib/python3/dist-packages/colcon_core/task/python/colcon_distutils_commands:/home/scott/chapter8/chapter8_ws/install/fishbot_application/lib/python3.10/site-packages:${PYTHONPATH} /usr/bin/python3 -W ignore:setup.py install is deprecated -W ignore:easy_install command is deprecated setup.py egg_info --egg-base ../../build/fishbot_application build --build-base /home/scott/chapter8/chapter8_ws/build/fishbot_application/build install --record /home/scott/chapter8/chapter8_ws/build/fishbot_application/install.log --single-version-externally-managed install_data
