[0.357s] Invoking command in '/home/scott/chapter8/learn_plugin/build/motion_control_system': CMAKE_PREFIX_PATH=${CMAKE_PREFIX_PATH}:/mnt/e/Dev_ws/install/learning_urdf:/mnt/e/Dev_ws/install/learning_topic:/mnt/e/Dev_ws/install/learning_tf:/mnt/e/Dev_ws/install/learning_service:/mnt/e/Dev_ws/install/learning_qos:/mnt/e/Dev_ws/install/learning_pkg_python:/mnt/e/Dev_ws/install/learning_parameter:/mnt/e/Dev_ws/install/learning_node:/mnt/e/Dev_ws/install/learning_launch:/mnt/e/Dev_ws/install/learning_action:/mnt/e/Dev_ws/install/learning_gazebo_harmonic:/mnt/e/Dev_ws/install/learning_gazebo:/mnt/e/Dev_ws/install/learning_cv:/mnt/e/Dev_ws/install/demo_python_pkg:/opt/ros/humble /usr/bin/cmake /home/scott/chapter8/learn_plugin/src/motion_control_system -DCMAKE_INSTALL_PREFIX=/home/scott/chapter8/learn_plugin/install/motion_control_system
[1.725s] -- The C compiler identification is GNU 11.4.0
[2.365s] -- The CXX compiler identification is GNU 11.4.0
[2.675s] -- Detecting C compiler ABI info
[3.388s] -- Detecting C compiler ABI info - done
[3.394s] -- Check for working C compiler: /usr/bin/cc - skipped
[3.394s] -- Detecting C compile features
[3.395s] -- Detecting C compile features - done
[3.399s] -- Detecting CXX compiler ABI info
[4.406s] -- Detecting CXX compiler ABI info - done
[4.412s] -- Check for working CXX compiler: /usr/bin/c++ - skipped
[4.412s] -- Detecting CXX compile features
[4.413s] -- Detecting CXX compile features - done
[5.769s] -- Found ament_cmake: 1.3.13 (/opt/ros/humble/share/ament_cmake/cmake)
[16.475s] -- Found Python3: /usr/bin/python3 (found version "3.10.12") found components: Interpreter 
[36.151s] -- Found pluginlib: 5.1.3 (/opt/ros/humble/share/pluginlib/cmake)
[47.460s] -- Found ament_lint_auto: 0.12.15 (/opt/ros/humble/share/ament_lint_auto/cmake)
[58.622s] [31mCMake Error at CMakeLists.txt:29 (install):
[58.622s]   install does not recognize sub-command TARGET
[58.622s] 
[58.622s] [0m
[58.630s] -- Added test 'cppcheck' to perform static code analysis on C / C++ code
[58.630s] -- Configured cppcheck include dirs: /home/scott/chapter8/learn_plugin/src/motion_control_system/include
[58.630s] -- Configured cppcheck exclude dirs and/or files: 
[58.802s] -- Added test 'lint_cmake' to check CMake code style
[59.049s] -- Added test 'uncrustify' to check C / C++ code style
[59.049s] -- Configured uncrustify additional arguments: 
[59.285s] -- Added test 'xmllint' to check XML markup files
[59.782s] -- Configuring incomplete, errors occurred!
[59.782s] See also "/home/scott/chapter8/learn_plugin/build/motion_control_system/CMakeFiles/CMakeOutput.log".
[59.791s] Invoked command in '/home/scott/chapter8/learn_plugin/build/motion_control_system' returned '1': CMAKE_PREFIX_PATH=${CMAKE_PREFIX_PATH}:/mnt/e/Dev_ws/install/learning_urdf:/mnt/e/Dev_ws/install/learning_topic:/mnt/e/Dev_ws/install/learning_tf:/mnt/e/Dev_ws/install/learning_service:/mnt/e/Dev_ws/install/learning_qos:/mnt/e/Dev_ws/install/learning_pkg_python:/mnt/e/Dev_ws/install/learning_parameter:/mnt/e/Dev_ws/install/learning_node:/mnt/e/Dev_ws/install/learning_launch:/mnt/e/Dev_ws/install/learning_action:/mnt/e/Dev_ws/install/learning_gazebo_harmonic:/mnt/e/Dev_ws/install/learning_gazebo:/mnt/e/Dev_ws/install/learning_cv:/mnt/e/Dev_ws/install/demo_python_pkg:/opt/ros/humble /usr/bin/cmake /home/scott/chapter8/learn_plugin/src/motion_control_system -DCMAKE_INSTALL_PREFIX=/home/scott/chapter8/learn_plugin/install/motion_control_system
