[6.081s] DEBUG:colcon:Command line arguments: ['/usr/bin/colcon', 'build', '--packages-select', 'nav2_custom_planner']
[6.081s] DEBUG:colcon:Parsed command line arguments: Namespace(log_base=None, log_level=None, verb_name='build', build_base='build', install_base='install', merge_install=False, symlink_install=False, test_result_base=None, continue_on_error=False, executor='parallel', parallel_workers=16, event_handlers=None, ignore_user_meta=False, metas=['./colcon.meta'], base_paths=['.'], packages_ignore=None, packages_ignore_regex=None, paths=None, packages_up_to=None, packages_up_to_regex=None, packages_above=None, packages_above_and_dependencies=None, packages_above_depth=None, packages_select_by_dep=None, packages_skip_by_dep=None, packages_skip_up_to=None, packages_select_build_failed=False, packages_skip_build_finished=False, packages_select_test_failures=False, packages_skip_test_passed=False, packages_select=['nav2_custom_planner'], packages_skip=None, packages_select_regex=None, packages_skip_regex=None, packages_start=None, packages_end=None, allow_overriding=[], cmake_args=None, cmake_target=None, cmake_target_skip_unavailable=False, cmake_clean_cache=False, cmake_clean_first=False, cmake_force_configure=False, ament_cmake_args=None, catkin_cmake_args=None, catkin_skip_building_tests=False, verb_parser=<colcon_defaults.argument_parser.defaults.DefaultArgumentsDecorator object at 0x75fa1aa53580>, verb_extension=<colcon_core.verb.build.BuildVerb object at 0x75fa1aa52560>, main=<bound method BuildVerb.main of <colcon_core.verb.build.BuildVerb object at 0x75fa1aa52560>>)
[8.302s] Level 1:colcon.colcon_core.package_discovery:discover_packages(colcon_meta) check parameters
[8.302s] Level 1:colcon.colcon_core.package_discovery:discover_packages(recursive) check parameters
[8.303s] Level 1:colcon.colcon_core.package_discovery:discover_packages(ignore) check parameters
[8.303s] Level 1:colcon.colcon_core.package_discovery:discover_packages(path) check parameters
[8.303s] Level 1:colcon.colcon_core.package_discovery:discover_packages(colcon_meta) discover
[8.303s] Level 1:colcon.colcon_core.package_discovery:discover_packages(recursive) discover
[8.303s] INFO:colcon.colcon_core.package_discovery:Crawling recursively for packages in '/home/scott/chapter8/chapter8_ws'
[8.303s] Level 1:colcon.colcon_core.package_identification:_identify(.) by extensions ['ignore', 'ignore_ament_install']
[8.303s] Level 1:colcon.colcon_core.package_identification:_identify(.) by extension 'ignore'
[8.303s] Level 1:colcon.colcon_core.package_identification:_identify(.) by extension 'ignore_ament_install'
[8.303s] Level 1:colcon.colcon_core.package_identification:_identify(.) by extensions ['colcon_pkg']
[8.303s] Level 1:colcon.colcon_core.package_identification:_identify(.) by extension 'colcon_pkg'
[8.303s] Level 1:colcon.colcon_core.package_identification:_identify(.) by extensions ['colcon_meta']
[8.303s] Level 1:colcon.colcon_core.package_identification:_identify(.) by extension 'colcon_meta'
[8.303s] Level 1:colcon.colcon_core.package_identification:_identify(.) by extensions ['ros']
[8.303s] Level 1:colcon.colcon_core.package_identification:_identify(.) by extension 'ros'
[8.367s] Level 1:colcon.colcon_core.package_identification:_identify(.) by extensions ['cmake', 'python']
[8.367s] Level 1:colcon.colcon_core.package_identification:_identify(.) by extension 'cmake'
[8.367s] Level 1:colcon.colcon_core.package_identification:_identify(.) by extension 'python'
[8.368s] Level 1:colcon.colcon_core.package_identification:_identify(.) by extensions ['python_setup_py']
[8.368s] Level 1:colcon.colcon_core.package_identification:_identify(.) by extension 'python_setup_py'
[8.368s] Level 1:colcon.colcon_core.package_identification:_identify(build) by extensions ['ignore', 'ignore_ament_install']
[8.368s] Level 1:colcon.colcon_core.package_identification:_identify(build) by extension 'ignore'
[8.368s] Level 1:colcon.colcon_core.package_identification:_identify(build) ignored
[8.368s] Level 1:colcon.colcon_core.package_identification:_identify(install) by extensions ['ignore', 'ignore_ament_install']
[8.368s] Level 1:colcon.colcon_core.package_identification:_identify(install) by extension 'ignore'
[8.368s] Level 1:colcon.colcon_core.package_identification:_identify(install) ignored
[8.368s] Level 1:colcon.colcon_core.package_identification:_identify(log) by extensions ['ignore', 'ignore_ament_install']
[8.368s] Level 1:colcon.colcon_core.package_identification:_identify(log) by extension 'ignore'
[8.369s] Level 1:colcon.colcon_core.package_identification:_identify(log) ignored
[8.369s] Level 1:colcon.colcon_core.package_identification:_identify(src) by extensions ['ignore', 'ignore_ament_install']
[8.369s] Level 1:colcon.colcon_core.package_identification:_identify(src) by extension 'ignore'
[8.369s] Level 1:colcon.colcon_core.package_identification:_identify(src) by extension 'ignore_ament_install'
[8.369s] Level 1:colcon.colcon_core.package_identification:_identify(src) by extensions ['colcon_pkg']
[8.369s] Level 1:colcon.colcon_core.package_identification:_identify(src) by extension 'colcon_pkg'
[8.369s] Level 1:colcon.colcon_core.package_identification:_identify(src) by extensions ['colcon_meta']
[8.369s] Level 1:colcon.colcon_core.package_identification:_identify(src) by extension 'colcon_meta'
[8.369s] Level 1:colcon.colcon_core.package_identification:_identify(src) by extensions ['ros']
[8.369s] Level 1:colcon.colcon_core.package_identification:_identify(src) by extension 'ros'
[8.369s] Level 1:colcon.colcon_core.package_identification:_identify(src) by extensions ['cmake', 'python']
[8.369s] Level 1:colcon.colcon_core.package_identification:_identify(src) by extension 'cmake'
[8.369s] Level 1:colcon.colcon_core.package_identification:_identify(src) by extension 'python'
[8.369s] Level 1:colcon.colcon_core.package_identification:_identify(src) by extensions ['python_setup_py']
[8.369s] Level 1:colcon.colcon_core.package_identification:_identify(src) by extension 'python_setup_py'
[8.369s] Level 1:colcon.colcon_core.package_identification:_identify(src/autopatrol_interfaces) by extensions ['ignore', 'ignore_ament_install']
[8.369s] Level 1:colcon.colcon_core.package_identification:_identify(src/autopatrol_interfaces) by extension 'ignore'
[8.369s] Level 1:colcon.colcon_core.package_identification:_identify(src/autopatrol_interfaces) by extension 'ignore_ament_install'
[8.369s] Level 1:colcon.colcon_core.package_identification:_identify(src/autopatrol_interfaces) by extensions ['colcon_pkg']
[8.370s] Level 1:colcon.colcon_core.package_identification:_identify(src/autopatrol_interfaces) by extension 'colcon_pkg'
[8.370s] Level 1:colcon.colcon_core.package_identification:_identify(src/autopatrol_interfaces) by extensions ['colcon_meta']
[8.370s] Level 1:colcon.colcon_core.package_identification:_identify(src/autopatrol_interfaces) by extension 'colcon_meta'
[8.370s] Level 1:colcon.colcon_core.package_identification:_identify(src/autopatrol_interfaces) by extensions ['ros']
[8.370s] Level 1:colcon.colcon_core.package_identification:_identify(src/autopatrol_interfaces) by extension 'ros'
[8.372s] DEBUG:colcon.colcon_core.package_identification:Package 'src/autopatrol_interfaces' with type 'ros.ament_cmake' and name 'autopatrol_interfaces'
[8.372s] Level 1:colcon.colcon_core.package_identification:_identify(src/autopatrol_robot) by extensions ['ignore', 'ignore_ament_install']
[8.372s] Level 1:colcon.colcon_core.package_identification:_identify(src/autopatrol_robot) by extension 'ignore'
[8.372s] Level 1:colcon.colcon_core.package_identification:_identify(src/autopatrol_robot) by extension 'ignore_ament_install'
[8.372s] Level 1:colcon.colcon_core.package_identification:_identify(src/autopatrol_robot) by extensions ['colcon_pkg']
[8.372s] Level 1:colcon.colcon_core.package_identification:_identify(src/autopatrol_robot) by extension 'colcon_pkg'
[8.372s] Level 1:colcon.colcon_core.package_identification:_identify(src/autopatrol_robot) by extensions ['colcon_meta']
[8.373s] Level 1:colcon.colcon_core.package_identification:_identify(src/autopatrol_robot) by extension 'colcon_meta'
[8.373s] Level 1:colcon.colcon_core.package_identification:_identify(src/autopatrol_robot) by extensions ['ros']
[8.373s] Level 1:colcon.colcon_core.package_identification:_identify(src/autopatrol_robot) by extension 'ros'
[8.373s] DEBUG:colcon.colcon_core.package_identification:Package 'src/autopatrol_robot' with type 'ros.ament_python' and name 'autopatrol_robot'
[8.373s] Level 1:colcon.colcon_core.package_identification:_identify(src/fishbot_application) by extensions ['ignore', 'ignore_ament_install']
[8.373s] Level 1:colcon.colcon_core.package_identification:_identify(src/fishbot_application) by extension 'ignore'
[8.373s] Level 1:colcon.colcon_core.package_identification:_identify(src/fishbot_application) by extension 'ignore_ament_install'
[8.373s] Level 1:colcon.colcon_core.package_identification:_identify(src/fishbot_application) by extensions ['colcon_pkg']
[8.374s] Level 1:colcon.colcon_core.package_identification:_identify(src/fishbot_application) by extension 'colcon_pkg'
[8.374s] Level 1:colcon.colcon_core.package_identification:_identify(src/fishbot_application) by extensions ['colcon_meta']
[8.374s] Level 1:colcon.colcon_core.package_identification:_identify(src/fishbot_application) by extension 'colcon_meta'
[8.374s] Level 1:colcon.colcon_core.package_identification:_identify(src/fishbot_application) by extensions ['ros']
[8.374s] Level 1:colcon.colcon_core.package_identification:_identify(src/fishbot_application) by extension 'ros'
[8.374s] DEBUG:colcon.colcon_core.package_identification:Package 'src/fishbot_application' with type 'ros.ament_python' and name 'fishbot_application'
[8.374s] Level 1:colcon.colcon_core.package_identification:_identify(src/fishbot_description) by extensions ['ignore', 'ignore_ament_install']
[8.374s] Level 1:colcon.colcon_core.package_identification:_identify(src/fishbot_description) by extension 'ignore'
[8.374s] Level 1:colcon.colcon_core.package_identification:_identify(src/fishbot_description) by extension 'ignore_ament_install'
[8.374s] Level 1:colcon.colcon_core.package_identification:_identify(src/fishbot_description) by extensions ['colcon_pkg']
[8.374s] Level 1:colcon.colcon_core.package_identification:_identify(src/fishbot_description) by extension 'colcon_pkg'
[8.374s] Level 1:colcon.colcon_core.package_identification:_identify(src/fishbot_description) by extensions ['colcon_meta']
[8.374s] Level 1:colcon.colcon_core.package_identification:_identify(src/fishbot_description) by extension 'colcon_meta'
[8.375s] Level 1:colcon.colcon_core.package_identification:_identify(src/fishbot_description) by extensions ['ros']
[8.375s] Level 1:colcon.colcon_core.package_identification:_identify(src/fishbot_description) by extension 'ros'
[8.375s] DEBUG:colcon.colcon_core.package_identification:Package 'src/fishbot_description' with type 'ros.ament_cmake' and name 'fishbot_description'
[8.375s] Level 1:colcon.colcon_core.package_identification:_identify(src/fishbot_navigation2) by extensions ['ignore', 'ignore_ament_install']
[8.375s] Level 1:colcon.colcon_core.package_identification:_identify(src/fishbot_navigation2) by extension 'ignore'
[8.375s] Level 1:colcon.colcon_core.package_identification:_identify(src/fishbot_navigation2) by extension 'ignore_ament_install'
[8.375s] Level 1:colcon.colcon_core.package_identification:_identify(src/fishbot_navigation2) by extensions ['colcon_pkg']
[8.375s] Level 1:colcon.colcon_core.package_identification:_identify(src/fishbot_navigation2) by extension 'colcon_pkg'
[8.375s] Level 1:colcon.colcon_core.package_identification:_identify(src/fishbot_navigation2) by extensions ['colcon_meta']
[8.375s] Level 1:colcon.colcon_core.package_identification:_identify(src/fishbot_navigation2) by extension 'colcon_meta'
[8.375s] Level 1:colcon.colcon_core.package_identification:_identify(src/fishbot_navigation2) by extensions ['ros']
[8.375s] Level 1:colcon.colcon_core.package_identification:_identify(src/fishbot_navigation2) by extension 'ros'
[8.376s] DEBUG:colcon.colcon_core.package_identification:Package 'src/fishbot_navigation2' with type 'ros.ament_cmake' and name 'fishbot_navigation2'
[8.376s] Level 1:colcon.colcon_core.package_identification:_identify(src/nav2_custom_planner) by extensions ['ignore', 'ignore_ament_install']
[8.376s] Level 1:colcon.colcon_core.package_identification:_identify(src/nav2_custom_planner) by extension 'ignore'
[8.376s] Level 1:colcon.colcon_core.package_identification:_identify(src/nav2_custom_planner) by extension 'ignore_ament_install'
[8.376s] Level 1:colcon.colcon_core.package_identification:_identify(src/nav2_custom_planner) by extensions ['colcon_pkg']
[8.376s] Level 1:colcon.colcon_core.package_identification:_identify(src/nav2_custom_planner) by extension 'colcon_pkg'
[8.376s] Level 1:colcon.colcon_core.package_identification:_identify(src/nav2_custom_planner) by extensions ['colcon_meta']
[8.376s] Level 1:colcon.colcon_core.package_identification:_identify(src/nav2_custom_planner) by extension 'colcon_meta'
[8.376s] Level 1:colcon.colcon_core.package_identification:_identify(src/nav2_custom_planner) by extensions ['ros']
[8.376s] Level 1:colcon.colcon_core.package_identification:_identify(src/nav2_custom_planner) by extension 'ros'
[8.377s] DEBUG:colcon.colcon_core.package_identification:Package 'src/nav2_custom_planner' with type 'ros.ament_cmake' and name 'nav2_custom_planner'
[8.377s] Level 1:colcon.colcon_core.package_discovery:discover_packages(recursive) using defaults
[8.377s] Level 1:colcon.colcon_core.package_discovery:discover_packages(ignore) discover
[8.377s] Level 1:colcon.colcon_core.package_discovery:discover_packages(ignore) using defaults
[8.377s] Level 1:colcon.colcon_core.package_discovery:discover_packages(path) discover
[8.377s] Level 1:colcon.colcon_core.package_discovery:discover_packages(path) using defaults
[9.099s] INFO:colcon.colcon_core.package_selection:Skipping not selected package 'autopatrol_interfaces' in 'src/autopatrol_interfaces'
[9.099s] INFO:colcon.colcon_core.package_selection:Skipping not selected package 'autopatrol_robot' in 'src/autopatrol_robot'
[9.099s] INFO:colcon.colcon_core.package_selection:Skipping not selected package 'fishbot_application' in 'src/fishbot_application'
[9.099s] INFO:colcon.colcon_core.package_selection:Skipping not selected package 'fishbot_description' in 'src/fishbot_description'
[9.099s] INFO:colcon.colcon_core.package_selection:Skipping not selected package 'fishbot_navigation2' in 'src/fishbot_navigation2'
[9.099s] Level 1:colcon.colcon_core.package_discovery:discover_packages(prefix_path) check parameters
[9.100s] Level 1:colcon.colcon_core.package_discovery:discover_packages(prefix_path) discover
[9.591s] DEBUG:colcon.colcon_installed_package_information.package_discovery:Found 22 installed packages in /mnt/e/Dev_ws/install
[9.593s] DEBUG:colcon.colcon_installed_package_information.package_discovery:Found 374 installed packages in /opt/ros/humble
[9.595s] Level 1:colcon.colcon_core.package_discovery:discover_packages(prefix_path) using defaults
[9.957s] Level 5:colcon.colcon_core.verb:set package 'nav2_custom_planner' build argument 'cmake_args' from command line to 'None'
[9.958s] Level 5:colcon.colcon_core.verb:set package 'nav2_custom_planner' build argument 'cmake_target' from command line to 'None'
[9.958s] Level 5:colcon.colcon_core.verb:set package 'nav2_custom_planner' build argument 'cmake_target_skip_unavailable' from command line to 'False'
[9.958s] Level 5:colcon.colcon_core.verb:set package 'nav2_custom_planner' build argument 'cmake_clean_cache' from command line to 'False'
[9.958s] Level 5:colcon.colcon_core.verb:set package 'nav2_custom_planner' build argument 'cmake_clean_first' from command line to 'False'
[9.958s] Level 5:colcon.colcon_core.verb:set package 'nav2_custom_planner' build argument 'cmake_force_configure' from command line to 'False'
[9.958s] Level 5:colcon.colcon_core.verb:set package 'nav2_custom_planner' build argument 'ament_cmake_args' from command line to 'None'
[9.958s] Level 5:colcon.colcon_core.verb:set package 'nav2_custom_planner' build argument 'catkin_cmake_args' from command line to 'None'
[9.958s] Level 5:colcon.colcon_core.verb:set package 'nav2_custom_planner' build argument 'catkin_skip_building_tests' from command line to 'False'
[9.958s] DEBUG:colcon.colcon_core.verb:Building package 'nav2_custom_planner' with the following arguments: {'ament_cmake_args': None, 'build_base': '/home/scott/chapter8/chapter8_ws/build/nav2_custom_planner', 'catkin_cmake_args': None, 'catkin_skip_building_tests': False, 'cmake_args': None, 'cmake_clean_cache': False, 'cmake_clean_first': False, 'cmake_force_configure': False, 'cmake_target': None, 'cmake_target_skip_unavailable': False, 'install_base': '/home/scott/chapter8/chapter8_ws/install/nav2_custom_planner', 'merge_install': False, 'path': '/home/scott/chapter8/chapter8_ws/src/nav2_custom_planner', 'symlink_install': False, 'test_result_base': None}
[9.958s] INFO:colcon.colcon_core.executor:Executing jobs using 'parallel' executor
[9.959s] DEBUG:colcon.colcon_parallel_executor.executor.parallel:run_until_complete
[9.959s] INFO:colcon.colcon_ros.task.ament_cmake.build:Building ROS package in '/home/scott/chapter8/chapter8_ws/src/nav2_custom_planner' with build type 'ament_cmake'
[9.960s] INFO:colcon.colcon_cmake.task.cmake.build:Building CMake package in '/home/scott/chapter8/chapter8_ws/src/nav2_custom_planner'
[10.085s] INFO:colcon.colcon_core.plugin_system:Skipping extension 'colcon_core.shell.bat': Not used on non-Windows systems
[10.085s] INFO:colcon.colcon_core.shell:Skip shell extension 'powershell' for command environment: Not usable outside of PowerShell
[10.085s] DEBUG:colcon.colcon_core.shell:Skip shell extension 'dsv' for command environment
[10.746s] DEBUG:colcon.colcon_core.event_handler.log_command:Invoking command in '/home/scott/chapter8/chapter8_ws/build/nav2_custom_planner': CMAKE_PREFIX_PATH=${CMAKE_PREFIX_PATH}:/mnt/e/Dev_ws/install/learning_urdf:/mnt/e/Dev_ws/install/learning_topic:/mnt/e/Dev_ws/install/learning_tf:/mnt/e/Dev_ws/install/learning_service:/mnt/e/Dev_ws/install/learning_qos:/mnt/e/Dev_ws/install/learning_pkg_python:/mnt/e/Dev_ws/install/learning_parameter:/mnt/e/Dev_ws/install/learning_node:/mnt/e/Dev_ws/install/learning_launch:/mnt/e/Dev_ws/install/learning_action:/mnt/e/Dev_ws/install/learning_gazebo_harmonic:/mnt/e/Dev_ws/install/learning_gazebo:/mnt/e/Dev_ws/install/learning_cv:/mnt/e/Dev_ws/install/demo_python_pkg:/opt/ros/humble /usr/bin/cmake --build /home/scott/chapter8/chapter8_ws/build/nav2_custom_planner -- -j16 -l16
[18.858s] DEBUG:colcon.colcon_core.event_handler.log_command:Invoked command in '/home/scott/chapter8/chapter8_ws/build/nav2_custom_planner' returned '0': CMAKE_PREFIX_PATH=${CMAKE_PREFIX_PATH}:/mnt/e/Dev_ws/install/learning_urdf:/mnt/e/Dev_ws/install/learning_topic:/mnt/e/Dev_ws/install/learning_tf:/mnt/e/Dev_ws/install/learning_service:/mnt/e/Dev_ws/install/learning_qos:/mnt/e/Dev_ws/install/learning_pkg_python:/mnt/e/Dev_ws/install/learning_parameter:/mnt/e/Dev_ws/install/learning_node:/mnt/e/Dev_ws/install/learning_launch:/mnt/e/Dev_ws/install/learning_action:/mnt/e/Dev_ws/install/learning_gazebo_harmonic:/mnt/e/Dev_ws/install/learning_gazebo:/mnt/e/Dev_ws/install/learning_cv:/mnt/e/Dev_ws/install/demo_python_pkg:/opt/ros/humble /usr/bin/cmake --build /home/scott/chapter8/chapter8_ws/build/nav2_custom_planner -- -j16 -l16
[19.028s] DEBUG:colcon.colcon_core.event_handler.log_command:Invoking command in '/home/scott/chapter8/chapter8_ws/build/nav2_custom_planner': CMAKE_PREFIX_PATH=${CMAKE_PREFIX_PATH}:/mnt/e/Dev_ws/install/learning_urdf:/mnt/e/Dev_ws/install/learning_topic:/mnt/e/Dev_ws/install/learning_tf:/mnt/e/Dev_ws/install/learning_service:/mnt/e/Dev_ws/install/learning_qos:/mnt/e/Dev_ws/install/learning_pkg_python:/mnt/e/Dev_ws/install/learning_parameter:/mnt/e/Dev_ws/install/learning_node:/mnt/e/Dev_ws/install/learning_launch:/mnt/e/Dev_ws/install/learning_action:/mnt/e/Dev_ws/install/learning_gazebo_harmonic:/mnt/e/Dev_ws/install/learning_gazebo:/mnt/e/Dev_ws/install/learning_cv:/mnt/e/Dev_ws/install/demo_python_pkg:/opt/ros/humble /usr/bin/cmake --install /home/scott/chapter8/chapter8_ws/build/nav2_custom_planner
[19.197s] Level 1:colcon.colcon_core.environment:create_environment_scripts_only(nav2_custom_planner)
[19.199s] DEBUG:colcon.colcon_core.event_handler.log_command:Invoked command in '/home/scott/chapter8/chapter8_ws/build/nav2_custom_planner' returned '0': CMAKE_PREFIX_PATH=${CMAKE_PREFIX_PATH}:/mnt/e/Dev_ws/install/learning_urdf:/mnt/e/Dev_ws/install/learning_topic:/mnt/e/Dev_ws/install/learning_tf:/mnt/e/Dev_ws/install/learning_service:/mnt/e/Dev_ws/install/learning_qos:/mnt/e/Dev_ws/install/learning_pkg_python:/mnt/e/Dev_ws/install/learning_parameter:/mnt/e/Dev_ws/install/learning_node:/mnt/e/Dev_ws/install/learning_launch:/mnt/e/Dev_ws/install/learning_action:/mnt/e/Dev_ws/install/learning_gazebo_harmonic:/mnt/e/Dev_ws/install/learning_gazebo:/mnt/e/Dev_ws/install/learning_cv:/mnt/e/Dev_ws/install/demo_python_pkg:/opt/ros/humble /usr/bin/cmake --install /home/scott/chapter8/chapter8_ws/build/nav2_custom_planner
[19.317s] Level 1:colcon.colcon_core.environment:checking '/home/scott/chapter8/chapter8_ws/install/nav2_custom_planner' for CMake module files
[19.318s] Level 1:colcon.colcon_core.environment:checking '/home/scott/chapter8/chapter8_ws/install/nav2_custom_planner' for CMake config files
[19.318s] Level 1:colcon.colcon_core.shell:create_environment_hook('nav2_custom_planner', 'cmake_prefix_path')
[19.318s] INFO:colcon.colcon_core.shell:Creating environment hook '/home/scott/chapter8/chapter8_ws/install/nav2_custom_planner/share/nav2_custom_planner/hook/cmake_prefix_path.ps1'
[19.319s] INFO:colcon.colcon_core.shell:Creating environment descriptor '/home/scott/chapter8/chapter8_ws/install/nav2_custom_planner/share/nav2_custom_planner/hook/cmake_prefix_path.dsv'
[19.319s] INFO:colcon.colcon_core.shell:Creating environment hook '/home/scott/chapter8/chapter8_ws/install/nav2_custom_planner/share/nav2_custom_planner/hook/cmake_prefix_path.sh'
[19.320s] Level 1:colcon.colcon_core.environment:checking '/home/scott/chapter8/chapter8_ws/install/nav2_custom_planner/lib'
[19.320s] Level 1:colcon.colcon_core.shell:create_environment_hook('nav2_custom_planner', 'ld_library_path_lib')
[19.321s] INFO:colcon.colcon_core.shell:Creating environment hook '/home/scott/chapter8/chapter8_ws/install/nav2_custom_planner/share/nav2_custom_planner/hook/ld_library_path_lib.ps1'
[19.321s] INFO:colcon.colcon_core.shell:Creating environment descriptor '/home/scott/chapter8/chapter8_ws/install/nav2_custom_planner/share/nav2_custom_planner/hook/ld_library_path_lib.dsv'
[19.321s] INFO:colcon.colcon_core.shell:Creating environment hook '/home/scott/chapter8/chapter8_ws/install/nav2_custom_planner/share/nav2_custom_planner/hook/ld_library_path_lib.sh'
[19.322s] Level 1:colcon.colcon_core.environment:checking '/home/scott/chapter8/chapter8_ws/install/nav2_custom_planner/bin'
[19.322s] Level 1:colcon.colcon_core.environment:checking '/home/scott/chapter8/chapter8_ws/install/nav2_custom_planner/lib/pkgconfig/nav2_custom_planner.pc'
[19.322s] Level 1:colcon.colcon_core.environment:checking '/home/scott/chapter8/chapter8_ws/install/nav2_custom_planner/lib/python3.10/site-packages'
[19.322s] Level 1:colcon.colcon_core.environment:checking '/home/scott/chapter8/chapter8_ws/install/nav2_custom_planner/bin'
[19.322s] INFO:colcon.colcon_core.shell:Creating package script '/home/scott/chapter8/chapter8_ws/install/nav2_custom_planner/share/nav2_custom_planner/package.ps1'
[19.323s] INFO:colcon.colcon_core.shell:Creating package descriptor '/home/scott/chapter8/chapter8_ws/install/nav2_custom_planner/share/nav2_custom_planner/package.dsv'
[19.323s] INFO:colcon.colcon_core.shell:Creating package script '/home/scott/chapter8/chapter8_ws/install/nav2_custom_planner/share/nav2_custom_planner/package.sh'
[19.324s] INFO:colcon.colcon_core.shell:Creating package script '/home/scott/chapter8/chapter8_ws/install/nav2_custom_planner/share/nav2_custom_planner/package.bash'
[19.325s] INFO:colcon.colcon_core.shell:Creating package script '/home/scott/chapter8/chapter8_ws/install/nav2_custom_planner/share/nav2_custom_planner/package.zsh'
[19.325s] Level 1:colcon.colcon_core.environment:create_file_with_runtime_dependencies(/home/scott/chapter8/chapter8_ws/install/nav2_custom_planner/share/colcon-core/packages/nav2_custom_planner)
[19.326s] Level 1:colcon.colcon_core.environment:create_environment_scripts_only(nav2_custom_planner)
[19.326s] Level 1:colcon.colcon_core.environment:checking '/home/scott/chapter8/chapter8_ws/install/nav2_custom_planner' for CMake module files
[19.326s] Level 1:colcon.colcon_core.environment:checking '/home/scott/chapter8/chapter8_ws/install/nav2_custom_planner' for CMake config files
[19.327s] Level 1:colcon.colcon_core.shell:create_environment_hook('nav2_custom_planner', 'cmake_prefix_path')
[19.327s] INFO:colcon.colcon_core.shell:Creating environment hook '/home/scott/chapter8/chapter8_ws/install/nav2_custom_planner/share/nav2_custom_planner/hook/cmake_prefix_path.ps1'
[19.327s] INFO:colcon.colcon_core.shell:Creating environment descriptor '/home/scott/chapter8/chapter8_ws/install/nav2_custom_planner/share/nav2_custom_planner/hook/cmake_prefix_path.dsv'
[19.328s] INFO:colcon.colcon_core.shell:Creating environment hook '/home/scott/chapter8/chapter8_ws/install/nav2_custom_planner/share/nav2_custom_planner/hook/cmake_prefix_path.sh'
[19.328s] Level 1:colcon.colcon_core.environment:checking '/home/scott/chapter8/chapter8_ws/install/nav2_custom_planner/lib'
[19.329s] Level 1:colcon.colcon_core.shell:create_environment_hook('nav2_custom_planner', 'ld_library_path_lib')
[19.329s] INFO:colcon.colcon_core.shell:Creating environment hook '/home/scott/chapter8/chapter8_ws/install/nav2_custom_planner/share/nav2_custom_planner/hook/ld_library_path_lib.ps1'
[19.329s] INFO:colcon.colcon_core.shell:Creating environment descriptor '/home/scott/chapter8/chapter8_ws/install/nav2_custom_planner/share/nav2_custom_planner/hook/ld_library_path_lib.dsv'
[19.329s] INFO:colcon.colcon_core.shell:Creating environment hook '/home/scott/chapter8/chapter8_ws/install/nav2_custom_planner/share/nav2_custom_planner/hook/ld_library_path_lib.sh'
[19.330s] Level 1:colcon.colcon_core.environment:checking '/home/scott/chapter8/chapter8_ws/install/nav2_custom_planner/bin'
[19.330s] Level 1:colcon.colcon_core.environment:checking '/home/scott/chapter8/chapter8_ws/install/nav2_custom_planner/lib/pkgconfig/nav2_custom_planner.pc'
[19.330s] Level 1:colcon.colcon_core.environment:checking '/home/scott/chapter8/chapter8_ws/install/nav2_custom_planner/lib/python3.10/site-packages'
[19.330s] Level 1:colcon.colcon_core.environment:checking '/home/scott/chapter8/chapter8_ws/install/nav2_custom_planner/bin'
[19.331s] INFO:colcon.colcon_core.shell:Creating package script '/home/scott/chapter8/chapter8_ws/install/nav2_custom_planner/share/nav2_custom_planner/package.ps1'
[19.331s] INFO:colcon.colcon_core.shell:Creating package descriptor '/home/scott/chapter8/chapter8_ws/install/nav2_custom_planner/share/nav2_custom_planner/package.dsv'
[19.332s] INFO:colcon.colcon_core.shell:Creating package script '/home/scott/chapter8/chapter8_ws/install/nav2_custom_planner/share/nav2_custom_planner/package.sh'
[19.332s] INFO:colcon.colcon_core.shell:Creating package script '/home/scott/chapter8/chapter8_ws/install/nav2_custom_planner/share/nav2_custom_planner/package.bash'
[19.333s] INFO:colcon.colcon_core.shell:Creating package script '/home/scott/chapter8/chapter8_ws/install/nav2_custom_planner/share/nav2_custom_planner/package.zsh'
[19.333s] Level 1:colcon.colcon_core.environment:create_file_with_runtime_dependencies(/home/scott/chapter8/chapter8_ws/install/nav2_custom_planner/share/colcon-core/packages/nav2_custom_planner)
[19.333s] DEBUG:colcon.colcon_parallel_executor.executor.parallel:closing loop
[19.334s] DEBUG:colcon.colcon_parallel_executor.executor.parallel:loop closed
[19.334s] DEBUG:colcon.colcon_parallel_executor.executor.parallel:run_until_complete finished with '0'
[19.334s] DEBUG:colcon.colcon_core.event_reactor:joining thread
[19.585s] INFO:colcon.colcon_core.plugin_system:Skipping extension 'colcon_notification.desktop_notification.notify_send': Could not find 'notify-send'
[19.585s] INFO:colcon.colcon_core.plugin_system:Skipping extension 'colcon_notification.desktop_notification.terminal_notifier': Not used on non-Darwin systems
[19.585s] INFO:colcon.colcon_core.plugin_system:Skipping extension 'colcon_notification.desktop_notification.win32': Not used on non-Windows systems
[19.585s] INFO:colcon.colcon_notification.desktop_notification:Sending desktop notification using 'notify2'
[19.586s] DEBUG:colcon.colcon_notification.desktop_notification.notify2:Failed to initialize notify2: org.freedesktop.DBus.Error.ServiceUnknown: The name org.freedesktop.Notifications was not provided by any .service files
[19.586s] DEBUG:colcon.colcon_core.event_reactor:joined thread
[19.587s] INFO:colcon.colcon_core.shell:Creating prefix script '/home/scott/chapter8/chapter8_ws/install/local_setup.ps1'
[19.588s] INFO:colcon.colcon_core.shell:Creating prefix util module '/home/scott/chapter8/chapter8_ws/install/_local_setup_util_ps1.py'
[19.589s] INFO:colcon.colcon_core.shell:Creating prefix chain script '/home/scott/chapter8/chapter8_ws/install/setup.ps1'
[19.820s] INFO:colcon.colcon_core.shell:Creating prefix script '/home/scott/chapter8/chapter8_ws/install/local_setup.sh'
[19.820s] INFO:colcon.colcon_core.shell:Creating prefix util module '/home/scott/chapter8/chapter8_ws/install/_local_setup_util_sh.py'
[19.821s] INFO:colcon.colcon_core.shell:Creating prefix chain script '/home/scott/chapter8/chapter8_ws/install/setup.sh'
[20.049s] INFO:colcon.colcon_core.shell:Creating prefix script '/home/scott/chapter8/chapter8_ws/install/local_setup.bash'
[20.049s] INFO:colcon.colcon_core.shell:Creating prefix chain script '/home/scott/chapter8/chapter8_ws/install/setup.bash'
[20.271s] INFO:colcon.colcon_core.shell:Creating prefix script '/home/scott/chapter8/chapter8_ws/install/local_setup.zsh'
[20.272s] INFO:colcon.colcon_core.shell:Creating prefix chain script '/home/scott/chapter8/chapter8_ws/install/setup.zsh'
