[14.350s] Invoking command in '/home/scott/chapter8/chapter8_ws/build/fishbot_description': CMAKE_PREFIX_PATH=${CMAKE_PREFIX_PATH}:/mnt/e/Dev_ws/install/learning_urdf:/mnt/e/Dev_ws/install/learning_topic:/mnt/e/Dev_ws/install/learning_tf:/mnt/e/Dev_ws/install/learning_service:/mnt/e/Dev_ws/install/learning_qos:/mnt/e/Dev_ws/install/learning_pkg_python:/mnt/e/Dev_ws/install/learning_parameter:/mnt/e/Dev_ws/install/learning_node:/mnt/e/Dev_ws/install/learning_launch:/mnt/e/Dev_ws/install/learning_action:/mnt/e/Dev_ws/install/learning_gazebo_harmonic:/mnt/e/Dev_ws/install/learning_gazebo:/mnt/e/Dev_ws/install/learning_cv:/mnt/e/Dev_ws/install/demo_python_pkg:/opt/ros/humble /usr/bin/cmake --build /home/scott/chapter8/chapter8_ws/build/fishbot_description -- -j16 -l16
[14.539s] Invoked command in '/home/scott/chapter8/chapter8_ws/build/fishbot_description' returned '0': CMAKE_PREFIX_PATH=${CMAKE_PREFIX_PATH}:/mnt/e/Dev_ws/install/learning_urdf:/mnt/e/Dev_ws/install/learning_topic:/mnt/e/Dev_ws/install/learning_tf:/mnt/e/Dev_ws/install/learning_service:/mnt/e/Dev_ws/install/learning_qos:/mnt/e/Dev_ws/install/learning_pkg_python:/mnt/e/Dev_ws/install/learning_parameter:/mnt/e/Dev_ws/install/learning_node:/mnt/e/Dev_ws/install/learning_launch:/mnt/e/Dev_ws/install/learning_action:/mnt/e/Dev_ws/install/learning_gazebo_harmonic:/mnt/e/Dev_ws/install/learning_gazebo:/mnt/e/Dev_ws/install/learning_cv:/mnt/e/Dev_ws/install/demo_python_pkg:/opt/ros/humble /usr/bin/cmake --build /home/scott/chapter8/chapter8_ws/build/fishbot_description -- -j16 -l16
[14.542s] Invoking command in '/home/scott/chapter8/chapter8_ws/build/fishbot_description': CMAKE_PREFIX_PATH=${CMAKE_PREFIX_PATH}:/mnt/e/Dev_ws/install/learning_urdf:/mnt/e/Dev_ws/install/learning_topic:/mnt/e/Dev_ws/install/learning_tf:/mnt/e/Dev_ws/install/learning_service:/mnt/e/Dev_ws/install/learning_qos:/mnt/e/Dev_ws/install/learning_pkg_python:/mnt/e/Dev_ws/install/learning_parameter:/mnt/e/Dev_ws/install/learning_node:/mnt/e/Dev_ws/install/learning_launch:/mnt/e/Dev_ws/install/learning_action:/mnt/e/Dev_ws/install/learning_gazebo_harmonic:/mnt/e/Dev_ws/install/learning_gazebo:/mnt/e/Dev_ws/install/learning_cv:/mnt/e/Dev_ws/install/demo_python_pkg:/opt/ros/humble /usr/bin/cmake --install /home/scott/chapter8/chapter8_ws/build/fishbot_description
[14.597s] -- Install configuration: ""
[14.597s] -- Up-to-date: /home/scott/chapter8/chapter8_ws/install/fishbot_description/share/fishbot_description/launch
[14.598s] -- Up-to-date: /home/scott/chapter8/chapter8_ws/install/fishbot_description/share/fishbot_description/launch/gazebo_sim.launch.py:Zone.Identifier
[14.598s] -- Up-to-date: /home/scott/chapter8/chapter8_ws/install/fishbot_description/share/fishbot_description/launch/gazebo_sim.launch.py
[14.598s] -- Up-to-date: /home/scott/chapter8/chapter8_ws/install/fishbot_description/share/fishbot_description/launch/display_robot.launch.py:Zone.Identifier
[14.598s] -- Up-to-date: /home/scott/chapter8/chapter8_ws/install/fishbot_description/share/fishbot_description/launch/display_robot.launch.py
[14.598s] -- Up-to-date: /home/scott/chapter8/chapter8_ws/install/fishbot_description/share/fishbot_description/urdf
[14.598s] -- Up-to-date: /home/scott/chapter8/chapter8_ws/install/fishbot_description/share/fishbot_description/urdf/first_robot.urdf:Zone.Identifier
[14.598s] -- Up-to-date: /home/scott/chapter8/chapter8_ws/install/fishbot_description/share/fishbot_description/urdf/first_robot.gv
[14.599s] -- Up-to-date: /home/scott/chapter8/chapter8_ws/install/fishbot_description/share/fishbot_description/urdf/first_robot.pdf:Zone.Identifier
[14.599s] -- Up-to-date: /home/scott/chapter8/chapter8_ws/install/fishbot_description/share/fishbot_description/urdf/first_robot.xacro:Zone.Identifier
[14.599s] -- Up-to-date: /home/scott/chapter8/chapter8_ws/install/fishbot_description/share/fishbot_description/urdf/first_robot.gv:Zone.Identifier
[14.599s] -- Up-to-date: /home/scott/chapter8/chapter8_ws/install/fishbot_description/share/fishbot_description/urdf/first_robot.urdf
[14.599s] -- Up-to-date: /home/scott/chapter8/chapter8_ws/install/fishbot_description/share/fishbot_description/urdf/first_robot.pdf
[14.600s] -- Up-to-date: /home/scott/chapter8/chapter8_ws/install/fishbot_description/share/fishbot_description/urdf/first_robot.xacro
[14.600s] -- Up-to-date: /home/scott/chapter8/chapter8_ws/install/fishbot_description/share/fishbot_description/urdf/fishbot
[14.600s] -- Up-to-date: /home/scott/chapter8/chapter8_ws/install/fishbot_description/share/fishbot_description/urdf/fishbot/fishbot.ros2_control.xacro:Zone.Identifier
[14.600s] -- Up-to-date: /home/scott/chapter8/chapter8_ws/install/fishbot_description/share/fishbot_description/urdf/fishbot/sensor
[14.600s] -- Up-to-date: /home/scott/chapter8/chapter8_ws/install/fishbot_description/share/fishbot_description/urdf/fishbot/sensor/camera.urdf.xacro
[14.600s] -- Up-to-date: /home/scott/chapter8/chapter8_ws/install/fishbot_description/share/fishbot_description/urdf/fishbot/sensor/camera.urdf.xacro:Zone.Identifier
[14.601s] -- Up-to-date: /home/scott/chapter8/chapter8_ws/install/fishbot_description/share/fishbot_description/urdf/fishbot/sensor/laser.urdf.xacro:Zone.Identifier
[14.601s] -- Up-to-date: /home/scott/chapter8/chapter8_ws/install/fishbot_description/share/fishbot_description/urdf/fishbot/sensor/imu.urdf.xacro
[14.601s] -- Up-to-date: /home/scott/chapter8/chapter8_ws/install/fishbot_description/share/fishbot_description/urdf/fishbot/sensor/laser.urdf.xacro
[14.601s] -- Up-to-date: /home/scott/chapter8/chapter8_ws/install/fishbot_description/share/fishbot_description/urdf/fishbot/sensor/imu.urdf.xacro:Zone.Identifier
[14.601s] -- Up-to-date: /home/scott/chapter8/chapter8_ws/install/fishbot_description/share/fishbot_description/urdf/fishbot/base.urdf.xacro
[14.602s] -- Up-to-date: /home/scott/chapter8/chapter8_ws/install/fishbot_description/share/fishbot_description/urdf/fishbot/actuator
[14.602s] -- Up-to-date: /home/scott/chapter8/chapter8_ws/install/fishbot_description/share/fishbot_description/urdf/fishbot/actuator/wheel.urdf.xacro
[14.602s] -- Up-to-date: /home/scott/chapter8/chapter8_ws/install/fishbot_description/share/fishbot_description/urdf/fishbot/actuator/caster.urdf.xacro
[14.602s] -- Up-to-date: /home/scott/chapter8/chapter8_ws/install/fishbot_description/share/fishbot_description/urdf/fishbot/actuator/wheel.urdf.xacro:Zone.Identifier
[14.602s] -- Up-to-date: /home/scott/chapter8/chapter8_ws/install/fishbot_description/share/fishbot_description/urdf/fishbot/actuator/caster.urdf.xacro:Zone.Identifier
[14.602s] -- Up-to-date: /home/scott/chapter8/chapter8_ws/install/fishbot_description/share/fishbot_description/urdf/fishbot/fishbot.urdf.xacro:Zone.Identifier
[14.602s] -- Up-to-date: /home/scott/chapter8/chapter8_ws/install/fishbot_description/share/fishbot_description/urdf/fishbot/fishbot.ros2_control.xacr:Zone.Identifier
[14.602s] -- Up-to-date: /home/scott/chapter8/chapter8_ws/install/fishbot_description/share/fishbot_description/urdf/fishbot/fishbot.ros2_control.xacr
[14.602s] -- Up-to-date: /home/scott/chapter8/chapter8_ws/install/fishbot_description/share/fishbot_description/urdf/fishbot/common_inertia.xacro
[14.602s] -- Up-to-date: /home/scott/chapter8/chapter8_ws/install/fishbot_description/share/fishbot_description/urdf/fishbot/fishbot.ros2_control.xacro
[14.602s] -- Up-to-date: /home/scott/chapter8/chapter8_ws/install/fishbot_description/share/fishbot_description/urdf/fishbot/fishbot.urdf.xacro
[14.602s] -- Up-to-date: /home/scott/chapter8/chapter8_ws/install/fishbot_description/share/fishbot_description/urdf/fishbot/plugins
[14.602s] -- Up-to-date: /home/scott/chapter8/chapter8_ws/install/fishbot_description/share/fishbot_description/urdf/fishbot/plugins/gazebo_control_plugin.xacro:Zone.Identifier
[14.602s] -- Up-to-date: /home/scott/chapter8/chapter8_ws/install/fishbot_description/share/fishbot_description/urdf/fishbot/plugins/gazebo_sensor_plugin.xacro
[14.602s] -- Up-to-date: /home/scott/chapter8/chapter8_ws/install/fishbot_description/share/fishbot_description/urdf/fishbot/plugins/gazebo_sensor_plugin.xacro:Zone.Identifier
[14.602s] -- Up-to-date: /home/scott/chapter8/chapter8_ws/install/fishbot_description/share/fishbot_description/urdf/fishbot/plugins/gazebo_control_plugin.xacro
[14.602s] -- Up-to-date: /home/scott/chapter8/chapter8_ws/install/fishbot_description/share/fishbot_description/urdf/fishbot/common_inertia.xacro:Zone.Identifier
[14.602s] -- Up-to-date: /home/scott/chapter8/chapter8_ws/install/fishbot_description/share/fishbot_description/urdf/fishbot/base.urdf.xacro:Zone.Identifier
[14.602s] -- Up-to-date: /home/scott/chapter8/chapter8_ws/install/fishbot_description/share/fishbot_description/config
[14.602s] -- Up-to-date: /home/scott/chapter8/chapter8_ws/install/fishbot_description/share/fishbot_description/config/fishbot_ros2_control.yaml:Zone.Identifier
[14.602s] -- Up-to-date: /home/scott/chapter8/chapter8_ws/install/fishbot_description/share/fishbot_description/config/display_robot_model.rviz:Zone.Identifier
[14.602s] -- Up-to-date: /home/scott/chapter8/chapter8_ws/install/fishbot_description/share/fishbot_description/config/display_robot_model.rviz
[14.603s] -- Up-to-date: /home/scott/chapter8/chapter8_ws/install/fishbot_description/share/fishbot_description/config/fishbot_ros2_control.yaml
[14.603s] -- Up-to-date: /home/scott/chapter8/chapter8_ws/install/fishbot_description/share/fishbot_description/world
[14.603s] -- Up-to-date: /home/scott/chapter8/chapter8_ws/install/fishbot_description/share/fishbot_description/world/custom_room2.world:Zone.Identifier
[14.603s] -- Up-to-date: /home/scott/chapter8/chapter8_ws/install/fishbot_description/share/fishbot_description/world/custom_room.world:Zone.Identifier
[14.603s] -- Up-to-date: /home/scott/chapter8/chapter8_ws/install/fishbot_description/share/fishbot_description/world/room
[14.603s] -- Up-to-date: /home/scott/chapter8/chapter8_ws/install/fishbot_description/share/fishbot_description/world/room/model.sdf
[14.603s] -- Up-to-date: /home/scott/chapter8/chapter8_ws/install/fishbot_description/share/fishbot_description/world/room/model.config
[14.603s] -- Up-to-date: /home/scott/chapter8/chapter8_ws/install/fishbot_description/share/fishbot_description/world/room/model.sdf:Zone.Identifier
[14.603s] -- Up-to-date: /home/scott/chapter8/chapter8_ws/install/fishbot_description/share/fishbot_description/world/room/model.config:Zone.Identifier
[14.603s] -- Up-to-date: /home/scott/chapter8/chapter8_ws/install/fishbot_description/share/fishbot_description/world/custom_room2.world
[14.603s] -- Up-to-date: /home/scott/chapter8/chapter8_ws/install/fishbot_description/share/fishbot_description/world/custom_room.world
[14.603s] -- Up-to-date: /home/scott/chapter8/chapter8_ws/install/fishbot_description/share/ament_index/resource_index/package_run_dependencies/fishbot_description
[14.603s] -- Up-to-date: /home/scott/chapter8/chapter8_ws/install/fishbot_description/share/ament_index/resource_index/parent_prefix_path/fishbot_description
[14.603s] -- Up-to-date: /home/scott/chapter8/chapter8_ws/install/fishbot_description/share/fishbot_description/environment/ament_prefix_path.sh
[14.604s] -- Up-to-date: /home/scott/chapter8/chapter8_ws/install/fishbot_description/share/fishbot_description/environment/ament_prefix_path.dsv
[14.604s] -- Up-to-date: /home/scott/chapter8/chapter8_ws/install/fishbot_description/share/fishbot_description/environment/path.sh
[14.604s] -- Up-to-date: /home/scott/chapter8/chapter8_ws/install/fishbot_description/share/fishbot_description/environment/path.dsv
[14.604s] -- Up-to-date: /home/scott/chapter8/chapter8_ws/install/fishbot_description/share/fishbot_description/local_setup.bash
[14.604s] -- Up-to-date: /home/scott/chapter8/chapter8_ws/install/fishbot_description/share/fishbot_description/local_setup.sh
[14.605s] -- Up-to-date: /home/scott/chapter8/chapter8_ws/install/fishbot_description/share/fishbot_description/local_setup.zsh
[14.605s] -- Up-to-date: /home/scott/chapter8/chapter8_ws/install/fishbot_description/share/fishbot_description/local_setup.dsv
[14.605s] -- Up-to-date: /home/scott/chapter8/chapter8_ws/install/fishbot_description/share/fishbot_description/package.dsv
[14.606s] -- Up-to-date: /home/scott/chapter8/chapter8_ws/install/fishbot_description/share/ament_index/resource_index/packages/fishbot_description
[14.607s] -- Up-to-date: /home/scott/chapter8/chapter8_ws/install/fishbot_description/share/fishbot_description/cmake/fishbot_descriptionConfig.cmake
[14.607s] -- Up-to-date: /home/scott/chapter8/chapter8_ws/install/fishbot_description/share/fishbot_description/cmake/fishbot_descriptionConfig-version.cmake
[14.607s] -- Up-to-date: /home/scott/chapter8/chapter8_ws/install/fishbot_description/share/fishbot_description/package.xml
[14.608s] Invoked command in '/home/scott/chapter8/chapter8_ws/build/fishbot_description' returned '0': CMAKE_PREFIX_PATH=${CMAKE_PREFIX_PATH}:/mnt/e/Dev_ws/install/learning_urdf:/mnt/e/Dev_ws/install/learning_topic:/mnt/e/Dev_ws/install/learning_tf:/mnt/e/Dev_ws/install/learning_service:/mnt/e/Dev_ws/install/learning_qos:/mnt/e/Dev_ws/install/learning_pkg_python:/mnt/e/Dev_ws/install/learning_parameter:/mnt/e/Dev_ws/install/learning_node:/mnt/e/Dev_ws/install/learning_launch:/mnt/e/Dev_ws/install/learning_action:/mnt/e/Dev_ws/install/learning_gazebo_harmonic:/mnt/e/Dev_ws/install/learning_gazebo:/mnt/e/Dev_ws/install/learning_cv:/mnt/e/Dev_ws/install/demo_python_pkg:/opt/ros/humble /usr/bin/cmake --install /home/scott/chapter8/chapter8_ws/build/fishbot_description
