[2.345s] DEBUG:colcon:Command line arguments: ['/usr/bin/colcon', 'build']
[2.345s] DEBUG:colcon:Parsed command line arguments: Namespace(log_base=None, log_level=None, verb_name='build', build_base='build', install_base='install', merge_install=False, symlink_install=False, test_result_base=None, continue_on_error=False, executor='parallel', parallel_workers=16, event_handlers=None, ignore_user_meta=False, metas=['./colcon.meta'], base_paths=['.'], packages_ignore=None, packages_ignore_regex=None, paths=None, packages_up_to=None, packages_up_to_regex=None, packages_above=None, packages_above_and_dependencies=None, packages_above_depth=None, packages_select_by_dep=None, packages_skip_by_dep=None, packages_skip_up_to=None, packages_select_build_failed=False, packages_skip_build_finished=False, packages_select_test_failures=False, packages_skip_test_passed=False, packages_select=None, packages_skip=None, packages_select_regex=None, packages_skip_regex=None, packages_start=None, packages_end=None, allow_overriding=[], cmake_args=None, cmake_target=None, cmake_target_skip_unavailable=False, cmake_clean_cache=False, cmake_clean_first=False, cmake_force_configure=False, ament_cmake_args=None, catkin_cmake_args=None, catkin_skip_building_tests=False, verb_parser=<colcon_defaults.argument_parser.defaults.DefaultArgumentsDecorator object at 0x728875517520>, verb_extension=<colcon_core.verb.build.BuildVerb object at 0x728875516500>, main=<bound method BuildVerb.main of <colcon_core.verb.build.BuildVerb object at 0x728875516500>>)
[3.911s] Level 1:colcon.colcon_core.package_discovery:discover_packages(colcon_meta) check parameters
[3.911s] Level 1:colcon.colcon_core.package_discovery:discover_packages(recursive) check parameters
[3.911s] Level 1:colcon.colcon_core.package_discovery:discover_packages(ignore) check parameters
[3.911s] Level 1:colcon.colcon_core.package_discovery:discover_packages(path) check parameters
[3.911s] Level 1:colcon.colcon_core.package_discovery:discover_packages(colcon_meta) discover
[3.911s] Level 1:colcon.colcon_core.package_discovery:discover_packages(recursive) discover
[3.911s] INFO:colcon.colcon_core.package_discovery:Crawling recursively for packages in '/home/scott/chapter8/learn_plugin'
[3.911s] Level 1:colcon.colcon_core.package_identification:_identify(.) by extensions ['ignore', 'ignore_ament_install']
[3.911s] Level 1:colcon.colcon_core.package_identification:_identify(.) by extension 'ignore'
[3.912s] Level 1:colcon.colcon_core.package_identification:_identify(.) by extension 'ignore_ament_install'
[3.912s] Level 1:colcon.colcon_core.package_identification:_identify(.) by extensions ['colcon_pkg']
[3.912s] Level 1:colcon.colcon_core.package_identification:_identify(.) by extension 'colcon_pkg'
[3.912s] Level 1:colcon.colcon_core.package_identification:_identify(.) by extensions ['colcon_meta']
[3.912s] Level 1:colcon.colcon_core.package_identification:_identify(.) by extension 'colcon_meta'
[3.912s] Level 1:colcon.colcon_core.package_identification:_identify(.) by extensions ['ros']
[3.912s] Level 1:colcon.colcon_core.package_identification:_identify(.) by extension 'ros'
[3.956s] Level 1:colcon.colcon_core.package_identification:_identify(.) by extensions ['cmake', 'python']
[3.956s] Level 1:colcon.colcon_core.package_identification:_identify(.) by extension 'cmake'
[3.956s] Level 1:colcon.colcon_core.package_identification:_identify(.) by extension 'python'
[3.956s] Level 1:colcon.colcon_core.package_identification:_identify(.) by extensions ['python_setup_py']
[3.956s] Level 1:colcon.colcon_core.package_identification:_identify(.) by extension 'python_setup_py'
[3.956s] Level 1:colcon.colcon_core.package_identification:_identify(build) by extensions ['ignore', 'ignore_ament_install']
[3.956s] Level 1:colcon.colcon_core.package_identification:_identify(build) by extension 'ignore'
[3.956s] Level 1:colcon.colcon_core.package_identification:_identify(build) ignored
[3.956s] Level 1:colcon.colcon_core.package_identification:_identify(install) by extensions ['ignore', 'ignore_ament_install']
[3.956s] Level 1:colcon.colcon_core.package_identification:_identify(install) by extension 'ignore'
[3.956s] Level 1:colcon.colcon_core.package_identification:_identify(install) ignored
[3.957s] Level 1:colcon.colcon_core.package_identification:_identify(log) by extensions ['ignore', 'ignore_ament_install']
[3.957s] Level 1:colcon.colcon_core.package_identification:_identify(log) by extension 'ignore'
[3.957s] Level 1:colcon.colcon_core.package_identification:_identify(log) ignored
[3.957s] Level 1:colcon.colcon_core.package_identification:_identify(src) by extensions ['ignore', 'ignore_ament_install']
[3.957s] Level 1:colcon.colcon_core.package_identification:_identify(src) by extension 'ignore'
[3.957s] Level 1:colcon.colcon_core.package_identification:_identify(src) by extension 'ignore_ament_install'
[3.957s] Level 1:colcon.colcon_core.package_identification:_identify(src) by extensions ['colcon_pkg']
[3.957s] Level 1:colcon.colcon_core.package_identification:_identify(src) by extension 'colcon_pkg'
[3.957s] Level 1:colcon.colcon_core.package_identification:_identify(src) by extensions ['colcon_meta']
[3.957s] Level 1:colcon.colcon_core.package_identification:_identify(src) by extension 'colcon_meta'
[3.957s] Level 1:colcon.colcon_core.package_identification:_identify(src) by extensions ['ros']
[3.957s] Level 1:colcon.colcon_core.package_identification:_identify(src) by extension 'ros'
[3.957s] Level 1:colcon.colcon_core.package_identification:_identify(src) by extensions ['cmake', 'python']
[3.957s] Level 1:colcon.colcon_core.package_identification:_identify(src) by extension 'cmake'
[3.957s] Level 1:colcon.colcon_core.package_identification:_identify(src) by extension 'python'
[3.957s] Level 1:colcon.colcon_core.package_identification:_identify(src) by extensions ['python_setup_py']
[3.957s] Level 1:colcon.colcon_core.package_identification:_identify(src) by extension 'python_setup_py'
[3.957s] Level 1:colcon.colcon_core.package_identification:_identify(src/motion_control_system) by extensions ['ignore', 'ignore_ament_install']
[3.957s] Level 1:colcon.colcon_core.package_identification:_identify(src/motion_control_system) by extension 'ignore'
[3.958s] Level 1:colcon.colcon_core.package_identification:_identify(src/motion_control_system) by extension 'ignore_ament_install'
[3.958s] Level 1:colcon.colcon_core.package_identification:_identify(src/motion_control_system) by extensions ['colcon_pkg']
[3.958s] Level 1:colcon.colcon_core.package_identification:_identify(src/motion_control_system) by extension 'colcon_pkg'
[3.958s] Level 1:colcon.colcon_core.package_identification:_identify(src/motion_control_system) by extensions ['colcon_meta']
[3.958s] Level 1:colcon.colcon_core.package_identification:_identify(src/motion_control_system) by extension 'colcon_meta'
[3.958s] Level 1:colcon.colcon_core.package_identification:_identify(src/motion_control_system) by extensions ['ros']
[3.958s] Level 1:colcon.colcon_core.package_identification:_identify(src/motion_control_system) by extension 'ros'
[3.960s] DEBUG:colcon.colcon_core.package_identification:Package 'src/motion_control_system' with type 'ros.ament_cmake' and name 'motion_control_system'
[3.960s] Level 1:colcon.colcon_core.package_discovery:discover_packages(recursive) using defaults
[3.960s] Level 1:colcon.colcon_core.package_discovery:discover_packages(ignore) discover
[3.960s] Level 1:colcon.colcon_core.package_discovery:discover_packages(ignore) using defaults
[3.960s] Level 1:colcon.colcon_core.package_discovery:discover_packages(path) discover
[3.960s] Level 1:colcon.colcon_core.package_discovery:discover_packages(path) using defaults
[4.437s] Level 1:colcon.colcon_core.package_discovery:discover_packages(prefix_path) check parameters
[4.438s] Level 1:colcon.colcon_core.package_discovery:discover_packages(prefix_path) discover
[4.753s] DEBUG:colcon.colcon_installed_package_information.package_discovery:Found 22 installed packages in /mnt/e/Dev_ws/install
[4.755s] DEBUG:colcon.colcon_installed_package_information.package_discovery:Found 374 installed packages in /opt/ros/humble
[4.757s] Level 1:colcon.colcon_core.package_discovery:discover_packages(prefix_path) using defaults
[5.020s] Level 5:colcon.colcon_core.verb:set package 'motion_control_system' build argument 'cmake_args' from command line to 'None'
[5.020s] Level 5:colcon.colcon_core.verb:set package 'motion_control_system' build argument 'cmake_target' from command line to 'None'
[5.020s] Level 5:colcon.colcon_core.verb:set package 'motion_control_system' build argument 'cmake_target_skip_unavailable' from command line to 'False'
[5.020s] Level 5:colcon.colcon_core.verb:set package 'motion_control_system' build argument 'cmake_clean_cache' from command line to 'False'
[5.020s] Level 5:colcon.colcon_core.verb:set package 'motion_control_system' build argument 'cmake_clean_first' from command line to 'False'
[5.020s] Level 5:colcon.colcon_core.verb:set package 'motion_control_system' build argument 'cmake_force_configure' from command line to 'False'
[5.020s] Level 5:colcon.colcon_core.verb:set package 'motion_control_system' build argument 'ament_cmake_args' from command line to 'None'
[5.020s] Level 5:colcon.colcon_core.verb:set package 'motion_control_system' build argument 'catkin_cmake_args' from command line to 'None'
[5.020s] Level 5:colcon.colcon_core.verb:set package 'motion_control_system' build argument 'catkin_skip_building_tests' from command line to 'False'
[5.020s] DEBUG:colcon.colcon_core.verb:Building package 'motion_control_system' with the following arguments: {'ament_cmake_args': None, 'build_base': '/home/scott/chapter8/learn_plugin/build/motion_control_system', 'catkin_cmake_args': None, 'catkin_skip_building_tests': False, 'cmake_args': None, 'cmake_clean_cache': False, 'cmake_clean_first': False, 'cmake_force_configure': False, 'cmake_target': None, 'cmake_target_skip_unavailable': False, 'install_base': '/home/scott/chapter8/learn_plugin/install/motion_control_system', 'merge_install': False, 'path': '/home/scott/chapter8/learn_plugin/src/motion_control_system', 'symlink_install': False, 'test_result_base': None}
[5.020s] INFO:colcon.colcon_core.executor:Executing jobs using 'parallel' executor
[5.021s] DEBUG:colcon.colcon_parallel_executor.executor.parallel:run_until_complete
[5.022s] INFO:colcon.colcon_ros.task.ament_cmake.build:Building ROS package in '/home/scott/chapter8/learn_plugin/src/motion_control_system' with build type 'ament_cmake'
[5.022s] INFO:colcon.colcon_cmake.task.cmake.build:Building CMake package in '/home/scott/chapter8/learn_plugin/src/motion_control_system'
[5.094s] INFO:colcon.colcon_core.plugin_system:Skipping extension 'colcon_core.shell.bat': Not used on non-Windows systems
[5.094s] INFO:colcon.colcon_core.shell:Skip shell extension 'powershell' for command environment: Not usable outside of PowerShell
[5.095s] DEBUG:colcon.colcon_core.shell:Skip shell extension 'dsv' for command environment
[5.511s] DEBUG:colcon.colcon_core.event_handler.log_command:Invoking command in '/home/scott/chapter8/learn_plugin/build/motion_control_system': CMAKE_PREFIX_PATH=${CMAKE_PREFIX_PATH}:/mnt/e/Dev_ws/install/learning_urdf:/mnt/e/Dev_ws/install/learning_topic:/mnt/e/Dev_ws/install/learning_tf:/mnt/e/Dev_ws/install/learning_service:/mnt/e/Dev_ws/install/learning_qos:/mnt/e/Dev_ws/install/learning_pkg_python:/mnt/e/Dev_ws/install/learning_parameter:/mnt/e/Dev_ws/install/learning_node:/mnt/e/Dev_ws/install/learning_launch:/mnt/e/Dev_ws/install/learning_action:/mnt/e/Dev_ws/install/learning_gazebo_harmonic:/mnt/e/Dev_ws/install/learning_gazebo:/mnt/e/Dev_ws/install/learning_cv:/mnt/e/Dev_ws/install/demo_python_pkg:/opt/ros/humble /usr/bin/cmake /home/scott/chapter8/learn_plugin/src/motion_control_system -DCMAKE_INSTALL_PREFIX=/home/scott/chapter8/learn_plugin/install/motion_control_system
[16.693s] DEBUG:colcon.colcon_core.event_handler.log_command:Invoked command in '/home/scott/chapter8/learn_plugin/build/motion_control_system' returned '0': CMAKE_PREFIX_PATH=${CMAKE_PREFIX_PATH}:/mnt/e/Dev_ws/install/learning_urdf:/mnt/e/Dev_ws/install/learning_topic:/mnt/e/Dev_ws/install/learning_tf:/mnt/e/Dev_ws/install/learning_service:/mnt/e/Dev_ws/install/learning_qos:/mnt/e/Dev_ws/install/learning_pkg_python:/mnt/e/Dev_ws/install/learning_parameter:/mnt/e/Dev_ws/install/learning_node:/mnt/e/Dev_ws/install/learning_launch:/mnt/e/Dev_ws/install/learning_action:/mnt/e/Dev_ws/install/learning_gazebo_harmonic:/mnt/e/Dev_ws/install/learning_gazebo:/mnt/e/Dev_ws/install/learning_cv:/mnt/e/Dev_ws/install/demo_python_pkg:/opt/ros/humble /usr/bin/cmake /home/scott/chapter8/learn_plugin/src/motion_control_system -DCMAKE_INSTALL_PREFIX=/home/scott/chapter8/learn_plugin/install/motion_control_system
[16.696s] DEBUG:colcon.colcon_core.event_handler.log_command:Invoking command in '/home/scott/chapter8/learn_plugin/build/motion_control_system': CMAKE_PREFIX_PATH=${CMAKE_PREFIX_PATH}:/mnt/e/Dev_ws/install/learning_urdf:/mnt/e/Dev_ws/install/learning_topic:/mnt/e/Dev_ws/install/learning_tf:/mnt/e/Dev_ws/install/learning_service:/mnt/e/Dev_ws/install/learning_qos:/mnt/e/Dev_ws/install/learning_pkg_python:/mnt/e/Dev_ws/install/learning_parameter:/mnt/e/Dev_ws/install/learning_node:/mnt/e/Dev_ws/install/learning_launch:/mnt/e/Dev_ws/install/learning_action:/mnt/e/Dev_ws/install/learning_gazebo_harmonic:/mnt/e/Dev_ws/install/learning_gazebo:/mnt/e/Dev_ws/install/learning_cv:/mnt/e/Dev_ws/install/demo_python_pkg:/opt/ros/humble /usr/bin/cmake --build /home/scott/chapter8/learn_plugin/build/motion_control_system -- -j16 -l16
[18.841s] DEBUG:colcon.colcon_core.event_handler.log_command:Invoked command in '/home/scott/chapter8/learn_plugin/build/motion_control_system' returned '0': CMAKE_PREFIX_PATH=${CMAKE_PREFIX_PATH}:/mnt/e/Dev_ws/install/learning_urdf:/mnt/e/Dev_ws/install/learning_topic:/mnt/e/Dev_ws/install/learning_tf:/mnt/e/Dev_ws/install/learning_service:/mnt/e/Dev_ws/install/learning_qos:/mnt/e/Dev_ws/install/learning_pkg_python:/mnt/e/Dev_ws/install/learning_parameter:/mnt/e/Dev_ws/install/learning_node:/mnt/e/Dev_ws/install/learning_launch:/mnt/e/Dev_ws/install/learning_action:/mnt/e/Dev_ws/install/learning_gazebo_harmonic:/mnt/e/Dev_ws/install/learning_gazebo:/mnt/e/Dev_ws/install/learning_cv:/mnt/e/Dev_ws/install/demo_python_pkg:/opt/ros/humble /usr/bin/cmake --build /home/scott/chapter8/learn_plugin/build/motion_control_system -- -j16 -l16
[18.963s] DEBUG:colcon.colcon_core.event_handler.log_command:Invoking command in '/home/scott/chapter8/learn_plugin/build/motion_control_system': CMAKE_PREFIX_PATH=${CMAKE_PREFIX_PATH}:/mnt/e/Dev_ws/install/learning_urdf:/mnt/e/Dev_ws/install/learning_topic:/mnt/e/Dev_ws/install/learning_tf:/mnt/e/Dev_ws/install/learning_service:/mnt/e/Dev_ws/install/learning_qos:/mnt/e/Dev_ws/install/learning_pkg_python:/mnt/e/Dev_ws/install/learning_parameter:/mnt/e/Dev_ws/install/learning_node:/mnt/e/Dev_ws/install/learning_launch:/mnt/e/Dev_ws/install/learning_action:/mnt/e/Dev_ws/install/learning_gazebo_harmonic:/mnt/e/Dev_ws/install/learning_gazebo:/mnt/e/Dev_ws/install/learning_cv:/mnt/e/Dev_ws/install/demo_python_pkg:/opt/ros/humble /usr/bin/cmake --install /home/scott/chapter8/learn_plugin/build/motion_control_system
[19.089s] Level 1:colcon.colcon_core.environment:create_environment_scripts_only(motion_control_system)
[19.090s] DEBUG:colcon.colcon_core.event_handler.log_command:Invoked command in '/home/scott/chapter8/learn_plugin/build/motion_control_system' returned '0': CMAKE_PREFIX_PATH=${CMAKE_PREFIX_PATH}:/mnt/e/Dev_ws/install/learning_urdf:/mnt/e/Dev_ws/install/learning_topic:/mnt/e/Dev_ws/install/learning_tf:/mnt/e/Dev_ws/install/learning_service:/mnt/e/Dev_ws/install/learning_qos:/mnt/e/Dev_ws/install/learning_pkg_python:/mnt/e/Dev_ws/install/learning_parameter:/mnt/e/Dev_ws/install/learning_node:/mnt/e/Dev_ws/install/learning_launch:/mnt/e/Dev_ws/install/learning_action:/mnt/e/Dev_ws/install/learning_gazebo_harmonic:/mnt/e/Dev_ws/install/learning_gazebo:/mnt/e/Dev_ws/install/learning_cv:/mnt/e/Dev_ws/install/demo_python_pkg:/opt/ros/humble /usr/bin/cmake --install /home/scott/chapter8/learn_plugin/build/motion_control_system
[23.308s] Level 1:colcon.colcon_core.environment:checking '/home/scott/chapter8/learn_plugin/install/motion_control_system' for CMake module files
[23.309s] Level 1:colcon.colcon_core.environment:checking '/home/scott/chapter8/learn_plugin/install/motion_control_system' for CMake config files
[23.309s] Level 1:colcon.colcon_core.shell:create_environment_hook('motion_control_system', 'cmake_prefix_path')
[23.309s] INFO:colcon.colcon_core.shell:Creating environment hook '/home/scott/chapter8/learn_plugin/install/motion_control_system/share/motion_control_system/hook/cmake_prefix_path.ps1'
[23.312s] INFO:colcon.colcon_core.shell:Creating environment descriptor '/home/scott/chapter8/learn_plugin/install/motion_control_system/share/motion_control_system/hook/cmake_prefix_path.dsv'
[23.312s] INFO:colcon.colcon_core.shell:Creating environment hook '/home/scott/chapter8/learn_plugin/install/motion_control_system/share/motion_control_system/hook/cmake_prefix_path.sh'
[23.313s] Level 1:colcon.colcon_core.environment:checking '/home/scott/chapter8/learn_plugin/install/motion_control_system/lib'
[23.313s] Level 1:colcon.colcon_core.shell:create_environment_hook('motion_control_system', 'ld_library_path_lib')
[23.314s] INFO:colcon.colcon_core.shell:Creating environment hook '/home/scott/chapter8/learn_plugin/install/motion_control_system/share/motion_control_system/hook/ld_library_path_lib.ps1'
[23.314s] INFO:colcon.colcon_core.shell:Creating environment descriptor '/home/scott/chapter8/learn_plugin/install/motion_control_system/share/motion_control_system/hook/ld_library_path_lib.dsv'
[23.314s] INFO:colcon.colcon_core.shell:Creating environment hook '/home/scott/chapter8/learn_plugin/install/motion_control_system/share/motion_control_system/hook/ld_library_path_lib.sh'
[23.315s] Level 1:colcon.colcon_core.environment:checking '/home/scott/chapter8/learn_plugin/install/motion_control_system/bin'
[23.315s] Level 1:colcon.colcon_core.environment:checking '/home/scott/chapter8/learn_plugin/install/motion_control_system/lib/pkgconfig/motion_control_system.pc'
[23.315s] Level 1:colcon.colcon_core.environment:checking '/home/scott/chapter8/learn_plugin/install/motion_control_system/lib/python3.10/site-packages'
[23.315s] Level 1:colcon.colcon_core.environment:checking '/home/scott/chapter8/learn_plugin/install/motion_control_system/bin'
[23.315s] INFO:colcon.colcon_core.shell:Creating package script '/home/scott/chapter8/learn_plugin/install/motion_control_system/share/motion_control_system/package.ps1'
[23.316s] INFO:colcon.colcon_core.shell:Creating package descriptor '/home/scott/chapter8/learn_plugin/install/motion_control_system/share/motion_control_system/package.dsv'
[23.317s] INFO:colcon.colcon_core.shell:Creating package script '/home/scott/chapter8/learn_plugin/install/motion_control_system/share/motion_control_system/package.sh'
[23.317s] INFO:colcon.colcon_core.shell:Creating package script '/home/scott/chapter8/learn_plugin/install/motion_control_system/share/motion_control_system/package.bash'
[23.318s] INFO:colcon.colcon_core.shell:Creating package script '/home/scott/chapter8/learn_plugin/install/motion_control_system/share/motion_control_system/package.zsh'
[23.319s] Level 1:colcon.colcon_core.environment:create_file_with_runtime_dependencies(/home/scott/chapter8/learn_plugin/install/motion_control_system/share/colcon-core/packages/motion_control_system)
[23.319s] Level 1:colcon.colcon_core.environment:create_environment_scripts_only(motion_control_system)
[23.320s] Level 1:colcon.colcon_core.environment:checking '/home/scott/chapter8/learn_plugin/install/motion_control_system' for CMake module files
[23.320s] Level 1:colcon.colcon_core.environment:checking '/home/scott/chapter8/learn_plugin/install/motion_control_system' for CMake config files
[23.320s] Level 1:colcon.colcon_core.shell:create_environment_hook('motion_control_system', 'cmake_prefix_path')
[23.321s] INFO:colcon.colcon_core.shell:Creating environment hook '/home/scott/chapter8/learn_plugin/install/motion_control_system/share/motion_control_system/hook/cmake_prefix_path.ps1'
[23.321s] INFO:colcon.colcon_core.shell:Creating environment descriptor '/home/scott/chapter8/learn_plugin/install/motion_control_system/share/motion_control_system/hook/cmake_prefix_path.dsv'
[23.322s] INFO:colcon.colcon_core.shell:Creating environment hook '/home/scott/chapter8/learn_plugin/install/motion_control_system/share/motion_control_system/hook/cmake_prefix_path.sh'
[23.322s] Level 1:colcon.colcon_core.environment:checking '/home/scott/chapter8/learn_plugin/install/motion_control_system/lib'
[23.323s] Level 1:colcon.colcon_core.shell:create_environment_hook('motion_control_system', 'ld_library_path_lib')
[23.323s] INFO:colcon.colcon_core.shell:Creating environment hook '/home/scott/chapter8/learn_plugin/install/motion_control_system/share/motion_control_system/hook/ld_library_path_lib.ps1'
[23.323s] INFO:colcon.colcon_core.shell:Creating environment descriptor '/home/scott/chapter8/learn_plugin/install/motion_control_system/share/motion_control_system/hook/ld_library_path_lib.dsv'
[23.324s] INFO:colcon.colcon_core.shell:Creating environment hook '/home/scott/chapter8/learn_plugin/install/motion_control_system/share/motion_control_system/hook/ld_library_path_lib.sh'
[23.324s] Level 1:colcon.colcon_core.environment:checking '/home/scott/chapter8/learn_plugin/install/motion_control_system/bin'
[23.324s] Level 1:colcon.colcon_core.environment:checking '/home/scott/chapter8/learn_plugin/install/motion_control_system/lib/pkgconfig/motion_control_system.pc'
[23.324s] Level 1:colcon.colcon_core.environment:checking '/home/scott/chapter8/learn_plugin/install/motion_control_system/lib/python3.10/site-packages'
[23.325s] Level 1:colcon.colcon_core.environment:checking '/home/scott/chapter8/learn_plugin/install/motion_control_system/bin'
[23.325s] INFO:colcon.colcon_core.shell:Creating package script '/home/scott/chapter8/learn_plugin/install/motion_control_system/share/motion_control_system/package.ps1'
[23.325s] INFO:colcon.colcon_core.shell:Creating package descriptor '/home/scott/chapter8/learn_plugin/install/motion_control_system/share/motion_control_system/package.dsv'
[23.326s] INFO:colcon.colcon_core.shell:Creating package script '/home/scott/chapter8/learn_plugin/install/motion_control_system/share/motion_control_system/package.sh'
[23.326s] INFO:colcon.colcon_core.shell:Creating package script '/home/scott/chapter8/learn_plugin/install/motion_control_system/share/motion_control_system/package.bash'
[23.327s] INFO:colcon.colcon_core.shell:Creating package script '/home/scott/chapter8/learn_plugin/install/motion_control_system/share/motion_control_system/package.zsh'
[23.327s] Level 1:colcon.colcon_core.environment:create_file_with_runtime_dependencies(/home/scott/chapter8/learn_plugin/install/motion_control_system/share/colcon-core/packages/motion_control_system)
[23.328s] DEBUG:colcon.colcon_parallel_executor.executor.parallel:closing loop
[23.328s] DEBUG:colcon.colcon_parallel_executor.executor.parallel:loop closed
[23.328s] DEBUG:colcon.colcon_parallel_executor.executor.parallel:run_until_complete finished with '0'
[23.328s] DEBUG:colcon.colcon_core.event_reactor:joining thread
[23.523s] INFO:colcon.colcon_core.plugin_system:Skipping extension 'colcon_notification.desktop_notification.notify_send': Could not find 'notify-send'
[23.523s] INFO:colcon.colcon_core.plugin_system:Skipping extension 'colcon_notification.desktop_notification.terminal_notifier': Not used on non-Darwin systems
[23.523s] INFO:colcon.colcon_core.plugin_system:Skipping extension 'colcon_notification.desktop_notification.win32': Not used on non-Windows systems
[23.523s] INFO:colcon.colcon_notification.desktop_notification:Sending desktop notification using 'notify2'
[23.525s] DEBUG:colcon.colcon_notification.desktop_notification.notify2:Failed to initialize notify2: org.freedesktop.DBus.Error.ServiceUnknown: The name org.freedesktop.Notifications was not provided by any .service files
[23.525s] DEBUG:colcon.colcon_core.event_reactor:joined thread
[23.526s] INFO:colcon.colcon_core.shell:Creating prefix script '/home/scott/chapter8/learn_plugin/install/local_setup.ps1'
[23.526s] INFO:colcon.colcon_core.shell:Creating prefix util module '/home/scott/chapter8/learn_plugin/install/_local_setup_util_ps1.py'
[23.528s] INFO:colcon.colcon_core.shell:Creating prefix chain script '/home/scott/chapter8/learn_plugin/install/setup.ps1'
[23.753s] INFO:colcon.colcon_core.shell:Creating prefix script '/home/scott/chapter8/learn_plugin/install/local_setup.sh'
[23.754s] INFO:colcon.colcon_core.shell:Creating prefix util module '/home/scott/chapter8/learn_plugin/install/_local_setup_util_sh.py'
[23.756s] INFO:colcon.colcon_core.shell:Creating prefix chain script '/home/scott/chapter8/learn_plugin/install/setup.sh'
[23.973s] INFO:colcon.colcon_core.shell:Creating prefix script '/home/scott/chapter8/learn_plugin/install/local_setup.bash'
[23.974s] INFO:colcon.colcon_core.shell:Creating prefix chain script '/home/scott/chapter8/learn_plugin/install/setup.bash'
[24.173s] INFO:colcon.colcon_core.shell:Creating prefix script '/home/scott/chapter8/learn_plugin/install/local_setup.zsh'
[24.173s] INFO:colcon.colcon_core.shell:Creating prefix chain script '/home/scott/chapter8/learn_plugin/install/setup.zsh'
