[0.489s] Invoking command in '/home/scott/chapter8/learn_plugin/build/motion_control_system': CMAKE_PREFIX_PATH=${CMAKE_PREFIX_PATH}:/mnt/e/Dev_ws/install/learning_urdf:/mnt/e/Dev_ws/install/learning_topic:/mnt/e/Dev_ws/install/learning_tf:/mnt/e/Dev_ws/install/learning_service:/mnt/e/Dev_ws/install/learning_qos:/mnt/e/Dev_ws/install/learning_pkg_python:/mnt/e/Dev_ws/install/learning_parameter:/mnt/e/Dev_ws/install/learning_node:/mnt/e/Dev_ws/install/learning_launch:/mnt/e/Dev_ws/install/learning_action:/mnt/e/Dev_ws/install/learning_gazebo_harmonic:/mnt/e/Dev_ws/install/learning_gazebo:/mnt/e/Dev_ws/install/learning_cv:/mnt/e/Dev_ws/install/demo_python_pkg:/opt/ros/humble /usr/bin/cmake /home/scott/chapter8/learn_plugin/src/motion_control_system -DCMAKE_INSTALL_PREFIX=/home/scott/chapter8/learn_plugin/install/motion_control_system
[0.721s] -- Found ament_cmake: 1.3.13 (/opt/ros/humble/share/ament_cmake/cmake)
[6.338s] -- Found pluginlib: 5.1.3 (/opt/ros/humble/share/pluginlib/cmake)
[9.245s] -- Found ament_lint_auto: 0.12.15 (/opt/ros/humble/share/ament_lint_auto/cmake)
[11.645s] -- Added test 'cppcheck' to perform static code analysis on C / C++ code
[11.645s] -- Configured cppcheck include dirs: /home/scott/chapter8/learn_plugin/src/motion_control_system/include
[11.645s] -- Configured cppcheck exclude dirs and/or files: 
[11.645s] -- Added test 'lint_cmake' to check CMake code style
[11.646s] -- Added test 'uncrustify' to check C / C++ code style
[11.646s] -- Configured uncrustify additional arguments: 
[11.647s] -- Added test 'xmllint' to check XML markup files
[11.648s] -- Configuring done
[11.661s] -- Generating done
[11.664s] -- Build files have been written to: /home/scott/chapter8/learn_plugin/build/motion_control_system
[11.672s] Invoked command in '/home/scott/chapter8/learn_plugin/build/motion_control_system' returned '0': CMAKE_PREFIX_PATH=${CMAKE_PREFIX_PATH}:/mnt/e/Dev_ws/install/learning_urdf:/mnt/e/Dev_ws/install/learning_topic:/mnt/e/Dev_ws/install/learning_tf:/mnt/e/Dev_ws/install/learning_service:/mnt/e/Dev_ws/install/learning_qos:/mnt/e/Dev_ws/install/learning_pkg_python:/mnt/e/Dev_ws/install/learning_parameter:/mnt/e/Dev_ws/install/learning_node:/mnt/e/Dev_ws/install/learning_launch:/mnt/e/Dev_ws/install/learning_action:/mnt/e/Dev_ws/install/learning_gazebo_harmonic:/mnt/e/Dev_ws/install/learning_gazebo:/mnt/e/Dev_ws/install/learning_cv:/mnt/e/Dev_ws/install/demo_python_pkg:/opt/ros/humble /usr/bin/cmake /home/scott/chapter8/learn_plugin/src/motion_control_system -DCMAKE_INSTALL_PREFIX=/home/scott/chapter8/learn_plugin/install/motion_control_system
[11.674s] Invoking command in '/home/scott/chapter8/learn_plugin/build/motion_control_system': CMAKE_PREFIX_PATH=${CMAKE_PREFIX_PATH}:/mnt/e/Dev_ws/install/learning_urdf:/mnt/e/Dev_ws/install/learning_topic:/mnt/e/Dev_ws/install/learning_tf:/mnt/e/Dev_ws/install/learning_service:/mnt/e/Dev_ws/install/learning_qos:/mnt/e/Dev_ws/install/learning_pkg_python:/mnt/e/Dev_ws/install/learning_parameter:/mnt/e/Dev_ws/install/learning_node:/mnt/e/Dev_ws/install/learning_launch:/mnt/e/Dev_ws/install/learning_action:/mnt/e/Dev_ws/install/learning_gazebo_harmonic:/mnt/e/Dev_ws/install/learning_gazebo:/mnt/e/Dev_ws/install/learning_cv:/mnt/e/Dev_ws/install/demo_python_pkg:/opt/ros/humble /usr/bin/cmake --build /home/scott/chapter8/learn_plugin/build/motion_control_system -- -j16 -l16
[12.462s] [ 50%] [32mBuilding CXX object CMakeFiles/spin_motion_controller.dir/src/spin_motion_controller.cpp.o[0m
[13.265s] [100%] [32m[1mLinking CXX shared library libspin_motion_controller.so[0m
[13.700s] [100%] Built target spin_motion_controller
[13.819s] Invoked command in '/home/scott/chapter8/learn_plugin/build/motion_control_system' returned '0': CMAKE_PREFIX_PATH=${CMAKE_PREFIX_PATH}:/mnt/e/Dev_ws/install/learning_urdf:/mnt/e/Dev_ws/install/learning_topic:/mnt/e/Dev_ws/install/learning_tf:/mnt/e/Dev_ws/install/learning_service:/mnt/e/Dev_ws/install/learning_qos:/mnt/e/Dev_ws/install/learning_pkg_python:/mnt/e/Dev_ws/install/learning_parameter:/mnt/e/Dev_ws/install/learning_node:/mnt/e/Dev_ws/install/learning_launch:/mnt/e/Dev_ws/install/learning_action:/mnt/e/Dev_ws/install/learning_gazebo_harmonic:/mnt/e/Dev_ws/install/learning_gazebo:/mnt/e/Dev_ws/install/learning_cv:/mnt/e/Dev_ws/install/demo_python_pkg:/opt/ros/humble /usr/bin/cmake --build /home/scott/chapter8/learn_plugin/build/motion_control_system -- -j16 -l16
[13.941s] Invoking command in '/home/scott/chapter8/learn_plugin/build/motion_control_system': CMAKE_PREFIX_PATH=${CMAKE_PREFIX_PATH}:/mnt/e/Dev_ws/install/learning_urdf:/mnt/e/Dev_ws/install/learning_topic:/mnt/e/Dev_ws/install/learning_tf:/mnt/e/Dev_ws/install/learning_service:/mnt/e/Dev_ws/install/learning_qos:/mnt/e/Dev_ws/install/learning_pkg_python:/mnt/e/Dev_ws/install/learning_parameter:/mnt/e/Dev_ws/install/learning_node:/mnt/e/Dev_ws/install/learning_launch:/mnt/e/Dev_ws/install/learning_action:/mnt/e/Dev_ws/install/learning_gazebo_harmonic:/mnt/e/Dev_ws/install/learning_gazebo:/mnt/e/Dev_ws/install/learning_cv:/mnt/e/Dev_ws/install/demo_python_pkg:/opt/ros/humble /usr/bin/cmake --install /home/scott/chapter8/learn_plugin/build/motion_control_system
[14.054s] -- Install configuration: ""
[14.054s] -- Installing: /home/scott/chapter8/learn_plugin/install/motion_control_system/lib/libspin_motion_controller.so
[14.055s] -- Set runtime path of "/home/scott/chapter8/learn_plugin/install/motion_control_system/lib/libspin_motion_controller.so" to ""
[14.055s] -- Installing: /home/scott/chapter8/learn_plugin/install/motion_control_system/include/
[14.056s] -- Installing: /home/scott/chapter8/learn_plugin/install/motion_control_system/include//motion_control_system
[14.056s] -- Installing: /home/scott/chapter8/learn_plugin/install/motion_control_system/include//motion_control_system/spin_motion_controller.hpp
[14.056s] -- Installing: /home/scott/chapter8/learn_plugin/install/motion_control_system/include//motion_control_system/motion_control_interface.hpp
[14.057s] -- Installing: /home/scott/chapter8/learn_plugin/install/motion_control_system/share/motion_control_system/spin_motion_plugins.xml
[14.059s] -- Installing: /home/scott/chapter8/learn_plugin/install/motion_control_system/share/ament_index/resource_index/package_run_dependencies/motion_control_system
[14.059s] -- Installing: /home/scott/chapter8/learn_plugin/install/motion_control_system/share/ament_index/resource_index/parent_prefix_path/motion_control_system
[14.060s] -- Installing: /home/scott/chapter8/learn_plugin/install/motion_control_system/share/motion_control_system/environment/ament_prefix_path.sh
[14.060s] -- Installing: /home/scott/chapter8/learn_plugin/install/motion_control_system/share/motion_control_system/environment/ament_prefix_path.dsv
[14.060s] -- Installing: /home/scott/chapter8/learn_plugin/install/motion_control_system/share/motion_control_system/environment/path.sh
[14.061s] -- Installing: /home/scott/chapter8/learn_plugin/install/motion_control_system/share/motion_control_system/environment/path.dsv
[14.061s] -- Installing: /home/scott/chapter8/learn_plugin/install/motion_control_system/share/motion_control_system/local_setup.bash
[14.061s] -- Installing: /home/scott/chapter8/learn_plugin/install/motion_control_system/share/motion_control_system/local_setup.sh
[14.061s] -- Installing: /home/scott/chapter8/learn_plugin/install/motion_control_system/share/motion_control_system/local_setup.zsh
[14.062s] -- Installing: /home/scott/chapter8/learn_plugin/install/motion_control_system/share/motion_control_system/local_setup.dsv
[14.062s] -- Installing: /home/scott/chapter8/learn_plugin/install/motion_control_system/share/motion_control_system/package.dsv
[14.063s] -- Installing: /home/scott/chapter8/learn_plugin/install/motion_control_system/share/ament_index/resource_index/packages/motion_control_system
[14.063s] -- Installing: /home/scott/chapter8/learn_plugin/install/motion_control_system/share/ament_index/resource_index/motion_control_system__pluginlib__plugin/motion_control_system
[14.064s] -- Installing: /home/scott/chapter8/learn_plugin/install/motion_control_system/share/motion_control_system/cmake/motion_control_systemConfig.cmake
[14.064s] -- Installing: /home/scott/chapter8/learn_plugin/install/motion_control_system/share/motion_control_system/cmake/motion_control_systemConfig-version.cmake
[14.064s] -- Installing: /home/scott/chapter8/learn_plugin/install/motion_control_system/share/motion_control_system/package.xml
[14.068s] Invoked command in '/home/scott/chapter8/learn_plugin/build/motion_control_system' returned '0': CMAKE_PREFIX_PATH=${CMAKE_PREFIX_PATH}:/mnt/e/Dev_ws/install/learning_urdf:/mnt/e/Dev_ws/install/learning_topic:/mnt/e/Dev_ws/install/learning_tf:/mnt/e/Dev_ws/install/learning_service:/mnt/e/Dev_ws/install/learning_qos:/mnt/e/Dev_ws/install/learning_pkg_python:/mnt/e/Dev_ws/install/learning_parameter:/mnt/e/Dev_ws/install/learning_node:/mnt/e/Dev_ws/install/learning_launch:/mnt/e/Dev_ws/install/learning_action:/mnt/e/Dev_ws/install/learning_gazebo_harmonic:/mnt/e/Dev_ws/install/learning_gazebo:/mnt/e/Dev_ws/install/learning_cv:/mnt/e/Dev_ws/install/demo_python_pkg:/opt/ros/humble /usr/bin/cmake --install /home/scott/chapter8/learn_plugin/build/motion_control_system
