[0.525s] Invoking command in '/home/scott/chapter8/learn_plugin/build/motion_control_system': CMAKE_PREFIX_PATH=${CMAKE_PREFIX_PATH}:/mnt/e/Dev_ws/install/learning_urdf:/mnt/e/Dev_ws/install/learning_topic:/mnt/e/Dev_ws/install/learning_tf:/mnt/e/Dev_ws/install/learning_service:/mnt/e/Dev_ws/install/learning_qos:/mnt/e/Dev_ws/install/learning_pkg_python:/mnt/e/Dev_ws/install/learning_parameter:/mnt/e/Dev_ws/install/learning_node:/mnt/e/Dev_ws/install/learning_launch:/mnt/e/Dev_ws/install/learning_action:/mnt/e/Dev_ws/install/learning_gazebo_harmonic:/mnt/e/Dev_ws/install/learning_gazebo:/mnt/e/Dev_ws/install/learning_cv:/mnt/e/Dev_ws/install/demo_python_pkg:/opt/ros/humble /usr/bin/cmake --build /home/scott/chapter8/learn_plugin/build/motion_control_system -- -j16 -l16
[1.230s] [35m[1mConsolidate compiler generated dependencies of target test_plugin[0m
[1.284s] [ 50%] Built target spin_motion_controller
[1.294s] [100%] Built target test_plugin
[1.418s] Invoked command in '/home/scott/chapter8/learn_plugin/build/motion_control_system' returned '0': CMAKE_PREFIX_PATH=${CMAKE_PREFIX_PATH}:/mnt/e/Dev_ws/install/learning_urdf:/mnt/e/Dev_ws/install/learning_topic:/mnt/e/Dev_ws/install/learning_tf:/mnt/e/Dev_ws/install/learning_service:/mnt/e/Dev_ws/install/learning_qos:/mnt/e/Dev_ws/install/learning_pkg_python:/mnt/e/Dev_ws/install/learning_parameter:/mnt/e/Dev_ws/install/learning_node:/mnt/e/Dev_ws/install/learning_launch:/mnt/e/Dev_ws/install/learning_action:/mnt/e/Dev_ws/install/learning_gazebo_harmonic:/mnt/e/Dev_ws/install/learning_gazebo:/mnt/e/Dev_ws/install/learning_cv:/mnt/e/Dev_ws/install/demo_python_pkg:/opt/ros/humble /usr/bin/cmake --build /home/scott/chapter8/learn_plugin/build/motion_control_system -- -j16 -l16
[1.540s] Invoking command in '/home/scott/chapter8/learn_plugin/build/motion_control_system': CMAKE_PREFIX_PATH=${CMAKE_PREFIX_PATH}:/mnt/e/Dev_ws/install/learning_urdf:/mnt/e/Dev_ws/install/learning_topic:/mnt/e/Dev_ws/install/learning_tf:/mnt/e/Dev_ws/install/learning_service:/mnt/e/Dev_ws/install/learning_qos:/mnt/e/Dev_ws/install/learning_pkg_python:/mnt/e/Dev_ws/install/learning_parameter:/mnt/e/Dev_ws/install/learning_node:/mnt/e/Dev_ws/install/learning_launch:/mnt/e/Dev_ws/install/learning_action:/mnt/e/Dev_ws/install/learning_gazebo_harmonic:/mnt/e/Dev_ws/install/learning_gazebo:/mnt/e/Dev_ws/install/learning_cv:/mnt/e/Dev_ws/install/demo_python_pkg:/opt/ros/humble /usr/bin/cmake --install /home/scott/chapter8/learn_plugin/build/motion_control_system
[1.637s] -- Install configuration: ""
[1.637s] -- Up-to-date: /home/scott/chapter8/learn_plugin/install/motion_control_system/lib/motion_control_system/test_plugin
[1.638s] -- Up-to-date: /home/scott/chapter8/learn_plugin/install/motion_control_system/lib/libspin_motion_controller.so
[1.639s] -- Up-to-date: /home/scott/chapter8/learn_plugin/install/motion_control_system/include/
[1.639s] -- Up-to-date: /home/scott/chapter8/learn_plugin/install/motion_control_system/include//motion_control_system
[1.639s] -- Up-to-date: /home/scott/chapter8/learn_plugin/install/motion_control_system/include//motion_control_system/spin_motion_controller.hpp
[1.639s] -- Up-to-date: /home/scott/chapter8/learn_plugin/install/motion_control_system/include//motion_control_system/motion_control_interface.hpp
[1.639s] -- Installing: /home/scott/chapter8/learn_plugin/install/motion_control_system/share/motion_control_system/spin_motion_plugins.xml
[1.639s] -- Up-to-date: /home/scott/chapter8/learn_plugin/install/motion_control_system/share/ament_index/resource_index/package_run_dependencies/motion_control_system
[1.640s] -- Up-to-date: /home/scott/chapter8/learn_plugin/install/motion_control_system/share/ament_index/resource_index/parent_prefix_path/motion_control_system
[1.640s] -- Up-to-date: /home/scott/chapter8/learn_plugin/install/motion_control_system/share/motion_control_system/environment/ament_prefix_path.sh
[1.640s] -- Up-to-date: /home/scott/chapter8/learn_plugin/install/motion_control_system/share/motion_control_system/environment/ament_prefix_path.dsv
[1.640s] -- Up-to-date: /home/scott/chapter8/learn_plugin/install/motion_control_system/share/motion_control_system/environment/path.sh
[1.640s] -- Up-to-date: /home/scott/chapter8/learn_plugin/install/motion_control_system/share/motion_control_system/environment/path.dsv
[1.640s] -- Up-to-date: /home/scott/chapter8/learn_plugin/install/motion_control_system/share/motion_control_system/local_setup.bash
[1.640s] -- Up-to-date: /home/scott/chapter8/learn_plugin/install/motion_control_system/share/motion_control_system/local_setup.sh
[1.640s] -- Up-to-date: /home/scott/chapter8/learn_plugin/install/motion_control_system/share/motion_control_system/local_setup.zsh
[1.640s] -- Up-to-date: /home/scott/chapter8/learn_plugin/install/motion_control_system/share/motion_control_system/local_setup.dsv
[1.640s] -- Installing: /home/scott/chapter8/learn_plugin/install/motion_control_system/share/motion_control_system/package.dsv
[1.641s] -- Up-to-date: /home/scott/chapter8/learn_plugin/install/motion_control_system/share/ament_index/resource_index/packages/motion_control_system
[1.641s] -- Up-to-date: /home/scott/chapter8/learn_plugin/install/motion_control_system/share/ament_index/resource_index/motion_control_system__pluginlib__plugin/motion_control_system
[1.641s] -- Up-to-date: /home/scott/chapter8/learn_plugin/install/motion_control_system/share/motion_control_system/cmake/motion_control_systemConfig.cmake
[1.641s] -- Up-to-date: /home/scott/chapter8/learn_plugin/install/motion_control_system/share/motion_control_system/cmake/motion_control_systemConfig-version.cmake
[1.641s] -- Up-to-date: /home/scott/chapter8/learn_plugin/install/motion_control_system/share/motion_control_system/package.xml
[1.644s] Invoked command in '/home/scott/chapter8/learn_plugin/build/motion_control_system' returned '0': CMAKE_PREFIX_PATH=${CMAKE_PREFIX_PATH}:/mnt/e/Dev_ws/install/learning_urdf:/mnt/e/Dev_ws/install/learning_topic:/mnt/e/Dev_ws/install/learning_tf:/mnt/e/Dev_ws/install/learning_service:/mnt/e/Dev_ws/install/learning_qos:/mnt/e/Dev_ws/install/learning_pkg_python:/mnt/e/Dev_ws/install/learning_parameter:/mnt/e/Dev_ws/install/learning_node:/mnt/e/Dev_ws/install/learning_launch:/mnt/e/Dev_ws/install/learning_action:/mnt/e/Dev_ws/install/learning_gazebo_harmonic:/mnt/e/Dev_ws/install/learning_gazebo:/mnt/e/Dev_ws/install/learning_cv:/mnt/e/Dev_ws/install/demo_python_pkg:/opt/ros/humble /usr/bin/cmake --install /home/scott/chapter8/learn_plugin/build/motion_control_system
