[12.600s] Invoking command in '/home/scott/chapter8/chapter8_ws/build/fishbot_navigation2': CMAKE_PREFIX_PATH=${CMAKE_PREFIX_PATH}:/mnt/e/Dev_ws/install/learning_urdf:/mnt/e/Dev_ws/install/learning_topic:/mnt/e/Dev_ws/install/learning_tf:/mnt/e/Dev_ws/install/learning_service:/mnt/e/Dev_ws/install/learning_qos:/mnt/e/Dev_ws/install/learning_pkg_python:/mnt/e/Dev_ws/install/learning_parameter:/mnt/e/Dev_ws/install/learning_node:/mnt/e/Dev_ws/install/learning_launch:/mnt/e/Dev_ws/install/learning_action:/mnt/e/Dev_ws/install/learning_gazebo_harmonic:/mnt/e/Dev_ws/install/learning_gazebo:/mnt/e/Dev_ws/install/learning_cv:/mnt/e/Dev_ws/install/demo_python_pkg:/opt/ros/humble /usr/bin/cmake /home/scott/chapter8/chapter8_ws/src/fishbot_navigation2 -DCMAKE_INSTALL_PREFIX=/home/scott/chapter8/chapter8_ws/install/fishbot_navigation2
[12.647s] -- Found ament_cmake: 1.3.13 (/opt/ros/humble/share/ament_cmake/cmake)
[17.891s] -- Found ament_lint_auto: 0.12.15 (/opt/ros/humble/share/ament_lint_auto/cmake)
[20.461s] -- Added test 'flake8' to check Python code syntax and style conventions
[20.462s] -- Added test 'lint_cmake' to check CMake code style
[20.462s] -- Added test 'pep257' to check Python code against some of the docstring style conventions in PEP 257
[20.464s] -- Added test 'xmllint' to check XML markup files
[20.466s] -- Configuring done
[20.472s] -- Generating done
[20.475s] -- Build files have been written to: /home/scott/chapter8/chapter8_ws/build/fishbot_navigation2
[20.480s] Invoked command in '/home/scott/chapter8/chapter8_ws/build/fishbot_navigation2' returned '0': CMAKE_PREFIX_PATH=${CMAKE_PREFIX_PATH}:/mnt/e/Dev_ws/install/learning_urdf:/mnt/e/Dev_ws/install/learning_topic:/mnt/e/Dev_ws/install/learning_tf:/mnt/e/Dev_ws/install/learning_service:/mnt/e/Dev_ws/install/learning_qos:/mnt/e/Dev_ws/install/learning_pkg_python:/mnt/e/Dev_ws/install/learning_parameter:/mnt/e/Dev_ws/install/learning_node:/mnt/e/Dev_ws/install/learning_launch:/mnt/e/Dev_ws/install/learning_action:/mnt/e/Dev_ws/install/learning_gazebo_harmonic:/mnt/e/Dev_ws/install/learning_gazebo:/mnt/e/Dev_ws/install/learning_cv:/mnt/e/Dev_ws/install/demo_python_pkg:/opt/ros/humble /usr/bin/cmake /home/scott/chapter8/chapter8_ws/src/fishbot_navigation2 -DCMAKE_INSTALL_PREFIX=/home/scott/chapter8/chapter8_ws/install/fishbot_navigation2
[20.482s] Invoking command in '/home/scott/chapter8/chapter8_ws/build/fishbot_navigation2': CMAKE_PREFIX_PATH=${CMAKE_PREFIX_PATH}:/mnt/e/Dev_ws/install/learning_urdf:/mnt/e/Dev_ws/install/learning_topic:/mnt/e/Dev_ws/install/learning_tf:/mnt/e/Dev_ws/install/learning_service:/mnt/e/Dev_ws/install/learning_qos:/mnt/e/Dev_ws/install/learning_pkg_python:/mnt/e/Dev_ws/install/learning_parameter:/mnt/e/Dev_ws/install/learning_node:/mnt/e/Dev_ws/install/learning_launch:/mnt/e/Dev_ws/install/learning_action:/mnt/e/Dev_ws/install/learning_gazebo_harmonic:/mnt/e/Dev_ws/install/learning_gazebo:/mnt/e/Dev_ws/install/learning_cv:/mnt/e/Dev_ws/install/demo_python_pkg:/opt/ros/humble /usr/bin/cmake --build /home/scott/chapter8/chapter8_ws/build/fishbot_navigation2 -- -j16 -l16
[20.797s] Invoked command in '/home/scott/chapter8/chapter8_ws/build/fishbot_navigation2' returned '0': CMAKE_PREFIX_PATH=${CMAKE_PREFIX_PATH}:/mnt/e/Dev_ws/install/learning_urdf:/mnt/e/Dev_ws/install/learning_topic:/mnt/e/Dev_ws/install/learning_tf:/mnt/e/Dev_ws/install/learning_service:/mnt/e/Dev_ws/install/learning_qos:/mnt/e/Dev_ws/install/learning_pkg_python:/mnt/e/Dev_ws/install/learning_parameter:/mnt/e/Dev_ws/install/learning_node:/mnt/e/Dev_ws/install/learning_launch:/mnt/e/Dev_ws/install/learning_action:/mnt/e/Dev_ws/install/learning_gazebo_harmonic:/mnt/e/Dev_ws/install/learning_gazebo:/mnt/e/Dev_ws/install/learning_cv:/mnt/e/Dev_ws/install/demo_python_pkg:/opt/ros/humble /usr/bin/cmake --build /home/scott/chapter8/chapter8_ws/build/fishbot_navigation2 -- -j16 -l16
[20.800s] Invoking command in '/home/scott/chapter8/chapter8_ws/build/fishbot_navigation2': CMAKE_PREFIX_PATH=${CMAKE_PREFIX_PATH}:/mnt/e/Dev_ws/install/learning_urdf:/mnt/e/Dev_ws/install/learning_topic:/mnt/e/Dev_ws/install/learning_tf:/mnt/e/Dev_ws/install/learning_service:/mnt/e/Dev_ws/install/learning_qos:/mnt/e/Dev_ws/install/learning_pkg_python:/mnt/e/Dev_ws/install/learning_parameter:/mnt/e/Dev_ws/install/learning_node:/mnt/e/Dev_ws/install/learning_launch:/mnt/e/Dev_ws/install/learning_action:/mnt/e/Dev_ws/install/learning_gazebo_harmonic:/mnt/e/Dev_ws/install/learning_gazebo:/mnt/e/Dev_ws/install/learning_cv:/mnt/e/Dev_ws/install/demo_python_pkg:/opt/ros/humble /usr/bin/cmake --install /home/scott/chapter8/chapter8_ws/build/fishbot_navigation2
[20.900s] -- Install configuration: ""
[20.900s] -- Up-to-date: /home/scott/chapter8/chapter8_ws/install/fishbot_navigation2/share/fishbot_navigation2/launch
[20.900s] -- Up-to-date: /home/scott/chapter8/chapter8_ws/install/fishbot_navigation2/share/fishbot_navigation2/launch/myonline_async_launch.py:Zone.Identifier
[20.900s] -- Up-to-date: /home/scott/chapter8/chapter8_ws/install/fishbot_navigation2/share/fishbot_navigation2/launch/myonline_sync_launch.py:Zone.Identifier
[20.900s] -- Up-to-date: /home/scott/chapter8/chapter8_ws/install/fishbot_navigation2/share/fishbot_navigation2/launch/navigation2.launch.py
[20.901s] -- Up-to-date: /home/scott/chapter8/chapter8_ws/install/fishbot_navigation2/share/fishbot_navigation2/launch/myonline_sync_launch.py
[20.901s] -- Up-to-date: /home/scott/chapter8/chapter8_ws/install/fishbot_navigation2/share/fishbot_navigation2/launch/navigation2.launch.py:Zone.Identifier
[20.901s] -- Up-to-date: /home/scott/chapter8/chapter8_ws/install/fishbot_navigation2/share/fishbot_navigation2/launch/myonline_async_launch.py
[20.901s] -- Up-to-date: /home/scott/chapter8/chapter8_ws/install/fishbot_navigation2/share/fishbot_navigation2/config
[20.901s] -- Up-to-date: /home/scott/chapter8/chapter8_ws/install/fishbot_navigation2/share/fishbot_navigation2/config/nav2_params.yaml:Zone.Identifier
[20.901s] -- Up-to-date: /home/scott/chapter8/chapter8_ws/install/fishbot_navigation2/share/fishbot_navigation2/config/mapper_params_online_async.yaml:Zone.Identifier
[20.901s] -- Up-to-date: /home/scott/chapter8/chapter8_ws/install/fishbot_navigation2/share/fishbot_navigation2/config/nav2_params.yaml
[20.902s] -- Up-to-date: /home/scott/chapter8/chapter8_ws/install/fishbot_navigation2/share/fishbot_navigation2/config/mapper_params_online_async.yaml
[20.902s] -- Up-to-date: /home/scott/chapter8/chapter8_ws/install/fishbot_navigation2/share/fishbot_navigation2/config/mapper_params_online_async.yaml:Zone.Identifier:Zone.Identifier
[20.902s] -- Up-to-date: /home/scott/chapter8/chapter8_ws/install/fishbot_navigation2/share/fishbot_navigation2/maps
[20.902s] -- Up-to-date: /home/scott/chapter8/chapter8_ws/install/fishbot_navigation2/share/fishbot_navigation2/maps/room.pgm:Zone.Identifier
[20.902s] -- Up-to-date: /home/scott/chapter8/chapter8_ws/install/fishbot_navigation2/share/fishbot_navigation2/maps/logs
[20.902s] -- Up-to-date: /home/scott/chapter8/chapter8_ws/install/fishbot_navigation2/share/fishbot_navigation2/maps/room.pgm
[20.902s] -- Up-to-date: /home/scott/chapter8/chapter8_ws/install/fishbot_navigation2/share/fishbot_navigation2/maps/room.yaml:Zone.Identifier
[20.903s] -- Up-to-date: /home/scott/chapter8/chapter8_ws/install/fishbot_navigation2/share/fishbot_navigation2/maps/room.yaml
[20.903s] -- Up-to-date: /home/scott/chapter8/chapter8_ws/install/fishbot_navigation2/share/ament_index/resource_index/package_run_dependencies/fishbot_navigation2
[20.903s] -- Up-to-date: /home/scott/chapter8/chapter8_ws/install/fishbot_navigation2/share/ament_index/resource_index/parent_prefix_path/fishbot_navigation2
[20.903s] -- Up-to-date: /home/scott/chapter8/chapter8_ws/install/fishbot_navigation2/share/fishbot_navigation2/environment/ament_prefix_path.sh
[20.903s] -- Installing: /home/scott/chapter8/chapter8_ws/install/fishbot_navigation2/share/fishbot_navigation2/environment/ament_prefix_path.dsv
[20.903s] -- Up-to-date: /home/scott/chapter8/chapter8_ws/install/fishbot_navigation2/share/fishbot_navigation2/environment/path.sh
[20.903s] -- Installing: /home/scott/chapter8/chapter8_ws/install/fishbot_navigation2/share/fishbot_navigation2/environment/path.dsv
[20.903s] -- Up-to-date: /home/scott/chapter8/chapter8_ws/install/fishbot_navigation2/share/fishbot_navigation2/local_setup.bash
[20.903s] -- Up-to-date: /home/scott/chapter8/chapter8_ws/install/fishbot_navigation2/share/fishbot_navigation2/local_setup.sh
[20.903s] -- Up-to-date: /home/scott/chapter8/chapter8_ws/install/fishbot_navigation2/share/fishbot_navigation2/local_setup.zsh
[20.904s] -- Installing: /home/scott/chapter8/chapter8_ws/install/fishbot_navigation2/share/fishbot_navigation2/local_setup.dsv
[20.904s] -- Installing: /home/scott/chapter8/chapter8_ws/install/fishbot_navigation2/share/fishbot_navigation2/package.dsv
[20.904s] -- Up-to-date: /home/scott/chapter8/chapter8_ws/install/fishbot_navigation2/share/ament_index/resource_index/packages/fishbot_navigation2
[20.904s] -- Up-to-date: /home/scott/chapter8/chapter8_ws/install/fishbot_navigation2/share/fishbot_navigation2/cmake/fishbot_navigation2Config.cmake
[20.904s] -- Up-to-date: /home/scott/chapter8/chapter8_ws/install/fishbot_navigation2/share/fishbot_navigation2/cmake/fishbot_navigation2Config-version.cmake
[20.904s] -- Up-to-date: /home/scott/chapter8/chapter8_ws/install/fishbot_navigation2/share/fishbot_navigation2/package.xml
[20.906s] Invoked command in '/home/scott/chapter8/chapter8_ws/build/fishbot_navigation2' returned '0': CMAKE_PREFIX_PATH=${CMAKE_PREFIX_PATH}:/mnt/e/Dev_ws/install/learning_urdf:/mnt/e/Dev_ws/install/learning_topic:/mnt/e/Dev_ws/install/learning_tf:/mnt/e/Dev_ws/install/learning_service:/mnt/e/Dev_ws/install/learning_qos:/mnt/e/Dev_ws/install/learning_pkg_python:/mnt/e/Dev_ws/install/learning_parameter:/mnt/e/Dev_ws/install/learning_node:/mnt/e/Dev_ws/install/learning_launch:/mnt/e/Dev_ws/install/learning_action:/mnt/e/Dev_ws/install/learning_gazebo_harmonic:/mnt/e/Dev_ws/install/learning_gazebo:/mnt/e/Dev_ws/install/learning_cv:/mnt/e/Dev_ws/install/demo_python_pkg:/opt/ros/humble /usr/bin/cmake --install /home/scott/chapter8/chapter8_ws/build/fishbot_navigation2
